4.4079999923706055
3.128999948501587
4.982999801635742
3.9110000133514404
10.357999801635742
10.213000297546387
5.61899995803833
6.567999839782715
9.82800006866455
8.96500015258789
7.063000202178955
7.485000133514404
11.711999893188477
6.480999946594238
5.264999866485596
8.77400016784668
6.2179999351501465
8.265000343322754
5.815000057220459
7.466000080108643
7.540999889373779
7.01800012588501
7.5960001945495605
1.968999981880188
5.948999881744385
5.901000022888184
7.704999923706055
5.765999794006348
7.61899995803833
6.051000118255615
5.583000183105469
7.283999919891357
6.599999904632568
6.761000156402588
2.424999952316284
4.796000003814697
5.1620001792907715
9.380000114440918
6.765999794006348
6.63100004196167
6.008999824523926
9.831000328063965
8.9399995803833
4.438000202178955
7.494999885559082
6.383999824523926
5.5
6.982999801635742
4.298999786376953
8.487000465393066
7.256999969482422
5.669000148773193
4.617000102996826
6.5879998207092285
6.664000034332275
7.164999961853027
8.859000205993652
7.739999771118164
9.965999603271484
7.164000034332275
6.3460001945495605
6.401000022888184
8.52299976348877
9.425000190734863
6.553999900817871
2.937000036239624
8.57699966430664
8.623000144958496
6.7829999923706055
6.986000061035156
5.771999835968018
6.123000144958496
5.190999984741211
6.1020002365112305
7.171000003814697
6.738999843597412
6.638000011444092
8.211999893188477
7.840000152587891
6.355999946594238
8.564000129699707
5.942999839782715
8.560999870300293
4.65500020980835
8.0600004196167
6.5289998054504395
7.494999885559082
7.507999897003174
8.105999946594238
6.204999923706055
5.958000183105469
7.5980000495910645
6.46999979019165
7.2820000648498535
7.058000087738037
6.2170000076293945
6.413000106811523
6.547999858856201
7.205999851226807
7.321000099182129
3.4730000495910645
7.186999797821045
7.182000160217285
3.681999921798706
6.258999824523926
4.756999969482422
7.140999794006348
5.8420000076293945
8.684000015258789
9.032999992370605
8.967000007629395
7.02400016784668
7.116000175476074
6.372000217437744
4.99399995803833
6.197999954223633
8.364999771118164
6.0289998054504395
4.142000198364258
8.942000389099121
4.513000011444092
6.125
3.7230000495910645
7.2729997634887695
7.645999908447266
8.494999885559082
5.620999813079834
6.583000183105469
7.7179999351501465
4.389999866485596
6.150000095367432
7.173999786376953
7.677000045776367
3.6740000247955322
7.866000175476074
9.239999771118164
7.690000057220459
8.163000106811523
4.830999851226807
2.2690000534057617
2.61899995803833
6.875
7.598999977111816
7.940000057220459
7.922999858856201
3.9600000381469727
2.927999973297119
3.638000011444092
5.4679999351501465
6.752999782562256
7.224999904632568
6.374000072479248
7.564000129699707
4.072000026702881
7.997000217437744
6.320000171661377
2.8340001106262207
6.671000003814697
5.363999843597412
7.974999904632568
5.151000022888184
3.8299999237060547
5.370999813079834
4.421000003814697
8.380000114440918
8.291000366210938
12.309000015258789
6.741000175476074
6.138999938964844
7.0269999504089355
5.956999778747559
7.304999828338623
7.492000102996826
8.029999732971191
4.23799991607666
7.701000213623047
7.879000186920166
5.0970001220703125
4.244999885559082
8.229000091552734
5.796000003814697
4.218999862670898
8.088000297546387
5.296999931335449
8.428000450134277
4.314000129699707
5.2210001945495605
6.76800012588501
7.366000175476074
4.8420000076293945
3.434999942779541
5.943999767303467
5.833000183105469
6.618000030517578
6.656000137329102
8.39799976348877
8.25
7.34499979019165
7.484000205993652
8.763999938964844
8.684000015258789
7.51200008392334
6.335000038146973
6.861999988555908
4.370999813079834
3.0269999504089355
2.375
3.884999990463257
5.190999984741211
5.363999843597412
5.146999835968018
4.11899995803833
5.105999946594238
4.489999771118164
4.729000091552734
8.277000427246094
8.442999839782715
2.505000114440918
2.7909998893737793
4.90500020980835
5.5929999351501465
4.986000061035156
7.921000003814697
6.618000030517578
6.4770002365112305
9.324000358581543
8.57800006866455
6.473999977111816
4.494999885559082
7.926000118255615
7.260000228881836
7.290999889373779
10.715999603271484
11.258999824523926
7.460999965667725
7.295000076293945
8.74899959564209
4.650000095367432
9.147000312805176
8.54699993133545
4.553999900817871
5.559999942779541
8.788999557495117
9.26099967956543
9.491000175476074
7.533999919891357
7.208000183105469
7.531000137329102
6.927000045776367
8.04800033569336
5.8379998207092285
5.672999858856201
8.074999809265137
7.36299991607666
3.1740000247955322
6.4720001220703125
6.686999797821045
2.989000082015991
4.449999809265137
5.894999980926514
6.89300012588501
6.318999767303467
6.835999965667725
3.4519999027252197
3.6019999980926514
7.690999984741211
3.2679998874664307
6.519999980926514
4.767000198364258
7.116000175476074
8.319000244140625
7.692999839782715
8.791000366210938
7.27400016784668
9.491000175476074
8.833000183105469
5.289000034332275
5.14900016784668
6.660999774932861
5.586999893188477
6.415999889373779
6.488999843597412
8.746000289916992
5.756999969482422
4.656000137329102
5.599999904632568
5.281000137329102
9.567999839782715
10.00100040435791
6.329999923706055
