4.116000175476074
2.9549999237060547
4.815999984741211
4.14300012588501
10.420999526977539
9.996000289916992
5.501999855041504
6.5229997634887695
9.817000389099121
9.178999900817871
6.8520002365112305
7.239999771118164
11.593999862670898
6.318999767303467
4.938000202178955
8.843000411987305
5.8480000495910645
8.376999855041504
5.638000011444092
7.626999855041504
7.142000198364258
6.7270002365112305
7.26800012588501
2.0889999866485596
5.9730000495910645
5.755000114440918
7.438000202178955
5.664000034332275
7.36299991607666
5.989999771118164
5.610000133514404
6.9029998779296875
6.436999797821045
6.627999782562256
2.3310000896453857
4.658999919891357
5.118000030517578
9.60200023651123
6.620999813079834
6.290999889373779
6.261000156402588
9.755999565124512
8.37399959564209
3.806999921798706
7.4629998207092285
6.942999839782715
5.376999855041504
7.078000068664551
4.236999988555908
8.460000038146973
7.276000022888184
5.140999794006348
4.833000183105469
6.020999908447266
6.3420000076293945
7.129000186920166
9.052000045776367
7.501999855041504
10.267000198364258
7.3470001220703125
6.491000175476074
6.318999767303467
8.081999778747559
9.347000122070312
5.826000213623047
3.130000114440918
8.432999610900879
8.744999885559082
6.99399995803833
6.708000183105469
5.689000129699707
6.2779998779296875
5.151000022888184
6.566999912261963
6.992000102996826
6.800000190734863
6.650000095367432
8.03499984741211
7.486999988555908
6.269999980926514
8.880999565124512
5.818999767303467
8.720000267028809
4.98199987411499
7.955999851226807
6.080999851226807
7.339000225067139
7.564000129699707
7.989999771118164
6.165999889373779
5.565000057220459
7.6570000648498535
6.201000213623047
7.0279998779296875
6.895999908447266
5.889999866485596
6.763000011444092
5.861999988555908
7.2230000495910645
6.984000205993652
3.4210000038146973
6.815999984741211
6.821000099182129
3.864000082015991
6.309000015258789
4.738999843597412
7.290999889373779
5.872000217437744
9.220000267028809
8.774999618530273
8.972999572753906
6.915999889373779
6.544000148773193
6.15500020980835
5.0980000495910645
5.9120001792907715
5.659999847412109
4.551000118255615
8.98900032043457
4.3379998207092285
6.146999835968018
4.249000072479248
7.627999782562256
8.13700008392334
8.446999549865723
5.497000217437744
6.4720001220703125
7.644000053405762
4.449999809265137
5.644999980926514
7.104000091552734
7.75600004196167
3.9779999256134033
7.879000186920166
8.704000473022461
7.704999923706055
7.965000152587891
4.708000183105469
2.3289999961853027
3.0929999351501465
7.144999980926514
7.485000133514404
8.020999908447266
7.949999809265137
4.067999839782715
2.4679999351501465
3.9539999961853027
4.85099983215332
6.863999843597412
6.833000183105469
6.000999927520752
7.53000020980835
3.9110000133514404
8.210000038146973
5.61899995803833
2.625999927520752
6.36299991607666
5.5970001220703125
8.428999900817871
5.26200008392334
3.49399995803833
5.451000213623047
4.909999847412109
8.5649995803833
8.031999588012695
12.51099967956543
6.574999809265137
6.815000057220459
6.72599983215332
6.355000019073486
7.322999954223633
7.348999977111816
7.89900016784668
4.420000076293945
7.828999996185303
7.665999889373779
4.689000129699707
4.497000217437744
8.093000411987305
6.046999931335449
4.513000011444092
8.102999687194824
5.23199987411499
8.380999565124512
3.7100000381469727
5.105000019073486
7.067999839782715
7.0370001792907715
4.938000202178955
3.5280001163482666
5.6519999504089355
5.736000061035156
6.379000186920166
6.709000110626221
8.454999923706055
7.554999828338623
7.363999843597412
6.989999771118164
8.524999618530273
8.756999969482422
7.316999912261963
6.484000205993652
6.659999847412109
4.418000221252441
3.569999933242798
2.5239999294281006
3.697999954223633
5.388999938964844
5.355999946594238
5.574999809265137
3.9170000553131104
4.302000045776367
4.64300012588501
4.421000003814697
8.08899974822998
8.550999641418457
2.6449999809265137
2.6019999980926514
5.13100004196167
5.164999961853027
4.783999919891357
7.627999782562256
6.01800012588501
6.210000038146973
9.505000114440918
8.079000473022461
6.715000152587891
4.421000003814697
7.513000011444092
7.433000087738037
7.267000198364258
11.38599967956543
11.737000465393066
7.052999973297119
6.951000213623047
8.538999557495117
4.757999897003174
8.90999984741211
8.317999839782715
4.193999767303467
5.13100004196167
8.732000350952148
8.552000045776367
8.961999893188477
7.245999813079834
7.249000072479248
7.449999809265137
7.122000217437744
8.074000358581543
5.678999900817871
5.520999908447266
8.151000022888184
7.572999954223633
3.7290000915527344
6.386000156402588
6.958000183105469
3.1419999599456787
4.6479997634887695
5.724999904632568
6.926000118255615
5.98799991607666
6.23199987411499
6.584000110626221
4.3460001945495605
6.875
8.413999557495117
7.5320000648498535
8.35099983215332
7.051000118255615
9.348999977111816
8.92300033569336
4.5920000076293945
5.125
6.1539998054504395
5.861000061035156
6.215000152587891
6.394999980926514
8.890999794006348
5.7220001220703125
5.019999980926514
5.039999961853027
9.097000122070312
10.243000030517578
6.315999984741211
