3.2639999389648438
4.607999801635742
2.984999895095825
9.965999603271484
4.796000003814697
6.105000019073486
5.249000072479248
10.293000221252441
4.169000148773193
5.8429999351501465
4.5229997634887695
3.3980000019073486
3.4149999618530273
2.5829999446868896
3.809000015258789
5.079999923706055
6.322999954223633
6.125
2.247999906539917
7.0279998779296875
5.876999855041504
7.02400016784668
7.264999866485596
5.803999900817871
2.424999952316284
2.7130000591278076
4.033999919891357
4.361999988555908
5.985000133514404
5.552999973297119
8.829000473022461
7.739999771118164
5.8470001220703125
6.3460001945495605
6.401000022888184
7.28000020980835
9.425000190734863
5.443999767303467
6.755000114440918
6.495999813079834
5.8979997634887695
7.150000095367432
8.623000144958496
6.986000061035156
6.625999927520752
4.552000045776367
7.034999847412109
7.645999908447266
8.01099967956543
7.173999786376953
4.807000160217285
