5.934000015258789
4.4079999923706055
3.128999948501587
10.357999801635742
3.7279999256134033
5.431000232696533
3.734999895095825
5.61899995803833
8.96500015258789
8.753000259399414
6.361999988555908
8.16100025177002
6.7210001945495605
8.175999641418457
4.041999816894531
5.749000072479248
4.335999965667725
7.7220001220703125
11.711999893188477
6.293000221252441
5.302999973297119
8.77400016784668
8.265000343322754
5.815000057220459
7.585999965667725
7.540999889373779
7.5960001945495605
1.968999981880188
5.901000022888184
7.704999923706055
3.424999952316284
6.051000118255615
7.361000061035156
7.283999919891357
6.761000156402588
6.179999828338623
2.424999952316284
4.796000003814697
4.6539998054504395
4.788000106811523
5.1620001792907715
5.9679999351501465
6.765999794006348
8.9399995803833
8.586999893188477
5.5
8.071000099182129
8.487000465393066
8.071000099182129
7.160999774932861
7.256999969482422
7.611999988555908
5.425000190734863
4.617000102996826
6.5879998207092285
9.739999771118164
6.664000034332275
6.275000095367432
5.985000133514404
5.552999973297119
8.392000198364258
7.815000057220459
7.739999771118164
6.986999988555908
7.400000095367432
7.164000034332275
6.401000022888184
4.035999774932861
7.28000020980835
5.00600004196167
2.937000036239624
8.57699966430664
6.048999786376953
6.581999778747559
7.275000095367432
6.7829999923706055
6.986000061035156
6.123000144958496
5.190999984741211
6.1020002365112305
7.171000003814697
7.840000152587891
8.564000129699707
5.7270002365112305
3.7850000858306885
6.090000152587891
5.942999839782715
8.560999870300293
4.65500020980835
4.803999900817871
7.494999885559082
8.265999794006348
7.507999897003174
8.105999946594238
6.204999923706055
5.958000183105469
7.5980000495910645
6.46999979019165
7.058000087738037
6.2170000076293945
6.948999881744385
9.029000282287598
8.684000015258789
8.652999877929688
7.205999851226807
7.321000099182129
3.4730000495910645
4.961999893188477
5.775000095367432
8.967000007629395
5.697000026702881
7.468999862670898
6.3979997634887695
6.00600004196167
5.936999797821045
4.99399995803833
8.364999771118164
6.0289998054504395
8.942000389099121
3.7230000495910645
8.494999885559082
5.620999813079834
6.583000183105469
7.7179999351501465
7.177000045776367
4.389999866485596
6.150000095367432
7.677000045776367
4.4019999504089355
3.6740000247955322
4.051000118255615
9.239999771118164
8.163000106811523
4.830999851226807
2.2690000534057617
6.875
7.875
7.940000057220459
7.922999858856201
3.638000011444092
8.095000267028809
2.809999942779541
2.617000102996826
5.4679999351501465
7.224999904632568
7.564000129699707
4.072000026702881
5.427999973297119
6.320000171661377
6.813000202178955
6.769999980926514
5.316999912261963
2.8340001106262207
6.671000003814697
4.833000183105469
5.363999843597412
2.7760000228881836
7.974999904632568
3.8299999237060547
5.370999813079834
8.163000106811523
5.808000087738037
8.380000114440918
6.138999938964844
6.932000160217285
7.38100004196167
5.956999778747559
7.353000164031982
8.029999732971191
4.23799991607666
6.636000156402588
6.361999988555908
6.75
7.230999946594238
4.8420000076293945
3.434999942779541
5.943999767303467
6.656000137329102
8.25
7.484000205993652
8.763999938964844
3.2019999027252197
4.88100004196167
4.370999813079834
3.0269999504089355
4.90500020980835
5.5929999351501465
5.986999988555908
6.073999881744385
10.66100025177002
7.921000003814697
6.711999893188477
8.74899959564209
3.4030001163482666
7.27400016784668
