4.789000034332275
5.501999855041504
6.485000133514404
6.75
6.666999816894531
6.886000156402588
7.966000080108643
8.14900016784668
7.919000148773193
8.817999839782715
8.73799991607666
9.227999687194824
6.605000019073486
10.934000015258789
4.129000186920166
7.406000137329102
8.03600025177002
8.008000373840332
4.585000038146973
10.895999908447266
6.264999866485596
5.260000228881836
11.458000183105469
7.53000020980835
5.998000144958496
4.364999771118164
7.6579999923706055
8.157999992370605
6.453999996185303
7.142000198364258
4.074999809265137
6.124000072479248
8.519000053405762
8.979000091552734
7.794000148773193
4.900000095367432
9.430000305175781
5.2870001792907715
7.242000102996826
5.35099983215332
10.241000175476074
8.123000144958496
5.710000038146973
9.668999671936035
4.72599983215332
10.081999778747559
6.63700008392334
6.605999946594238
6.616000175476074
6.468999862670898
8.532999992370605
6.185999870300293
8.173999786376953
7.084000110626221
8.119000434875488
6.817999839782715
8.029999732971191
6.204999923706055
4.460999965667725
1.8289999961853027
4.419000148773193
6.182000160217285
9.48799991607666
9.508000373840332
7.89300012588501
7.8460001945495605
7.986000061035156
6.343999862670898
7.119999885559082
8.284000396728516
8.37399959564209
7.8470001220703125
6.942999839782715
6.663000106811523
