7.51
4.00
8.52
5.40
4.66
5.11
8.64
8.92
8.30
7.26
6.05
7.12
7.22
4.33
7.10
8.05
5.95
6.36
6.15
7.40
2.48
2.30
7.52
3.91
6.57
4.89
6.51
4.40
3.77
5.00
8.00
8.15
8.52
8.51
5.30
2.15
7.02
5.89
7.57
3.02
6.28
5.00
5.92
6.99
2.66
6.84
4.62
2.07
9.00
4.40
4.15
5.74
7.32
4.00
6.26
8.05
1.52
4.91
7.40
7.19
6.35
4.30
9.00
7.68
6.75
7.40
3.40
6.00
2.08
6.55
4.06
7.15
2.72
4.02
6.14
4.92
8.00
6.05
2.62
7.07
4.67
3.35
1.92
5.46
3.43
7.43
5.35
5.10
8.00
9.86
4.43
6.55
3.81
6.62
3.20
4.40
7.52
7.21
7.52
7.10
8.40
6.70
8.07
7.10
7.00
8.30
5.85
4.19
7.30
6.76
10.96
4.96
7.89
4.44
6.19
3.95
0.82
8.19
3.37
5.39
8.00
6.30
7.41
7.66
0.40
7.79
6.92
5.33
3.24
7.85
4.69
7.38
6.63
5.30
7.16
4.48
6.30
8.22
6.22
7.15
4.07
5.52
4.92
7.74
8.74
5.00
9.00
6.50
5.66
4.00
6.74
8.54
3.00
5.26
8.10
9.12
6.54
3.22
7.85
5.43
6.15
7.24
6.30
5.74
3.40
6.31
7.22
5.96
7.00
2.24
6.22
3.89
7.13
4.22
9.00
6.09
8.40
8.07
4.84
5.30
7.17
7.28
5.24
7.44
5.17
4.30
7.11
8.48
6.92
5.77
4.59
8.57
7.35
7.28
4.57
6.05
4.61
6.30
8.15
4.94
6.62
5.62
6.64
7.74
6.58
7.80
7.47
5.92
6.40
7.35
8.35
8.15
9.00
5.29
5.72
8.80
5.55
8.35
6.78
3.49
7.97
6.60
5.90
5.74
7.24
5.57
7.48
8.36
6.28
6.62
5.46
6.25
2.24
8.05
8.40
7.96
5.41
6.36
4.85
8.52
5.75
3.17
4.53
5.92
7.26
6.52
5.15
6.59
10.25
7.57
2.92
3.36
7.80
6.66
8.89
7.17
3.13
5.63
6.88
5.24
8.15
7.66
6.88
7.31
7.28
2.87
8.49
7.55
5.96
6.80
5.49
8.70
7.64
7.48
8.22
5.74
5.89
9.38
7.72
4.00
5.38
7.57
6.30
9.45
7.60
4.15
7.34
4.68
6.06
4.00
7.96
7.01
6.95
7.95
4.68
6.24
7.80
3.80
5.41
6.85
8.70
6.43
2.89
4.62
7.30
6.08
8.20
5.46
5.72
3.59
3.95
8.96
7.85
4.05
9.36
8.70
4.57
5.74
7.77
4.81
7.21
5.37
7.15
4.58
4.41
7.24
8.96
3.23
7.96
6.87
4.15
3.57
6.19
5.48
6.41
5.70
4.30
2.82
9.05
4.16
2.16
5.39
8.92
6.19
5.00
7.38
3.80
8.35
10.00
6.28
8.11
7.66
3.00
7.07
7.02
8.19
4.49
4.97
5.82
4.54
4.80
6.70
5.70
8.22
3.74
6.89
3.81
7.12
3.78
4.88
6.64
7.00
8.46
3.30
5.54
7.00
3.67
8.38
8.00
7.00
6.40
6.20
5.15
10.70
9.64
3.48
4.77
11.11
7.80
6.27
6.77
6.83
7.77
6.46
5.05
7.64
7.59
8.10
6.29
7.80
9.22
8.32
5.44
5.44
4.67
8.52
6.51
7.19
6.21
5.36
3.84
6.17
8.00
3.30
3.97
9.06
7.54
6.59
2.72
7.00
7.77
4.15
9.47
6.10
4.19
3.60
7.11
9.41
7.47
2.96
4.92
7.52
5.41
8.19
4.97
5.49
2.55
5.05
6.55
8.17
4.70
6.22
8.44
7.46
8.22
5.77
4.60
4.31
6.94
8.23
8.62
4.57
9.05
4.66
7.40
9.92
4.93
5.15
7.00
4.81
5.57
7.62
5.33
7.40
6.68
7.08
6.07
2.30
6.59
7.48
7.32
6.96
11.57
8.70
8.30
7.00
7.10
5.64
7.32
7.07
6.60
5.74
5.82
6.03
8.12
11.00
6.74
6.66
9.74
5.29
8.30
10.32
8.10
9.22
9.14
4.17
4.60
5.26
5.05
8.00
6.00
7.52
4.76
9.26
3.60
7.49
7.70
8.40
7.52
4.12
7.54
3.77
3.66
2.46
3.60
5.02
7.53
7.22
7.68
4.91
6.37
6.15
6.89
2.89
5.91
8.46
6.96
10.39
4.92
8.00
8.10
8.00
4.00
7.78
4.48
6.23
6.15
6.40
4.28
3.09
7.44
3.93
5.11
5.74
7.64
8.70
4.95
7.77
4.80
0.82
6.72
7.44
8.21
4.74
7.70
5.39
9.54
8.34
6.85
7.77
7.96
6.16
8.42
7.51
7.24
1.31
6.61
6.40
6.00
3.52
4.57
7.08
6.12
3.06
4.03
7.74
5.30
7.40
4.31
8.00
3.70
5.72
9.08
5.74
6.16
13.40
6.00
11.13
4.40
7.04
5.82
8.22
7.73
7.44
8.96
3.77
7.22
6.99
8.68
8.43
4.52
9.00
3.52
6.51
4.60
6.85
6.30
3.70
6.82
5.80
6.22
3.93
7.60
1.30
6.27
5.66
7.12
5.96
8.30
4.14
8.64
4.01
7.07
6.29
5.10
6.00
5.71
7.19
7.95
7.21
5.46
9.52
4.25
6.10
9.30
4.23
7.22
6.72
6.80
6.15
8.39
4.52
5.80
8.33
6.11
5.96
3.70
5.15
10.30
2.65
6.27
9.10
1.91
6.01
5.48
2.43
6.85
7.74
8.20
7.47
6.52
7.00
6.54
7.72
5.07
8.06
3.79
7.25
7.40
6.48
7.85
8.10
3.72
3.73
4.54
7.00
4.53
4.92
7.10
8.74
3.94
6.08
6.15
6.48
5.59
7.85
7.74
8.00
2.51
4.60
9.15
6.07
6.00
5.57
6.30
6.65
4.14
6.64
7.30
7.57
4.64
6.70
4.60
5.89
3.22
6.75
5.09
5.92
7.14
7.96
7.85
8.64
7.77
6.82
9.27
6.44
6.18
3.30
2.68
8.40
6.05
3.52
7.28
4.00
7.40
10.16
8.10
6.00
7.51
7.66
8.15
4.00
9.00
5.17
4.85
3.51
7.28
4.22
5.13
1.00
7.90
8.00
7.70
6.66
5.16
5.35
7.59
7.80
8.89
6.43
8.55
6.08
8.00
6.52
2.49
5.42
5.07
7.89
2.92
7.42
7.62
5.82
4.71
5.36
5.28
3.49
6.48
4.92
3.49
8.15
4.62
5.30
6.65
7.00
9.65
6.57
7.86
5.52
5.13
5.85
7.55
7.15
6.92
5.42
7.54
8.41
5.88
8.40
6.80
6.05
8.85
3.31
7.38
8.77
6.26
8.44
8.11
8.70
8.07
7.54
8.00
3.64
6.45
8.17
6.59
7.23
5.38
4.74
9.00
5.70
3.02
6.21
5.48
8.30
4.59
6.10
5.49
6.23
4.33
6.47
9.52
4.00
7.27
5.31
4.24
7.00
6.07
8.26
7.87
9.15
4.50
11.40
5.89
7.52
4.47
5.36
7.19
5.32
8.34
5.96
8.15
6.19
6.05
5.10
8.00
6.08
2.59
8.35
4.00
4.30
7.92
8.50
9.82
6.05
5.43
6.09
7.77
4.20
3.60
4.01
2.44
5.77
8.15
6.66
6.82
7.72
4.24
4.32
6.70
5.89
3.70
2.64
5.14
5.28
9.00
4.57
9.17
6.30
6.35
6.62
7.07
5.01
5.70
6.82
8.01
7.55
5.21
9.15
8.66
7.18
6.68
4.67
2.05
6.20
7.92
5.57
6.24
8.32
2.46
5.40
2.89
3.52
8.30
6.77
7.08
6.92
5.72
9.10
7.29
5.67
4.52
9.41
6.66
7.39
5.60
8.30
5.10
5.72
8.40
5.55
6.43
4.55
7.85
6.51
11.00
7.89
1.54
8.64
3.40
7.86
4.72
6.21
8.10
2.39
6.60
5.51
7.92
8.15
5.74
6.31
4.72
6.31
5.59
5.64
6.70
3.59
6.40
4.09
5.08
2.47
6.80
7.70
7.22
6.74
5.11
6.22
7.52
5.72
8.82
3.51
4.68
10.00
9.19
5.36
7.30
5.50
9.10
4.25
5.66
5.19
8.70
9.09
5.76
6.62
5.41
8.64
5.17
3.62
9.30
7.50
3.82
5.05
9.40
5.00
5.07
4.55
7.70
5.72
4.40
4.60
7.30
7.54
5.64
6.55
4.30
4.85
2.06
7.36
5.00
6.30
5.65
8.80
4.12
3.87
4.80
5.69
3.00
4.70
7.74
9.80
7.77
9.00
9.40
7.64
7.66
5.50
8.27
6.05
5.22
6.89
5.39
10.55
5.60
5.92
8.70
5.22
7.68
6.20
7.48
5.80
4.98
5.16
7.82
7.10
9.07
6.71
4.72
7.28
5.92
6.77
3.38
4.62
5.32
5.72
7.38
8.10
1.58
6.92
4.82
7.15
6.10
7.17
7.46
6.54
2.30
7.28
8.33
4.12
6.70
4.46
6.54
8.77
4.30
7.62
5.95
6.72
4.03
6.82
5.28
8.05
5.85
6.00
6.47
3.57
6.31
8.24
6.19
5.82
5.89
4.80
4.70
6.64
6.28
4.74
6.69
7.88
7.80
6.17
6.07
5.15
6.34
6.74
6.96
5.78
5.64
4.12
9.14
8.30
4.06
4.60
8.26
7.84
10.96
5.89
7.30
7.66
7.55
8.22
5.50
6.68
9.30
5.24
7.46
8.70
4.44
4.52
5.08
7.44
8.24
9.00
7.92
6.44
6.72
6.70
9.80
7.21
5.18
10.52
7.60
4.25
7.77
8.30
7.71
6.89
7.10
5.32
5.71
5.47
6.08
3.93
6.55
7.60
6.24
5.92
2.70
5.82
6.00
4.11
5.92
6.35
5.70
7.46
5.96
6.15
7.60
5.84
9.10
5.05
5.10
7.21
4.70
8.30
6.05
7.74
5.24
6.41
8.10
4.51
5.30
4.25
8.39
8.04
5.17
7.27
8.89
6.36
4.51
5.12
4.48
5.60
7.92
9.70
4.62
5.10
7.68
8.70
6.88
3.66
8.96
10.82
8.15
4.31
7.40
4.62
5.77
6.44
6.00
6.43
6.37
4.63
6.90
7.99
3.32
7.48
7.17
9.00
6.98
10.27
6.35
4.51
5.34
7.18
4.70
5.40
6.40
7.48
6.10
11.30
9.00
8.00
3.45
6.37
8.70
5.60
6.71
5.40
5.55
9.52
5.14
5.15
6.18
1.30
7.19
6.25
3.81
6.40
5.38
6.49
7.54
9.85
7.66
6.63
3.20
5.00
7.50
3.70
2.99
5.24
8.97
4.84
3.90
3.66
2.30
2.74
6.88
8.43
5.00
9.34
8.26
9.70
5.67
8.70
7.85
4.82
6.28
9.96
3.60
7.77
9.82
8.73
9.70
6.40
6.48
7.96
6.40
11.85
5.82
6.10
7.00
7.48
5.96
6.40
5.34
6.00
4.59
9.24
6.89
5.17
8.00
8.80
8.52
4.97
4.40
6.66
7.58
8.15
7.00
3.71
7.68
4.84
3.22
5.30
3.88
3.59
5.22
5.65
8.07
10.66
7.82
6.96
6.88
7.00
5.10
5.08
5.12
7.24
6.46
4.82
9.00
6.27
3.66
6.57
4.98
8.22
6.77
10.09
6.93
8.10
4.51
5.64
5.27
5.31
4.77
7.20
7.85
7.72
3.98
6.05
5.80
9.12
5.97
6.85
6.55
7.64
7.02
3.32
2.52
5.30
9.05
4.43
5.45
7.00
4.96
8.20
7.43
6.30
8.92
4.70
7.09
5.82
7.74
3.70
7.85
9.30
5.15
8.24
6.49
3.70
2.89
8.77
5.48
9.41
3.84
3.70
7.42
6.27
2.20
6.06
5.15
7.32
5.52
8.30
7.07
10.00
8.43
5.96
4.62
7.70
7.42
9.22
9.10
9.42
7.89
7.26
7.41
7.89
5.38
9.34
3.49
7.05
8.70
7.84
7.72
2.00
10.85
4.90
2.67
9.22
4.62
5.42
7.92
8.99
6.77
8.44
8.92
7.08
3.46
6.30
4.52
3.57
8.21
5.34
7.31
4.52
5.85
8.14
8.21
6.02
7.46
6.55
8.17
3.12
6.99
7.62
7.26
6.39
5.93
6.52
6.19
5.89
5.00
7.44
4.42
10.20
6.92
6.61
8.44
8.05
7.10
7.57
5.89
6.72
6.73
7.35
6.10
7.05
6.62
6.74
7.92
7.28
7.09
7.49
7.24
8.10
4.85
6.87
6.35
7.62
7.82
6.72
2.52
9.00
5.02
4.97
6.11
4.74
6.92
4.59
4.92
6.60
4.76
5.66
7.09
6.60
1.26
9.77
2.06
8.22
4.68
6.68
6.34
9.96
7.60
5.66
8.80
8.30
1.70
7.54
6.89
7.15
6.64
6.64
3.96
6.60
4.09
3.89
5.26
6.10
4.85
5.42
6.09
6.54
5.85
9.43
4.47
3.77
6.84
9.52
7.37
3.21
8.42
6.76
6.79
6.33
7.42
7.42
7.70
7.80
7.89
4.66
5.92
8.22
6.64
7.36
7.89
4.74
4.40
9.03
6.20
7.70
5.15
6.31
6.89
8.89
8.82
5.09
5.04
6.12
3.89
7.25
8.85
7.70
8.20
4.41
7.10
7.62
7.11
6.65
6.21
7.95
6.00
5.22
7.82
6.60
6.57
8.92
3.98
6.70
8.49
7.20
8.60
4.92
4.55
6.34
7.16
7.64
8.02
5.35
9.22
7.92
6.95
8.00
8.12
8.60
5.00
1.45
6.10
4.19
7.47
5.85
5.48
5.19
5.73
6.03
5.92
2.30
10.72
7.68
7.72
8.85
5.72
4.42
3.54
7.40
4.40
7.80
3.17
5.20
6.51
7.72
7.39
7.89
4.00
5.40
4.63
8.27
8.10
6.27
7.73
6.40
5.85
6.37
5.10
9.06
7.21
3.48
7.95
6.21
6.35
4.90
4.27
8.89
7.96
3.37
4.18
8.40
7.24
6.39
8.15
7.72
9.46
5.81
8.40
9.06
5.32
4.15
5.30
5.77
8.22
9.77
6.21
3.60
6.85
8.70
8.43
7.06
7.69
8.92
7.70
6.52
7.15
5.16
4.34
5.59
3.23
6.00
5.87
6.70
6.27
7.25
4.52
7.77
4.43
5.41
7.38
8.44
7.03
9.03
5.00
5.21
5.66
8.70
7.70
7.49
6.77
5.00
3.49
8.46
3.54
8.24
6.30
1.40
4.31
7.10
8.09
6.66
8.92
5.02
7.64
7.62
2.64
7.37
9.78
6.21
5.74
5.72
9.00
6.69
6.82
5.91
4.41
9.46
7.42
3.85
8.82
6.64
4.43
5.64
5.18
7.92
6.52
6.07
4.09
8.66
5.54
5.96
6.78
8.21
7.82
6.68
8.89
7.08
7.41
6.04
9.09
6.11
5.00
7.19
6.36
1.70
3.60
7.57
6.37
5.46
8.77
5.30
8.80
6.17
9.40
6.49
6.30
4.26
6.03
7.49
5.60
3.82
7.46
7.80
10.90
7.70
7.09
8.92
7.66
7.37
7.82
3.00
4.91
6.77
6.52
7.64
6.92
6.10
7.89
4.30
7.33
8.60
7.15
4.47
6.22
7.12
8.32
8.92
2.72
6.15
5.85
6.66
6.96
9.00
3.96
5.24
5.40
7.60
7.27
7.25
4.62
6.74
5.23
5.39
4.23
5.66
7.57
7.70
8.32
8.27
5.72
7.80
2.47
5.04
8.72
6.35
8.16
11.05
7.97
3.64
5.74
7.46
6.00
6.15
4.70
5.40
3.49
6.44
8.00
5.82
4.71
7.00
4.63
3.41
8.17
8.08
7.54
5.62
5.05
6.39
2.85
5.80
6.82
6.85
2.96
1.36
3.72
7.55
5.22
6.16
4.89
9.62
6.05
3.69
8.02
5.12
8.80
9.00
8.46
9.00
4.72
8.90
7.30
5.80
2.92
4.36
6.85
9.10
5.30
6.52
6.23
7.06
8.94
7.15
7.10
6.70
6.72
6.21
3.02
6.82
7.85
8.52
2.86
5.90
8.52
4.61
8.89
5.43
9.00
7.44
8.22
5.89
8.70
7.02
4.74
10.29
4.72
6.31
10.18
4.73
12.10
6.41
5.00
8.57
4.00
5.05
8.05
7.82
8.22
7.89
4.28
6.28
6.28
8.10
8.59
3.65
3.65
8.10
3.80
5.72
7.68
8.70
8.10
5.62
8.85
4.96
6.96
7.33
5.48
6.17
6.55
3.61
7.19
3.95
7.62
4.28
8.10
9.80
3.81
4.45
5.04
3.10
7.30
7.96
8.15
5.96
7.55
7.07
6.10
6.04
6.85
7.00
7.23
7.05
3.52
8.52
3.63
10.00
6.10
8.70
5.30
5.08
7.51
4.80
6.92
9.00
7.20
5.48
6.52
7.46
7.70
6.43
5.12
8.05
9.00
9.31
6.54
5.28
3.60
6.10
7.30
8.80
5.27
9.52
5.44
3.77
4.55
7.57
5.65
7.92
7.27
1.64
9.00
3.67
7.22
5.82
7.77
6.49
4.74
7.22
3.26
6.43
6.49
4.59
7.55
8.70
7.40
6.09
6.30
6.52
7.57
6.25
8.89
4.52
4.48
4.80
9.42
6.89
3.74
9.22
4.36
6.07
4.12
2.30
5.84
9.59
7.07
4.80
8.10
7.66
5.43
9.03
5.55
8.01
9.06
5.27
6.30
10.57
7.82
4.95
7.44
8.47
7.72
2.41
4.46
4.84
6.57
5.41
6.41
9.96
5.28
3.86
4.28
7.82
4.28
8.49
7.26
10.40
7.27
5.74
6.42
5.41
5.74
5.64
7.52
6.18
6.70
6.77
5.71
7.70
6.30
5.66
4.52
6.40
6.21
6.24
7.19
6.00
7.60
4.14
6.80
7.80
8.49
6.41
7.11
5.16
7.22
7.02
5.49
8.52
6.06
5.25
8.91
9.51
8.22
5.11
10.59
7.52
3.84
9.89
6.89
8.74
6.37
6.34
4.80
4.20
7.24
8.59
8.41
1.89
5.09
3.35
5.97
8.07
6.05
7.15
8.15
6.34
4.90
5.23
7.89
5.52
5.80
5.62
7.92
7.07
10.21
6.27
7.10
9.05
8.30
8.40
4.44
7.82
4.26
5.66
7.85
6.54
6.39
6.83
3.10
5.64
6.40
3.91
6.35
7.10
3.92
6.29
4.93
5.89
5.52
7.52
6.22
5.28
4.30
7.68
5.00
8.55
11.80
6.89
6.46
6.00
6.28
10.26
8.13
6.30
3.34
4.67
6.60
7.40
4.84
5.24
6.00
6.43
3.59
6.00
7.77
7.37
5.78
5.92
5.52
9.06
8.05
8.19
9.18
4.79
6.60
7.70
5.72
9.67
2.00
10.59
6.36
8.65
6.98
6.48
4.15
4.85
4.42
7.74
8.85
5.60
11.30
5.57
6.15
4.51
7.29
8.15
6.24
4.25
6.85
7.82
3.44
8.15
6.21
5.00
6.06
2.85
9.80
3.60
4.57
6.72
6.80
7.19
6.19
5.89
6.39
5.15
2.06
4.41
6.03
3.40
6.35
8.60
6.74
7.44
7.24
1.94
4.42
6.02
8.70
3.81
4.43
7.89
3.68
4.44
7.05
3.67
9.17
5.98
7.26
7.14
8.57
7.74
6.78
9.30
7.29
3.60
8.10
2.48
7.85
10.51
5.45
5.75
7.37
9.40
8.40
3.86
4.89
6.44
9.70
2.17
9.40
5.12
5.13
5.21
7.64
8.33
4.20
9.00
5.00
6.38
5.60
2.70
7.40
4.35
6.92
8.85
8.51
5.21
10.96
2.19
6.40
8.70
7.40
7.40
5.60
7.80
5.72
6.30
8.25
4.04
4.77
7.82
8.15
5.85
8.89
3.16
6.89
7.27
5.73
9.28
7.64
4.07
9.05
6.57
4.80
6.49
7.99
6.40
6.68
3.55
6.68
7.80
7.38
5.24
3.90
8.52
4.03
1.31
6.77
8.00
13.00
4.59
6.79
3.67
5.21
7.82
5.55
6.64
4.99
4.40
5.07
6.64
6.82
6.83
7.57
7.30
4.09
5.07
5.42
5.51
5.85
5.92
8.05
6.51
7.21
6.82
5.61
5.85
6.83
9.62
4.62
8.00
8.27
8.08
4.68
4.54
8.30
6.88
9.52
7.10
6.48
5.72
4.70
5.92
4.97
7.86
7.26
9.82
7.17
8.00
2.19
10.10
7.34
4.05
3.77
8.22
6.19
5.28
6.32
8.52
7.07
7.36
6.36
4.82
7.66
7.62
9.64
7.52
4.44
8.19
7.10
7.18
5.19
8.21
10.00
7.15
6.47
3.91
6.05
5.00
6.72
7.76
8.35
7.97
6.82
3.70
6.80
6.48
6.29
7.37
3.80
5.14
8.30
5.90
4.62
8.15
7.69
8.36
10.59
6.64
7.64
6.89
5.10
4.08
5.19
7.42
5.92
7.15
6.43
3.12
7.46
5.76
7.24
7.82
10.42
9.32
8.70
8.29
6.71
8.46
9.41
8.52
9.00
6.72
6.61
4.95
8.70
3.32
6.05
6.10
5.89
10.85
5.00
2.48
6.40
6.34
5.17
7.60
3.19
12.30
5.80
8.15
5.44
6.44
6.57
7.40
5.96
3.62
5.01
4.51
7.05
2.42
7.19
7.00
7.08
7.07
5.85
7.30
7.44
4.82
5.68
5.09
6.29
6.80
5.74
3.00
4.00
5.29
3.30
7.70
6.62
6.46
7.34
6.54
9.00
6.22
4.05
8.83
6.59
7.22
2.89
7.06
8.70
5.20
5.07
5.30
3.88
7.57
4.66
3.20
8.92
6.55
7.60
8.52
5.95
2.64
3.78
3.56
7.89
8.72
8.68
5.20
3.08
9.00
6.24
5.24
6.35
3.13
7.77
3.71
7.44
6.10
7.14
7.74
8.40
3.74
9.43
8.21
7.22
5.70
7.00
4.11
9.00
7.09
13.00
5.53
5.28
7.34
6.89
2.30
10.15
6.00
7.85
6.20
6.41
8.30
7.70
7.39
6.20
5.00
8.22
6.56
8.68
6.30
4.82
3.96
2.89
2.70
7.96
7.52
2.76
6.36
8.06
7.24
7.20
4.89
8.96
7.16
3.47
5.82
3.00
8.89
8.48
5.94
7.76
7.20
4.60
3.67
6.72
5.64
8.15
8.30
6.25
6.57
6.04
6.89
3.55
5.22
6.39
3.00
7.80
6.52
3.69
9.37
2.30
2.92
8.00
3.74
4.17
11.06
5.82
6.44
4.39
5.47
10.92
5.82
6.70
4.10
3.78
6.72
4.82
8.30
4.30
9.85
4.12
5.87
6.48
5.58
7.19
3.28
3.69
7.22
3.92
7.92
4.44
4.12
2.16
4.49
6.82
6.95
5.57
5.22
7.16
6.65
4.52
5.89
9.01
7.91
8.43
9.19
6.55
3.70
5.70
6.25
5.46
5.28
2.78
6.71
7.18
3.30
7.59
4.68
5.85
7.30
8.96
6.16
5.54
7.22
5.80
7.41
8.10
7.55
7.19
2.77
3.75
8.24
8.37
9.54
6.40
6.36
7.89
5.29
4.15
5.22
5.40
3.97
8.00
2.70
4.38
5.10
7.70
6.29
4.85
6.10
6.48
3.40
7.30
8.12
7.15
5.40
6.10
7.34
5.01
6.80
6.85
2.82
7.85
8.40
7.62
5.77
5.01
3.70
4.70
6.99
6.15
5.68
5.05
7.46
1.36
5.37
3.00
8.52
8.82
3.82
4.51
8.36
3.39
7.33
8.23
6.21
4.80
7.40
6.03
6.89
4.49
8.66
3.06
5.40
7.89
9.00
6.80
7.06
4.60
8.96
8.22
2.15
8.43
3.20
8.70
6.07
6.91
4.40
7.80
5.17
5.38
7.49
5.74
4.85
8.72
4.82
3.49
7.22
5.66
5.00
7.82
4.55
7.00
4.13
6.74
6.99
7.16
5.67
5.74
5.55
4.40
8.30
8.70
7.74
6.74
6.40
3.24
9.10
5.54
7.17
8.62
8.15
8.66
5.47
7.38
2.62
5.59
5.96
5.30
4.82
9.44
6.79
9.82
2.54
8.40
7.52
9.70
5.44
4.43
5.28
7.32
5.48
7.68
11.68
4.77
7.92
4.42
6.09
6.49
4.64
8.37
5.48
3.82
6.82
2.60
7.70
5.15
7.41
8.32
6.75
5.08
5.71
6.15
6.20
7.17
5.70
8.24
6.89
4.36
8.13
7.89
6.00
7.59
4.09
5.54
6.40
3.83
6.56
6.00
7.30
8.52
8.10
8.30
5.95
3.98
3.52
7.54
10.72
2.59
4.55
7.47
3.70
9.30
2.59
5.04
7.07
5.00
6.30
7.60
14.39
6.21
7.12
9.40
8.89
6.63
4.10
7.30
9.09
5.80
8.30
8.00
6.48
3.72
4.78
7.61
8.89
3.33
6.84
6.40
8.52
6.55
6.52
6.89
9.00
5.89
4.96
7.14
6.00
7.87
7.74
5.06
5.42
7.68
5.24
5.03
4.05
1.31
3.65
3.00
6.15
3.75
6.86
8.30
7.00
6.44
4.96
6.27
2.76
3.59
5.25
6.57
6.36
9.70
7.54
7.07
6.57
5.91
6.59
6.33
8.92
5.29
8.15
6.54
7.20
5.96
10.00
7.36
5.24
6.00
4.40
6.30
5.77
7.70
5.70
7.74
6.28
2.26
8.10
6.33
5.80
5.15
1.60
5.64
5.17
6.26
5.52
8.30
9.04
6.52
6.15
9.26
4.85
5.52
5.50
7.78
5.36
3.08
8.30
6.90
10.30
6.96
5.07
6.30
8.70
7.92
4.00
6.60
7.46
8.05
8.14
11.70
6.80
7.40
5.03
4.81
7.74
4.18
6.02
5.28
7.07
9.28
5.05
7.60
6.74
3.66
7.37
7.03
8.21
3.28
4.98
4.11
8.70
8.40
7.64
5.07
6.29
8.49
4.57
7.70
7.66
7.30
6.21
5.54
7.77
4.70
8.74
6.54
4.19
4.98
7.39
5.74
7.89
7.96
8.26
5.96
8.30
6.12
3.53
11.57
7.70
6.62
7.33
8.12
4.72
6.57
4.86
5.08
6.70
8.00
4.85
7.54
8.70
5.02
6.38
4.61
6.91
6.96
8.10
7.41
4.25
2.85
7.89
2.89
6.20
6.77
5.57
3.57
4.20
4.67
7.10
7.49
5.55
10.00
7.52
7.91
9.00
6.92
5.97
7.92
4.15
6.52
10.42
6.09
4.21
8.15
6.47
8.30
6.21
5.62
5.62
7.29
5.30
9.44
7.24
3.90
7.94
4.02
3.36
5.40
7.60
7.51
6.82
7.96
6.34
6.57
5.36
6.07
6.49
5.38
8.96
6.34
5.96
8.52
7.00
8.00
3.62
7.22
5.21
4.96
7.89
8.14
5.49
7.17
7.14
4.89
2.91
5.28
7.70
7.85
6.40
5.08
5.07
8.81
6.30
5.56
10.22
6.46
7.10
7.74
3.02
3.17
4.18
5.40
3.49
8.52
6.87
7.80
6.51
6.59
5.38
6.70
7.60
6.84
5.55
7.12
6.34
8.30
4.24
8.11
5.89
6.14
8.30
6.05
4.85
6.18
5.70
6.20
6.82
3.36
5.51
7.37
4.20
8.05
7.12
6.38
5.14
8.15
7.75
4.09
5.47
9.15
8.70
5.19
9.38
7.16
7.08
8.07
2.55
4.76
9.40
7.66
6.85
4.24
6.71
7.14
4.37
5.14
9.52
7.10
5.51
7.37
6.28
2.71
8.49
6.57
5.92
5.66
6.96
6.27
5.44
7.08
4.66
3.68
9.00
6.23
6.36
6.32
3.83
5.44
5.32
8.10
7.36
8.06
5.24
4.31
5.21
6.80
4.22
6.74
6.70
3.24
6.36
7.97
2.85
3.58
6.41
7.62
7.92
5.82
7.21
9.57
7.43
9.39
7.66
6.52
7.75
3.70
4.77
7.64
5.48
6.96
5.49
7.89
5.70
11.44
6.32
7.96
5.35
4.70
7.62
5.70
5.89
7.82
8.62
7.68
11.40
7.28
3.46
6.28
6.35
6.32
9.40
6.98
6.86
8.89
7.66
6.55
8.12
2.10
5.41
7.30
5.36
8.39
9.30
7.92
7.39
7.80
5.40
6.05
5.68
6.75
9.70
7.72
4.53
7.09
8.00
6.57
8.52
8.87
5.40
8.00
9.00
5.92
8.55
4.74
4.06
7.82
6.35
4.00
6.76
2.06
9.46
6.47
9.00
6.37
9.37
8.00
3.06
7.02
8.52
5.39
7.17
8.01
5.38
9.08
3.30
7.57
4.71
8.30
6.91
3.33
7.38
4.42
6.46
6.44
3.62
4.30
6.74
8.80
3.19
9.60
5.85
7.68
7.75
11.52
5.21
7.41
6.40
3.67
6.23
7.89
8.00
7.78
7.02
4.87
4.54
6.35
3.22
6.77
5.40
3.95
5.10
5.92
5.40
7.38
1.35
6.15
7.19
4.70
7.04
5.39
3.11
4.41
5.68
4.44
4.03
5.80
3.40
4.47
8.22
7.72
6.38
7.00
5.70
8.72
9.00
7.60
3.87
4.00
6.80
6.29
7.21
5.44
8.10
11.70
4.65
7.70
7.16
1.92
7.40
5.45
3.16
7.43
7.70
7.60
6.23
2.17
9.40
8.74
7.41
6.10
6.89
8.70
5.22
6.05
6.57
3.15
8.44
3.47
7.92
7.82
6.89
8.92
8.96
6.89
7.74
3.90
3.87
7.36
8.67
6.49
8.34
6.00
7.18
5.19
7.79
5.97
9.51
8.05
8.05
2.46
6.82
6.44
4.36
7.05
5.85
7.46
3.27
2.26
8.40
6.84
9.70
6.18
3.30
9.52
8.10
7.87
6.83
3.00
10.70
7.89
8.47
7.46
7.52
5.30
8.64
4.61
8.89
8.10
6.70
6.49
3.30
4.59
5.96
9.00
5.36
4.36
9.09
3.56
8.37
5.06
5.43
5.30
2.68
7.80
5.30
4.00
6.82
5.77
7.89
6.40
5.70
7.01
7.85
6.15
4.00
7.60
3.73
8.70
7.76
5.09
4.74
6.82
5.68
8.10
7.28
8.52
5.82
10.14
6.57
6.41
6.00
8.19
5.46
7.33
5.89
4.92
4.04
5.96
4.75
5.17
10.00
7.22
7.21
6.77
6.11
6.26
6.32
6.34
6.92
8.90
5.70
7.26
4.21
4.36
8.70
8.30
5.39
8.00
11.05
6.84
10.15
4.59
7.06
9.13
5.30
7.70
6.68
4.96
6.44
7.77
7.77
7.52
7.22
5.08
6.19
4.07
7.89
3.70
4.88
4.70
4.00
7.82
2.13
8.00
7.89
9.92
7.38
5.41
3.93
8.72
7.85
4.84
6.35
4.94
4.89
8.40
6.23
7.80
7.44
7.96
4.79
8.89
4.88
5.89
7.10
4.60
8.82
6.58
3.89
3.49
4.60
7.82
4.04
7.51
7.52
4.77
8.40
5.49
8.05
5.74
4.24
4.89
6.52
4.72
7.40
7.70
6.66
7.22
7.40
7.52
8.00
5.96
5.42
8.41
6.14
9.08
4.08
8.74
5.48
4.76
2.88
6.10
6.84
4.15
3.94
4.30
5.52
9.17
6.96
5.80
7.20
7.48
8.10
5.04
7.31
7.67
7.70
8.38
8.48
7.80
7.79
4.15
9.28
3.47
8.15
7.01
10.57
8.92
9.14
7.61
8.66
4.68
4.40
6.36
6.70
6.13
8.00
5.64
4.52
8.46
8.38
3.42
5.14
7.09
5.11
7.43
5.41
7.26
8.40
3.89
10.17
8.64
6.08
7.22
3.92
7.05
7.66
8.62
6.15
7.97
9.74
7.15
10.49
3.30
9.55
6.15
8.05
11.00
9.37
4.43
7.63
9.20
7.24
5.47
4.77
2.86
12.68
6.22
8.00
5.85
6.52
8.35
8.04
8.48
8.49
8.68
8.47
7.38
6.10
6.72
5.79
4.26
2.92
4.52
10.30
6.92
6.75
9.17
10.62
7.04
6.49
6.24
7.24
5.06
2.82
7.00
3.42
6.40
4.21
5.37
7.70
3.04
7.00
5.40
7.24
8.00
6.59
5.69
4.89
9.30
7.89
4.60
7.28
8.30
7.70
6.35
6.10
1.82
4.24
6.74
3.42
7.18
7.51
6.09
9.92
8.74
7.06
5.52
7.55
6.13
6.89
5.59
6.77
3.67
7.57
3.60
7.30
9.10
5.60
8.14
7.01
7.87
6.27
3.47
4.36
4.21
7.72
9.15
7.14
2.80
6.29
8.00
8.17
9.02
6.33
6.82
4.22
6.35
7.52
6.27
4.11
6.12
3.68
4.97
7.03
4.12
5.13
4.40
7.33
5.48
4.94
5.91
6.97
7.40
5.52
6.21
5.77
9.19
5.85
5.36
9.30
8.52
5.62
6.84
8.45
5.51
5.70
6.59
5.70
5.77
8.05
6.57
6.68
5.60
8.00
6.17
3.94
8.23
7.62
4.77
7.23
6.33
6.31
4.78
4.82
8.89
6.70
7.57
7.17
8.64
6.28
3.02
4.41
7.37
10.21
3.15
7.04
6.89
6.25
6.05
4.89
6.09
6.70
9.00
2.62
6.59
6.98
9.82
4.22
6.05
6.54
7.52
5.08
7.14
8.51
3.68
4.93
3.16
4.38
8.52
6.52
8.58
6.62
7.52
5.24
6.46
7.32
5.85
5.36
8.15
8.52
7.40
8.38
4.50
6.04
6.83
7.60
4.73
3.03
6.28
4.45
7.68
9.59
7.92
5.77
3.48
7.82
7.17
7.23
5.31
4.14
5.92
6.22
7.92
8.90
6.89
6.55
5.51
2.93
8.70
7.74
7.64
7.39
3.34
7.95
8.17
5.39
2.30
9.22
3.91
5.33
9.70
6.89
5.22
4.82
5.00
4.89
6.20
5.26
7.77
3.66
8.25
5.17
6.29
3.00
4.59
6.55
5.68
7.37
6.79
6.92
7.60
3.00
5.24
7.49
3.42
6.98
5.00
5.92
7.54
1.72
5.33
5.92
7.72
4.82
6.26
6.74
6.26
10.00
5.05
7.41
5.10
5.62
8.52
6.60
8.52
9.80
8.40
1.95
6.36
9.19
3.62
3.68
7.74
8.21
7.36
4.68
6.21
7.60
6.12
4.52
7.62
7.13
3.15
6.64
7.96
7.85
8.15
5.00
6.82
5.74
3.30
6.71
6.72
6.62
4.30
7.24
7.83
2.70
9.00
9.59
9.05
2.78
7.96
8.28
7.65
6.34
8.15
4.69
7.57
5.10
5.39
4.85
7.45
8.70
6.68
7.51
4.80
4.89
8.30
7.87
9.70
6.40
7.30
6.47
5.96
6.56
5.66
5.07
4.28
7.21
7.06
10.70
6.63
7.85
5.26
6.85
4.08
9.52
4.15
6.40
4.40
7.77
5.37
7.29
7.21
6.04
6.47
9.70
6.78
6.51
4.43
6.39
6.21
10.20
6.57
2.03
5.06
4.82
3.49
11.52
6.70
6.67
8.07
7.44
3.46
5.85
4.40
2.70
11.30
7.30
5.80
5.49
9.28
7.42
8.30
5.30
2.81
6.72
5.82
5.60
7.36
5.13
12.05
4.67
6.85
6.05
5.92
4.17
8.70
6.14
6.10
6.74
3.28
4.74
7.47
6.77
4.11
4.71
4.00
4.39
2.22
7.16
5.54
6.94
8.96
5.39
5.00
5.00
5.77
7.00
3.38
5.32
7.76
5.11
3.66
5.30
7.63
7.77
9.32
6.55
7.42
8.04
5.51
5.59
11.00
8.49
4.40
7.12
6.60
3.61
4.09
8.40
7.51
4.74
6.22
8.51
8.52
9.10
7.12
5.66
8.70
7.71
6.23
7.11
3.30
6.99
8.52
4.26
5.00
5.47
5.54
7.36
7.32
5.44
9.05
6.47
7.64
8.06
5.92
8.48
4.68
6.03
3.40
5.00
3.87
5.64
4.17
11.15
3.33
5.33
4.66
5.95
6.00
3.30
7.28
5.03
3.88
6.52
7.10
3.59
7.04
8.89
8.14
5.82
6.77
6.29
4.10
4.34
8.15
6.23
4.92
4.18
4.03
5.44
5.74
5.92
7.13
8.89
7.30
6.54
4.26
6.56
6.66
5.52
5.05
3.85
3.27
9.39
7.30
7.15
2.60
5.37
5.00
9.22
7.92
10.34
5.42
5.48
8.24
5.63
5.15
9.66
8.62
6.17
6.69
5.57
6.70
3.48
7.48
7.93
7.80
6.74
6.49
8.77
8.52
8.57
3.29
3.82
9.54
8.52
6.05
7.36
10.22
4.57
6.35
4.21
7.26
8.40
3.14
5.37
7.77
5.92
4.39
5.10
7.05
6.52
6.95
4.37
8.64
5.88
4.14
5.40
5.10
9.52
8.21
6.00
6.95
8.52
10.05
6.35
4.56
6.42
7.60
4.95
4.30
4.11
3.72
6.35
9.09
2.85
3.92
5.11
5.85
8.07
9.10
6.07
4.80
7.09
6.33
6.27
6.59
7.80
4.36
2.15
6.00
7.62
7.11
6.24
5.75
1.57
5.33
7.49
5.14
8.20
1.82
5.68
4.76
8.09
5.67
8.07
7.00
8.02
6.90
3.96
5.49
8.00
6.42
5.24
3.35
9.20
0.49
5.74
6.82
8.05
7.44
10.52
5.57
3.05
8.24
8.00
5.30
9.15
7.91
7.64
5.23
10.10
5.94
6.71
4.77
4.52
6.19
5.13
7.10
2.70
5.63
4.72
9.87
3.63
4.89
5.89
5.40
6.48
5.67
8.40
8.39
6.83
5.11
7.92
6.33
6.59
4.74
6.22
5.35
7.66
3.61
8.70
9.30
6.18
6.82
7.35
3.14
8.70
7.14
6.23
4.00
8.64
5.17
6.96
5.12
7.24
6.55
4.77
7.54
2.98
7.77
8.82
6.02
4.82
4.55
6.82
6.63
8.71
8.70
5.59
7.46
5.92
7.85
5.74
7.01
3.60
7.56
9.10
4.00
6.07
3.08
3.59
5.68
3.69
7.34
4.07
8.40
7.33
5.99
2.78
5.26
3.96
7.60
7.51
6.40
7.97
7.72
3.80
5.60
6.71
3.53
4.74
7.17
7.74
8.05
5.12
6.01
5.39
6.68
4.85
6.22
3.58
7.80
5.92
2.30
7.66
4.48
7.82
7.85
8.05
7.67
4.48
3.92
5.41
7.60
2.90
5.67
6.89
8.77
4.96
5.89
7.10
5.49
6.74
4.54
9.35
5.54
2.70
7.68
6.85
8.05
7.00
4.00
7.47
3.48
3.39
6.10
6.05
8.96
7.24
6.12
8.49
7.95
10.52
4.89
7.05
9.30
4.43
6.57
4.73
6.72
6.54
7.77
4.90
5.32
5.45
5.96
3.00
7.48
3.65
5.23
6.72
8.26
9.40
5.21
6.57
4.62
8.28
8.10
5.54
5.92
7.19
4.28
5.52
3.85
6.72
3.52
3.52
3.80
6.12
4.46
9.52
4.00
5.57
5.14
4.88
5.43
8.10
4.59
5.74
6.32
9.00
3.60
6.25
7.72
3.23
8.70
6.96
6.00
7.50
7.08
8.82
5.85
4.83
6.24
3.80
6.52
5.68
8.40
6.00
9.96
6.81
9.92
5.41
5.65
5.40
8.00
5.18
5.68
9.30
7.68
8.10
6.56
5.11
6.46
9.15
8.56
4.78
5.70
3.75
4.85
6.15
6.70
7.68
5.05
3.15
5.39
6.19
7.28
3.59
4.63
5.32
8.48
7.70
7.30
8.54
5.97
6.85
4.94
5.24
9.09
4.28
7.27
6.39
4.92
7.35
7.15
7.05
10.10
2.92
8.86
5.28
4.68
4.31
4.54
5.02
4.62
8.70
8.66
8.05
9.36
9.00
5.85
5.92
7.74
5.92
5.70
6.33
5.36
4.59
6.56
6.72
3.70
3.91
9.17
11.15
8.80
6.12
5.21
5.37
1.60
6.38
6.96
7.17
1.78
6.34
2.70
7.41
6.15
6.89
5.15
6.35
9.70
4.55
7.14
8.72
5.05
2.43
9.70
9.15
6.34
7.38
9.24
4.55
6.77
4.28
5.36
5.64
5.22
9.40
7.33
4.71
4.21
6.69
7.70
8.08
7.22
6.15
4.70
4.89
8.10
7.17
7.41
7.78
5.95
1.82
10.17
4.82
7.74
6.82
8.00
6.41
8.30
6.10
7.12
9.34
6.25
6.52
4.62
4.03
4.25
6.27
7.14
7.95
7.70
7.80
8.41
4.12
5.70
5.21
4.00
5.15
9.01
2.70
2.89
8.00
8.15
4.85
6.49
6.80
6.57
6.71
9.10
8.68
6.37
2.80
5.77
7.17
8.59
7.70
7.06
6.68
10.17
7.16
5.10
4.16
8.20
6.76
7.14
7.89
6.43
3.78
4.00
5.22
5.30
4.11
5.09
9.70
6.26
7.66
5.33
6.50
8.82
4.52
8.70
8.60
8.36
8.22
8.81
6.18
7.80
6.30
9.00
6.74
6.10
6.03
5.99
7.11
7.53
2.24
7.43
6.85
6.80
6.66
4.59
5.46
6.68
9.80
4.97
5.46
7.41
7.40
6.29
8.10
4.96
4.14
4.00
4.85
10.57
5.95
5.24
6.70
4.56
4.70
5.84
7.52
3.70
7.22
3.84
3.32
7.52
6.89
6.92
6.85
5.55
7.48
6.00
8.96
3.49
6.00
6.89
6.52
5.17
6.96
5.48
5.76
8.40
4.38
8.40
5.85
3.14
6.34
5.75
7.55
7.74
8.00
3.63
7.55
8.37
8.00
6.89
7.40
5.26
5.77
5.18
9.00
8.70
5.70
4.89
6.34
8.40
5.35
4.17
7.35
8.97
5.30
9.23
7.31
5.82
3.88
4.24
6.70
7.64
4.18
5.74
5.08
4.60
5.02
5.07
6.29
4.92
4.70
6.63
6.57
4.59
11.68
4.00
6.16
4.71
8.42
8.62
6.17
2.80
4.59
7.72
7.80
7.43
2.46
3.38
4.85
5.70
5.22
10.55
7.05
5.82
7.66
2.70
7.95
7.42
7.05
8.30
6.04
4.71
8.50
5.38
4.95
8.28
7.22
8.52
7.00
4.39
6.39
5.31
4.80
6.68
6.00
5.89
3.90
8.10
7.59
7.12
15.00
8.70
9.00
7.19
4.94
7.34
5.17
5.29
7.39
4.71
9.00
7.34
6.17
2.77
7.92
7.82
4.47
5.64
7.07
7.06
11.52
8.40
9.00
6.49
4.96
6.49
7.40
8.22
7.13
7.40
8.15
8.30
6.00
4.00
6.12
4.52
6.57
6.54
5.81
5.74
4.07
10.65
3.74
5.72
5.31
7.89
3.98
1.98
5.89
4.84
9.52
5.92
5.74
6.92
4.40
6.48
8.40
6.05
7.32
3.19
6.62
3.96
9.10
6.05
7.57
7.14
6.23
5.77
8.96
8.32
5.06
7.86
7.15
7.40
5.27
7.92
7.80
5.93
7.89
7.70
9.38
8.70
5.74
6.55
8.80
6.82
7.20
6.97
6.70
7.68
8.51
5.96
4.08
4.41
7.77
8.70
9.22
7.24
5.88
13.00
5.49
5.85
6.00
7.85
8.80
7.00
5.70
7.96
3.57
8.85
7.39
3.64
6.61
5.59
7.62
6.66
8.05
6.82
6.50
6.15
7.70
5.15
4.99
7.40
5.44
6.23
4.46
4.80
5.54
4.03
4.48
6.00
8.20
7.77
5.21
5.19
7.89
7.42
4.60
8.80
9.16
8.82
7.57
7.92
6.11
7.28
8.22
8.15
6.40
7.60
4.00
8.70
7.41
5.89
9.70
9.09
4.10
6.71
4.03
2.92
8.68
3.17
6.72
5.00
7.89
8.37
10.12
8.22
6.42
8.92
6.40
5.48
4.70
5.44
6.59
8.49
8.10
8.11
5.14
5.89
7.77
8.18
10.00
6.60
5.88
7.19
3.51
9.05
8.19
6.70
7.49
7.59
6.55
5.00
2.66
6.82
5.75
8.48
6.12
5.10
4.21
8.97
5.00
9.00
7.70
6.31
7.92
9.09
10.00
5.34
5.10
7.95
3.89
4.12
3.30
5.62
9.74
6.77
2.11
5.10
7.82
6.80
9.85
6.34
6.20
10.52
8.66
4.07
3.60
5.82
4.95
7.57
3.05
3.82
7.56
11.41
8.72
7.66
7.59
4.60
3.05
9.49
7.96
6.55
6.10
5.30
6.64
3.77
7.77
6.60
8.64
3.41
8.75
4.25
3.77
6.07
7.38
4.85
6.92
6.05
8.10
7.66
3.31
7.10
8.52
7.62
4.48
7.82
5.24
11.68
6.62
4.92
7.19
6.89
7.12
9.03
5.22
7.18
9.48
7.31
9.70
8.80
6.73
5.96
6.35
4.53
6.46
8.77
7.39
5.41
6.57
7.57
5.33
4.52
5.74
3.34
8.65
9.10
8.09
7.10
6.06
7.15
6.37
6.15
5.10
7.54
8.70
6.11
5.82
6.80
5.97
5.53
5.82
4.01
6.80
5.47
6.64
7.89
4.52
4.89
5.80
4.20
9.28
7.96
9.07
5.64
5.22
5.16
4.64
4.52
6.19
7.89
8.32
5.11
3.84
8.32
3.43
6.23
8.10
8.42
4.20
7.47
6.70
5.57
8.00
5.22
5.54
6.88
3.12
6.18
4.17
8.05
4.27
4.74
5.55
3.43
9.00
4.62
5.89
6.25
3.72
6.73
6.01
8.70
3.10
9.96
6.26
3.80
6.30
9.92
5.74
6.14
6.34
7.60
5.82
8.10
3.42
5.39
5.74
6.10
7.41
7.42
6.17
1.70
7.52
5.80
6.62
3.57
4.71
8.19
6.37
6.04
8.72
4.60
5.95
4.34
9.00
6.17
4.85
4.68
9.76
5.51
9.80
3.74
6.29
9.15
5.75
5.22
7.44
5.16
4.48
5.24
7.10
6.74
5.44
8.52
4.80
4.25
5.28
9.72
6.94
6.57
6.62
4.77
5.24
6.67
7.60
4.82
9.57
8.24
7.70
5.41
5.23
5.96
5.66
4.51
2.51
3.64
6.59
8.20
8.07
4.89
3.70
3.22
4.51
4.08
4.89
4.48
7.49
4.17
8.35
6.02
7.90
6.92
8.77
6.90
4.79
7.37
6.90
7.74
5.21
4.70
6.40
5.59
3.00
5.00
2.74
9.32
7.89
9.00
6.82
8.70
12.00
6.17
9.82
4.62
6.37
5.25
5.24
1.68
3.18
7.79
3.25
8.40
7.00
7.60
9.51
10.00
5.82
8.77
4.89
8.55
5.52
7.00
6.25
4.26
2.80
5.15
8.98
7.66
5.77
3.31
6.50
4.70
4.51
8.40
3.00
7.96
5.99
4.52
6.77
6.36
4.60
6.30
6.10
4.44
3.00
4.84
5.72
7.54
7.70
7.82
5.57
5.80
3.52
6.57
4.32
7.80
8.33
5.45
7.28
9.05
6.29
5.74
4.25
7.03
5.36
5.24
6.74
4.77
8.34
5.47
4.66
7.40
7.44
4.61
5.82
7.95
8.70
8.70
9.28
7.48
3.75
8.34
6.60
4.60
7.66
6.11
8.00
5.00
6.12
5.57
6.22
1.71
7.42
7.89
7.62
6.85
3.95
6.08
8.05
7.94
5.49
8.40
6.87
5.20
3.84
7.61
4.95
4.15
6.52
10.00
5.40
3.10
6.85
8.70
6.49
6.42
8.00
9.22
1.96
4.85
3.90
8.08
4.39
4.38
8.40
6.91
10.25
7.77
8.15
4.00
6.73
6.03
6.04
8.00
8.96
6.82
4.66
7.18
3.94
4.96
3.77
5.88
5.37
7.08
6.23
9.70
3.48
5.64
5.89
9.70
5.33
5.06
6.72
4.18
6.52
5.15
5.12
5.90
4.42
6.00
5.96
7.96
3.30
8.66
6.08
4.01
3.47
4.92
6.24
4.85
4.28
4.70
6.44
5.89
3.79
8.47
3.55
5.70
6.92
2.40
6.12
7.35
5.36
4.02
5.16
5.19
7.49
8.47
6.92
6.10
7.68
6.22
5.43
4.77
5.03
3.22
3.15
3.82
8.14
7.39
6.69
5.68
5.52
11.00
6.29
4.29
7.96
5.44
10.20
9.43
5.24
6.92
6.14
7.46
6.06
6.74
4.70
9.42
7.28
4.26
6.18
7.66
9.00
6.08
8.24
7.85
5.10
4.47
5.47
3.39
5.20
7.92
6.01
4.99
9.15
7.10
7.60
1.40
7.40
8.30
8.51
7.70
3.89
9.05
5.46
6.07
8.82
6.48
6.92
3.74
4.05
4.64
6.46
6.64
4.57
6.60
6.57
7.28
5.74
3.47
7.89
8.70
10.30
11.23
5.05
6.52
8.14
8.68
8.70
7.89
3.86
7.66
7.89
6.96
5.70
6.00
7.72
10.24
7.29
3.54
5.88
7.57
8.77
3.53
3.40
4.53
5.73
5.40
7.82
4.00
6.63
7.60
4.33
7.04
4.87
8.00
9.48
8.22
7.01
6.54
6.74
7.05
3.60
8.20
6.90
4.53
7.34
6.00
5.60
7.38
6.60
10.19
5.34
4.30
6.85
7.17
7.77
4.66
8.15
6.29
2.70
1.75
6.40
7.19
9.34
7.53
4.17
6.60
7.80
4.52
4.96
6.89
2.36
5.24
3.46
4.20
7.47
6.84
3.52
6.44
6.22
5.74
4.99
7.42
6.13
5.62
4.54
5.00
6.59
9.70
7.30
4.70
4.77
10.00
4.35
7.48
8.32
6.96
9.70
7.28
6.47
8.50
6.80
3.94
3.37
7.46
6.83
7.38
6.92
7.19
3.95
7.70
6.36
5.85
8.54
6.54
4.13
7.92
3.77
5.48
7.80
4.83
2.96
4.55
4.74
7.40
7.11
2.63
4.50
5.21
8.10
7.42
6.82
9.43
6.44
5.96
7.60
8.05
5.63
5.20
6.23
5.42
10.10
6.30
7.66
5.09
6.22
6.42
4.28
6.20
5.57
6.66
4.10
9.30
4.46
11.30
4.14
6.65
5.82
7.70
10.49
3.96
7.02
3.46
5.09
5.00
5.70
7.66
4.48
8.35
5.70
4.27
10.00
5.00
4.86
6.65
5.69
4.07
3.96
5.15
5.97
4.54
4.79
7.22
4.62
6.72
9.00
9.00
5.89
2.34
3.86
5.84
6.64
6.15
8.10
3.30
8.05
7.77
7.68
4.00
8.00
8.22
9.40
5.46
7.25
5.51
3.40
3.10
2.55
11.30
4.39
7.23
8.48
4.77
7.89
5.30
6.11
7.55
10.00
8.19
7.64
6.55
7.60
6.15
4.48
8.10
8.62
5.46
6.60
8.30
7.96
6.20
3.00
4.74
5.52
7.85
3.66
5.01
7.70
2.30
3.98
5.84
4.74
10.21
5.58
4.91
3.39
5.89
6.70
6.05
7.17
4.70
4.75
8.05
4.57
4.26
5.43
6.99
7.96
3.24
3.42
7.05
5.82
5.52
7.44
5.22
7.37
7.19
8.22
8.52
7.19
7.82
8.79
5.70
7.20
4.30
7.48
6.33
7.62
7.59
7.00
6.05
5.52
7.52
8.57
8.03
7.64
5.24
8.00
5.64
5.27
7.87
8.05
6.48
8.10
4.22
8.82
3.89
5.60
4.85
6.55
4.25
5.10
7.39
6.92
10.10
8.22
6.57
3.80
3.00
7.66
6.73
6.25
6.12
5.81
4.16
6.62
8.80
1.05
8.09
7.05
5.25
7.70
7.77
4.71
7.00
7.24
6.84
8.74
4.80
8.17
4.85
6.62
8.70
4.15
7.12
4.31
9.52
6.96
5.54
7.96
6.70
7.32
4.72
5.24
6.42
5.76
5.24
6.10
7.25
4.09
7.72
4.34
8.89
4.91
8.28
5.62
9.00
5.74
8.82
7.09
9.00
5.54
7.52
8.37
0.66
6.80
6.85
5.96
4.06
7.48
4.35
6.59
4.48
7.18
5.48
5.28
7.30
5.66
5.32
8.70
7.70
7.48
7.59
5.81
6.39
4.89
5.15
7.00
6.80
6.22
6.16
8.12
6.27
5.35
7.35
7.36
4.72
7.24
5.40
8.04
4.39
5.00
6.30
8.40
8.34
7.66
5.08
8.52
7.68
7.68
5.36
7.49
6.82
7.36
8.01
5.70
6.33
7.92
6.66
4.26
5.12
6.77
5.35
7.13
8.46
2.77
11.30
9.04
4.80
7.89
8.00
4.02
2.92
8.11
4.52
6.89
5.35
9.30
8.05
5.80
3.30
8.09
5.92
3.13
6.21
6.06
8.70
2.85
4.52
6.11
9.40
6.40
3.23
6.30
4.20
6.73
5.13
9.30
5.68
6.00
7.32
7.38
3.22
5.59
6.40
5.96
6.70
7.96
4.43
8.00
3.40
4.42
9.10
8.37
2.32
9.20
6.37
3.12
3.46
8.89
4.70
8.52
2.10
6.46
7.21
8.15
7.92
5.46
6.62
6.29
4.02
5.43
6.62
7.04
6.14
4.98
6.30
5.09
6.00
5.77
5.00
7.40
7.77
5.41
7.75
6.06
6.27
4.07
8.66
9.85
4.84
6.82
7.70
6.54
5.89
7.14
6.97
8.82
7.92
7.68
8.60
7.09
6.18
3.87
4.26
4.85
6.77
7.66
2.74
7.82
5.35
6.77
2.00
6.54
7.82
6.30
8.40
3.03
7.19
7.10
6.43
8.05
4.96
7.96
6.32
8.39
5.28
6.02
7.24
6.77
6.66
4.30
4.47
4.69
6.15
7.24
6.37
9.82
8.52
7.74
8.15
4.48
5.72
3.95
7.43
7.27
5.13
7.28
7.66
6.05
7.40
7.68
7.10
8.52
8.46
5.88
8.12
4.26
5.26
6.39
8.19
6.70
4.85
7.77
4.19
8.09
6.44
7.70
5.64
6.28
7.85
9.52
8.64
7.70
4.77
6.62
4.48
6.82
7.17
3.99
5.15
8.42
4.40
8.31
5.92
7.60
6.10
4.90
8.05
10.37
4.21
5.41
6.22
6.68
8.04
6.49
7.06
6.16
5.47
12.70
5.72
2.52
5.99
4.35
6.05
4.57
7.96
6.00
8.10
4.70
7.41
4.97
4.21
9.22
7.16
5.64
8.62
8.15
6.60
6.99
5.72
4.96
5.14
4.77
5.64
4.00
5.52
7.14
8.43
7.60
8.80
8.30
8.18
6.15
5.51
8.16
6.64
6.62
3.94
6.90
6.38
4.43
5.08
5.04
5.49
7.13
7.96
5.66
3.86
8.85
6.40
3.87
7.25
10.00
7.28
4.39
6.44
6.89
7.89
3.60
5.51
6.11
5.66
6.10
4.64
5.92
9.36
7.38
5.60
5.82
6.73
7.44
7.59
8.35
4.31
7.35
3.61
9.26
2.30
6.85
7.10
9.48
7.13
5.02
6.62
5.66
4.91
7.33
6.68
4.25
6.25
5.82
5.80
8.82
5.10
8.17
5.51
7.03
3.98
7.22
6.22
2.22
6.07
3.03
5.96
5.64
8.82
7.31
5.85
3.32
6.29
4.16
6.96
9.37
9.70
8.16
7.04
6.53
5.88
6.40
5.82
7.75
7.36
5.72
3.35
7.89
8.89
6.40
7.02
6.82
7.02
7.31
7.21
4.60
8.52
6.62
3.44
4.47
5.04
10.80
4.54
4.70
4.70
9.39
7.44
6.66
7.10
5.40
2.00
8.52
4.74
6.50
7.18
7.74
4.49
6.39
12.30
7.26
9.72
6.11
6.59
5.72
7.52
5.42
4.85
8.80
8.52
8.30
3.70
4.96
5.28
10.05
5.63
4.74
5.62
5.35
7.66
7.19
5.80
9.04
9.30
3.80
5.30
5.05
7.39
3.60
4.80
7.03
4.96
8.52
3.77
8.57
7.52
2.22
6.82
2.98
6.84
1.24
10.00
7.70
5.25
7.24
7.22
2.74
7.41
6.46
6.26
7.54
4.11
5.54
8.10
2.24
7.02
4.85
6.68
7.77
2.57
7.38
5.79
7.74
3.70
9.31
5.00
8.40
11.24
6.48
8.15
7.42
6.82
5.82
7.96
6.74
6.52
8.00
3.89
3.96
7.89
4.70
6.74
3.35
2.99
5.70
7.30
5.35
7.00
5.26
6.41
9.00
7.08
4.12
5.08
3.50
4.67
7.39
9.18
6.07
7.80
5.34
7.97
9.07
5.66
4.26
6.62
6.00
7.46
5.77
7.62
10.43
3.32
5.08
4.36
4.00
4.77
3.80
3.00
3.72
6.85
6.82
7.17
3.74
7.22
6.63
7.64
8.24
5.37
4.52
7.66
2.40
4.98
8.00
7.15
5.04
6.23
8.89
5.05
8.31
6.54
3.33
7.33
8.05
7.92
4.31
3.00
6.08
7.68
4.20
5.70
3.22
8.05
4.65
6.70
7.51
5.36
7.24
6.32
6.00
7.62
3.82
5.96
4.52
5.55
6.38
6.89
5.70
3.11
5.80
6.68
7.70
7.49
7.62
5.38
5.70
5.96
5.61
8.55
4.50
6.52
9.89
8.52
6.53
7.19
5.96
2.40
10.80
10.00
5.19
7.05
4.92
8.77
6.49
7.36
6.94
5.05
9.31
6.29
7.82
5.44
6.45
7.48
4.30
3.30
5.19
3.62
7.84
9.89
6.60
8.48
3.05
6.89
7.52
9.30
6.52
5.40
3.37
4.19
8.15
8.03
7.92
7.83
4.48
6.82
7.46
7.70
7.42
6.87
8.46
5.82
6.37
4.70
5.22
4.03
5.21
4.32
6.43
6.47
5.94
6.41
4.76
3.60
7.20
7.44
7.30
3.70
5.68
6.10
4.66
6.16
8.04
7.96
5.12
7.43
8.44
8.47
7.92
5.96
6.17
5.38
4.46
8.08
6.21
5.74
3.05
4.90
6.68
7.22
8.89
6.08
5.86
5.64
6.52
5.11
7.37
6.40
9.52
6.76
5.48
5.00
8.10
8.85
4.85
5.35
7.38
7.81
9.17
7.24
3.05
0.75
8.40
6.40
3.01
8.30
5.66
4.00
7.66
4.42
8.40
6.30
4.19
3.84
5.04
4.38
6.05
5.05
6.59
8.01
4.86
5.14
6.00
4.00
6.40
11.29
3.63
4.45
7.57
5.57
3.74
2.15
6.61
5.30
6.06
10.54
6.46
5.77
7.29
4.64
9.40
5.05
5.64
7.77
6.51
6.82
6.30
8.00
5.05
6.07
6.40
6.43
7.28
4.04
9.57
6.68
5.38
6.85
6.97
7.59
7.35
9.62
8.03
5.10
7.36
6.70
6.33
5.04
6.52
5.29
7.70
8.40
4.46
7.89
6.60
3.15
4.53
7.28
6.17
9.12
5.70
4.70
6.02
5.95
7.60
5.51
4.34
8.70
5.50
3.76
9.05
10.60
6.48
9.51
7.36
5.74
8.06
9.00
8.00
8.15
7.92
6.61
5.22
7.15
7.25
6.41
7.15
8.25
5.77
6.81
5.97
7.77
5.96
3.10
7.96
10.01
4.70
3.70
4.60
7.24
6.30
7.00
7.05
7.46
5.21
6.60
6.82
7.86
4.48
5.41
7.15
8.48
8.00
4.15
6.07
8.90
6.10
11.54
5.43
6.41
6.54
2.79
5.50
7.38
5.21
8.22
7.00
8.10
6.01
4.68
9.01
5.01
7.82
7.28
5.01
2.86
4.52
5.34
8.01
8.48
8.70
3.70
5.73
7.00
6.82
5.80
6.92
7.36
7.33
6.26
8.04
1.52
6.45
6.30
7.82
6.29
8.00
1.27
5.36
3.00
3.74
6.44
4.74
2.19
4.92
8.70
5.96
8.29
4.61
7.80
6.82
7.36
8.42
2.41
8.10
4.08
7.35
5.14
3.79
6.21
6.27
7.92
4.08
6.96
4.30
3.77
7.60
2.55
6.07
6.86
5.79
5.66
7.23
7.77
6.24
8.26
4.65
7.04
5.00
6.44
8.62
2.44
6.47
6.44
4.59
6.08
7.34
7.54
3.72
7.44
7.68
3.36
7.14
4.52
5.39
6.84
6.17
4.16
8.34
8.48
1.40
4.30
7.05
5.05
6.60
7.85
5.01
5.89
9.70
4.17
5.38
4.68
6.55
2.95
6.54
8.74
9.89
4.52
5.48
11.70
7.54
7.41
6.39
5.44
10.15
5.01
3.77
3.46
7.10
7.80
7.31
6.35
6.00
5.87
9.55
7.00
3.71
7.12
3.96
8.70
10.71
6.25
5.72
6.70
5.96
10.66
7.24
9.00
4.43
8.55
5.82
6.19
10.00
6.32
9.35
4.63
5.15
11.35
3.47
6.64
8.52
10.55
8.10
8.20
8.72
6.34
8.00
6.11
7.13
5.44
4.34
8.46
4.96
4.60
5.92
8.09
6.81
7.12
3.88
4.52
4.30
8.40
4.38
4.43
6.71
6.23
5.74
6.48
6.80
6.63
5.51
5.77
4.52
5.70
5.77
5.85
6.82
4.77
8.37
8.15
6.10
6.82
11.32
7.70
7.74
5.40
5.21
3.17
9.47
2.98
7.51
7.07
6.22
13.42
6.77
6.80
8.19
4.11
4.37
7.37
7.62
6.62
7.52
5.97
5.80
4.17
5.54
5.74
3.66
3.20
6.85
7.90
6.70
5.03
7.31
3.15
7.82
6.50
7.85
5.40
2.82
7.74
8.27
7.39
6.58
5.12
5.82
6.49
7.48
7.52
6.12
5.92
5.98
7.70
7.36
7.60
6.77
4.85
4.99
6.81
5.46
3.44
7.64
8.66
9.30
5.52
6.70
5.43
8.00
2.92
3.11
7.30
5.27
7.22
3.15
1.74
5.55
7.62
4.96
9.10
6.10
6.42
6.51
4.82
7.82
5.27
5.77
4.17
6.35
3.20
7.54
8.30
6.41
5.30
8.15
4.15
4.00
5.40
7.46
4.60
7.10
5.19
6.29
5.32
7.20
3.69
7.30
5.16
9.15
9.00
8.55
6.21
3.35
5.24
4.95
6.92
6.24
3.70
4.10
8.92
8.40
7.30
5.89
8.26
7.59
3.85
6.05
2.52
5.25
6.54
7.51
8.00
8.54
7.59
5.30
3.89
8.28
5.48
5.40
3.96
8.30
7.85
6.48
6.04
7.15
8.80
4.25
4.22
2.92
5.96
9.00
3.89
4.49
6.49
4.59
7.66
7.21
7.26
6.86
4.76
6.42
6.19
6.80
7.51
7.59
6.39
6.29
6.16
4.10
3.55
2.89
6.05
7.15
7.12
7.92
8.21
5.96
6.62
5.11
8.27
5.00
9.37
3.60
4.42
3.39
5.74
5.76
4.01
7.55
4.68
6.47
2.00
5.08
7.46
4.71
7.68
5.68
2.77
6.49
6.87
7.52
4.65
6.92
8.30
4.60
6.04
8.92
6.10
11.30
5.70
5.06
4.59
9.40
2.12
6.43
8.70
8.57
3.30
7.66
5.19
8.10
4.44
4.77
5.22
3.21
4.47
5.08
7.52
3.97
6.79
4.50
6.51
3.36
6.74
6.25
7.40
6.73
2.71
3.40
5.54
5.70
4.00
7.51
6.52
6.48
8.85
5.23
10.72
10.01
6.70
6.41
5.11
5.62
4.10
7.94
6.03
6.35
7.74
6.19
8.69
8.51
4.83
4.19
8.10
6.55
4.69
4.64
7.70
6.17
9.22
8.80
6.80
5.09
5.05
6.89
5.40
5.77
4.66
4.51
7.74
6.52
8.11
8.89
7.36
5.86
4.54
6.37
6.42
5.47
7.36
10.52
6.76
7.07
6.38
5.34
8.57
7.55
7.60
5.89
4.23
7.72
4.59
6.52
5.00
5.89
6.17
8.00
7.80
4.72
6.82
6.15
6.55
7.89
6.46
5.38
6.43
6.72
9.27
6.18
8.74
5.22
6.80
9.10
4.41
4.02
6.00
6.44
7.72
4.49
6.10
6.28
3.68
9.34
5.82
6.27
8.80
5.89
9.30
5.22
5.70
9.07
7.12
9.00
6.74
7.15
6.28
9.40
6.45
7.65
3.88
6.24
6.72
1.35
9.52
6.91
6.21
1.10
4.11
2.70
7.31
5.82
7.57
5.74
4.00
4.54
7.19
6.37
3.80
10.70
6.30
4.44
2.00
8.00
6.70
6.80
7.64
4.96
6.42
6.22
7.22
7.46
9.15
7.52
8.04
5.57
3.95
6.30
3.60
6.30
8.20
5.22
4.20
6.97
6.96
10.70
6.30
4.70
6.50
5.59
8.28
3.90
3.37
4.89
7.39
6.91
9.52
4.41
8.11
5.40
7.55
7.42
7.89
7.37
5.59
5.15
8.36
7.49
5.68
5.74
4.50
8.47
6.17
6.12
10.08
8.10
8.47
7.37
8.15
6.09
7.90
4.62
6.32
2.44
6.05
5.46
3.38
5.30
4.00
6.80
6.31
4.71
5.89
3.30
4.52
10.81
7.05
3.10
6.20
7.64
3.91
6.97
5.90
6.43
7.04
6.61
6.08
3.30
5.37
7.80
5.26
4.80
5.43
4.53
8.10
8.00
6.30
6.96
7.92
5.61
7.52
4.46
3.71
4.28
7.00
10.00
7.37
7.72
5.90
13.00
6.54
4.31
4.82
8.47
9.40
4.56
8.22
7.69
5.96
7.12
7.94
4.60
8.59
4.14
6.77
6.02
4.66
8.00
8.66
4.52
4.54
6.16
6.85
5.59
6.40
11.07
3.37
4.53
8.44
6.71
4.59
7.19
5.19
5.52
7.90
7.66
7.66
9.40
4.55
1.75
11.28
4.52
6.41
7.55
5.08
4.24
7.25
6.33
7.03
5.31
5.33
5.80
7.55
7.00
6.64
5.23
5.31
4.73
6.19
5.32
8.57
4.92
6.07
5.43
5.72
5.39
7.38
8.10
8.33
6.14
5.14
6.30
7.82
4.10
7.16
3.87
8.14
6.70
7.03
8.22
9.00
8.41
4.02
5.89
7.28
5.51
5.13
8.36
4.27
6.49
8.96
6.25
6.40
7.64
7.35
7.66
7.40
9.70
3.03
4.22
8.30
3.01
4.40
9.33
6.39
7.92
3.99
5.52
6.00
7.61
5.96
8.46
8.00
4.54
5.34
8.77
7.37
3.85
5.66
6.02
7.40
4.57
4.92
4.30
8.19
6.46
6.00
8.64
5.16
2.55
6.48
7.15
7.24
7.60
6.60
8.74
8.05
5.98
3.52
6.52
4.74
7.28
4.26
7.77
8.07
7.19
6.36
8.17
5.34
3.96
3.80
3.66
4.91
4.60
7.28
7.70
10.44
6.35
3.66
6.67
7.23
7.92
7.60
6.29
4.59
4.24
10.21
8.22
6.60
5.54
2.23
9.52
9.30
6.01
3.73
6.86
7.96
4.42
8.52
8.52
3.48
5.57
8.09
5.82
9.10
9.42
7.00
7.49
7.30
5.70
4.22
7.52
3.84
8.02
7.94
6.77
7.23
2.84
4.48
5.70
8.96
7.25
8.62
5.77
4.72
6.85
2.28
3.99
8.39
4.20
6.22
11.10
6.47
5.46
6.19
5.70
5.85
7.78
8.40
8.46
6.00
7.89
4.30
9.95
2.80
5.78
4.67
9.49
10.58
2.39
8.22
8.52
7.15
6.05
4.62
7.74
7.81
7.22
8.46
5.36
6.69
3.46
7.63
4.60
3.30
7.47
6.63
5.19
3.34
6.33
6.96
8.32
7.80
6.77
7.23
6.07
6.29
4.34
5.66
6.82
7.30
6.60
7.66
7.30
5.65
5.38
9.52
7.92
8.54
7.83
6.74
6.64
6.61
6.47
6.40
7.47
9.13
8.70
3.70
6.99
9.20
6.85
3.11
3.52
8.70
11.57
4.30
5.06
5.41
8.22
5.89
6.68
7.41
7.29
4.96
8.77
5.92
8.13
4.55
8.21
7.52
7.55
8.72
2.57
6.21
6.00
7.46
2.30
6.66
5.56
2.10
6.99
6.89
6.83
6.30
6.44
4.71
7.66
3.75
7.10
5.72
8.43
8.52
5.91
7.60
7.57
7.44
7.30
4.55
7.35
5.12
8.15
8.41
2.68
6.30
6.52
8.94
2.52
6.12
5.12
7.13
8.22
3.42
7.88
5.70
3.94
3.50
6.61
7.01
7.70
7.13
5.82
6.00
4.49
5.22
5.25
6.96
6.68
8.30
4.78
7.41
7.30
9.00
6.85
6.10
7.74
3.77
5.89
8.70
7.75
6.43
5.96
8.40
3.92
8.32
8.40
4.54
5.55
7.64
8.09
6.62
5.77
9.30
7.55
9.15
6.35
7.80
5.57
6.20
5.92
4.65
6.96
5.06
6.64
4.02
7.11
12.00
9.89
4.27
3.36
8.70
7.85
7.89
2.70
6.00
5.68
6.57
7.26
6.14
3.90
5.85
6.80
6.09
6.52
4.01
7.13
9.64
6.47
3.17
8.40
8.36
9.46
5.32
5.60
9.04
5.86
5.92
9.64
6.17
5.30
8.19
9.00
8.15
4.51
7.62
5.87
10.80
5.59
8.30
5.02
6.52
5.00
7.35
1.85
5.43
6.22
8.59
3.55
6.32
7.93
5.70
4.54
7.42
5.89
8.00
6.00
5.07
7.90
6.82
4.14
9.05
10.00
8.80
9.24
9.56
2.69
6.40
3.10
7.70
4.82
8.22
9.89
4.30
9.72
5.30
4.42
7.31
5.89
7.92
7.96
4.84
7.21
7.17
7.15
5.31
6.29
7.40
6.33
4.72
8.23
7.40
8.22
5.77
8.18
6.77
5.07
6.26
7.05
7.55
6.49
7.22
6.24
9.30
8.40
5.17
6.77
5.14
6.11
6.05
7.40
10.46
5.90
8.60
6.64
7.41
4.32
3.52
4.95
3.70
8.19
7.59
7.77
6.22
8.37
6.64
8.08
7.86
6.80
7.62
4.48
5.44
8.38
5.89
6.63
4.47
4.11
4.22
10.00
9.28
6.63
5.21
4.00
5.11
12.00
8.72
8.52
7.77
5.62
6.20
1.64
3.77
6.57
5.05
7.54
8.95
7.22
7.52
4.76
4.28
6.59
8.22
4.92
7.37
5.86
6.94
5.05
3.55
8.10
5.03
7.70
10.80
4.00
6.40
5.24
6.40
4.76
6.77
3.77
8.57
8.54
5.47
7.10
7.35
5.19
5.44
10.10
7.05
7.06
4.57
4.99
6.50
9.64
8.00
5.22
5.06
7.07
6.20
8.55
3.05
4.64
8.10
5.73
3.60
5.85
4.73
7.10
5.96
3.54
11.52
4.57
9.17
7.15
6.59
5.89
6.80
6.16
7.96
6.96
8.77
9.28
6.00
6.89
3.30
7.00
6.08
9.40
3.89
6.04
5.85
5.21
6.93
6.43
5.49
4.65
6.76
4.00
6.07
5.66
8.41
7.89
8.82
7.62
1.90
5.24
10.12
8.15
7.37
6.92
4.47
6.59
7.52
9.14
4.01
6.38
9.03
8.00
6.49
7.32
7.77
9.16
5.17
7.96
6.62
6.59
7.70
4.20
2.70
10.33
4.77
6.33
5.82
5.74
5.48
7.33
8.66
7.05
6.15
7.12
5.97
8.30
5.60
6.49
4.97
7.41
9.08
4.87
5.99
8.10
5.66
7.00
10.00
4.07
4.30
5.12
8.47
7.74
5.29
3.60
8.05
4.21
6.22
3.64
7.74
5.89
9.70
8.40
5.46
2.11
8.85
10.68
6.58
8.77
3.97
5.15
4.21
2.44
4.24
9.00
11.46
9.30
7.00
5.15
7.00
6.74
9.30
7.16
6.93
4.87
5.58
7.36
7.60
5.98
5.90
5.37
6.12
6.16
5.79
11.00
6.26
4.66
4.57
7.29
4.62
6.49
7.22
7.03
6.11
6.28
3.00
3.57
6.08
6.84
5.56
7.42
7.30
5.85
3.10
4.52
8.20
5.24
9.47
5.29
6.21
5.31
7.59
7.08
6.98
4.06
10.00
5.01
6.28
7.22
7.96
2.89
3.90
7.30
9.00
3.82
6.92
5.48
6.70
4.92
6.00
8.33
8.52
7.78
3.42
8.27
6.33
6.82
5.90
6.70
8.70
3.36
8.28
5.36
2.92
8.49
6.30
4.64
3.50
8.64
7.51
4.85
7.75
3.28
5.00
7.68
6.74
8.70
4.46
7.92
7.63
3.04
3.20
7.74
8.66
4.29
6.36
7.28
7.38
6.38
7.77
4.57
7.18
4.65
8.15
6.89
5.11
5.59
7.37
3.30
7.89
7.68
4.23
5.01
7.48
6.08
8.00
2.32
8.11
5.82
6.52
4.89
3.77
3.85
8.00
5.62
6.31
8.47
2.27
6.38
9.51
4.70
7.24
4.48
5.08
7.46
4.30
5.37
6.00
9.34
6.85
11.64
7.40
2.14
6.15
6.96
10.00
4.60
4.20
5.13
7.40
6.53
7.20
2.05
7.40
7.06
5.30
8.87
5.05
6.66
5.03
6.48
3.43
7.28
8.40
8.30
6.98
7.97
7.64
6.08
8.00
8.82
8.30
6.91
5.64
9.41
7.12
8.14
4.30
7.68
7.00
9.15
3.86
5.32
4.34
3.56
6.31
8.70
6.80
6.88
4.55
8.30
6.60
7.92
4.55
7.64
6.10
5.73
10.01
7.52
6.32
6.78
8.47
5.00
6.40
5.57
5.17
8.38
10.24
5.96
7.30
6.65
4.82
7.43
4.55
5.21
2.83
6.80
6.02
4.82
8.05
6.66
8.52
7.14
2.77
7.19
6.60
8.68
6.89
7.05
8.43
4.38
7.36
4.54
8.22
8.27
9.96
8.28
3.98
9.40
4.85
8.10
4.04
9.10
1.11
7.24
5.92
4.17
6.54
6.55
9.00
7.85
8.40
7.77
3.75
5.51
7.37
4.35
8.17
7.43
7.00
5.30
5.64
9.00
8.36
8.10
7.48
9.05
8.72
4.88
7.15
6.00
7.55
8.26
7.20
5.74
4.11
4.43
5.57
5.77
6.60
6.43
3.85
7.55
7.60
7.22
6.71
7.96
8.70
6.59
6.00
9.34
6.30
5.46
5.92
4.85
7.96
9.80
3.87
6.09
5.72
4.77
9.22
6.46
3.61
8.70
3.98
5.86
5.93
5.35
4.15
4.22
8.72
6.72
3.79
5.12
6.70
9.31
6.21
5.82
6.15
8.12
6.09
4.15
10.39
6.51
6.70
5.90
8.77
7.51
6.98
4.88
3.96
6.67
4.00
6.94
7.39
6.00
7.92
5.79
7.27
3.00
4.70
3.79
6.20
4.92
5.57
3.28
5.30
4.60
5.86
5.10
7.39
2.74
7.00
6.76
2.92
3.26
4.31
5.96
2.14
5.46
6.56
7.44
4.43
6.40
9.55
3.46
6.81
8.13
8.01
6.85
7.64
7.74
7.52
6.57
6.87
5.35
8.05
8.70
4.96
5.34
5.04
6.42
7.96
7.10
8.22
4.30
4.19
4.82
4.96
5.37
4.68
7.77
5.82
6.16
5.62
6.60
6.22
5.40
8.70
5.70
4.89
6.94
7.96
3.03
4.63
2.55
6.82
10.00
5.82
6.60
8.15
7.55
8.05
7.30
7.54
4.95
5.02
5.16
6.90
8.70
7.26
4.28
3.52
7.40
4.89
4.52
8.53
6.67
7.82
8.40
7.57
2.35
7.24
4.60
7.40
6.21
5.08
5.21
6.52
4.40
8.52
7.26
6.62
4.35
7.62
2.96
7.82
8.52
7.35
9.24
8.11
3.00
8.26
7.55
10.92
8.00
10.00
1.28
7.33
6.21
6.38
6.77
6.62
9.70
5.14
2.70
5.28
5.60
7.28
5.72
8.21
3.39
4.23
7.30
5.60
6.43
9.72
5.34
6.44
8.10
8.52
5.92
5.13
6.05
5.80
8.52
7.72
5.41
6.70
3.40
4.31
6.15
7.66
7.22
5.94
4.20
4.49
8.13
9.00
5.03
6.86
2.50
4.03
5.52
5.26
6.77
5.82
4.31
8.31
4.88
7.62
7.40
5.31
3.19
6.11
2.37
8.55
8.09
7.74
7.32
4.05
10.85
7.15
6.42
4.04
4.39
4.83
4.34
4.69
4.68
6.82
8.05
8.60
9.92
6.88
4.12
6.29
6.92
9.42
3.85
6.68
5.05
9.52
4.68
5.04
6.65
7.52
5.94
11.06
3.77
7.20
9.22
3.96
3.90
3.67
7.15
6.22
9.13
3.16
5.57
10.52
6.70
8.40
8.85
6.30
3.68
4.07
7.10
6.60
6.54
8.09
8.96
5.85
6.31
5.24
6.87
5.59
8.04
4.30
5.00
8.82
6.74
5.96
5.78
4.87
3.87
5.77
7.70
8.89
6.72
5.57
4.70
7.89
7.76
6.24
6.06
5.40
8.38
5.52
2.15
6.62
9.77
2.88
5.18
0.82
4.21
0.60
6.44
3.03
8.11
5.96
4.66
8.70
4.82
5.82
3.72
9.30
6.77
7.70
7.11
6.10
6.59
8.30
8.63
7.02
7.24
5.60
1.66
8.52
8.72
4.47
7.72
7.62
4.70
3.86
5.07
8.42
5.35
5.17
7.85
7.41
5.22
4.40
10.96
4.82
5.41
6.40
5.56
4.89
5.79
7.72
8.22
5.20
7.17
6.85
8.64
9.70
7.46
5.68
9.00
6.00
5.54
7.12
4.92
5.70
5.01
8.24
7.03
4.77
7.68
5.55
8.70
4.06
6.89
5.80
3.46
7.46
6.60
5.22
8.20
5.64
4.64
1.55
6.82
8.05
4.62
4.59
7.68
6.88
4.64
8.15
7.68
8.15
4.16
6.79
4.93
5.03
9.27
8.52
6.33
5.32
9.00
7.70
6.70
2.94
6.49
4.93
5.30
7.15
5.92
5.62
6.23
6.02
5.77
9.30
9.00
8.62
4.22
3.30
7.24
5.68
8.30
5.04
5.39
6.07
6.40
9.14
7.89
5.15
5.60
5.32
8.70
8.15
5.03
8.38
5.03
3.96
4.49
5.59
6.42
6.17
8.16
3.30
4.40
10.27
4.57
6.21
2.13
4.96
8.62
5.74
6.55
6.70
9.00
5.21
6.70
5.10
6.63
8.15
5.17
7.00
5.85
5.56
5.80
6.40
3.26
6.12
7.07
5.96
9.29
5.57
4.98
2.22
7.54
2.46
3.55
3.38
8.70
6.08
6.29
7.15
5.27
6.87
6.28
8.22
7.70
4.70
5.27
7.68
4.52
6.24
4.80
8.52
5.12
5.82
9.08
3.73
1.44
5.66
4.38
8.52
6.30
4.22
6.78
5.39
8.15
3.00
6.12
6.44
9.80
6.96
6.00
4.84
5.34
4.00
3.30
3.70
8.52
8.30
9.71
4.57
7.77
6.59
7.77
5.77
7.32
6.62
7.00
2.40
7.00
7.66
6.31
6.21
8.43
5.03
9.78
6.02
4.62
6.36
5.43
6.67
2.70
7.70
9.40
7.49
7.36
9.40
7.12
4.31
3.93
3.19
9.30
5.80
6.44
4.26
8.51
4.29
8.40
8.80
10.57
7.07
7.74
4.00
5.70
6.49
7.70
10.82
3.88
3.27
7.10
9.28
6.62
7.20
5.83
3.48
6.48
5.49
6.60
6.44
7.66
7.66
5.09
5.86
3.76
7.66
5.82
8.22
6.52
6.81
2.05
9.00
4.95
6.49
4.74
7.70
4.48
7.85
6.82
7.18
6.55
8.52
6.82
5.30
4.92
6.93
5.15
6.33
6.25
8.52
5.05
6.64
6.36
5.62
7.60
10.89
6.29
7.48
7.92
10.33
6.61
8.30
5.97
5.89
7.87
6.15
6.91
7.10
8.77
3.83
6.15
10.39
7.73
5.25
5.80
8.22
4.37
2.59
7.57
9.70
7.11
5.89
6.52
6.19
6.92
7.01
6.10
9.19
6.70
7.34
9.00
5.44
9.15
8.77
7.70
6.09
9.80
6.77
7.96
4.30
8.22
8.34
7.51
7.74
5.70
4.61
7.70
7.92
6.24
6.16
7.80
7.50
8.52
6.57
7.96
7.27
6.97
7.07
5.20
5.22
4.41
2.62
2.82
3.36
8.43
4.04
6.05
9.28
7.41
7.62
8.62
4.67
8.37
9.70
9.10
5.75
8.30
9.00
7.00
5.55
2.92
7.01
9.00
6.74
4.53
7.92
6.64
4.43
6.66
7.76
8.05
8.24
4.94
10.00
4.83
6.81
10.59
5.74
3.70
5.77
10.62
3.30
10.55
5.26
6.37
8.16
3.11
5.23
4.74
6.07
7.52
7.28
5.26
7.70
9.19
8.60
8.60
6.76
7.85
5.15
6.60
11.30
7.52
10.00
3.15
1.72
4.63
6.16
6.00
8.15
3.04
5.85
8.34
6.46
3.02
6.15
7.57
6.26
7.13
7.09
4.62
3.51
7.12
7.07
5.10
3.00
11.06
4.50
9.11
3.80
5.05
7.40
5.85
5.90
7.96
6.59
8.54
5.21
6.74
9.85
2.59
6.14
3.89
8.89
7.00
4.19
10.52
10.55
8.00
5.79
5.85
4.96
5.59
5.36
4.28
5.08
2.70
5.67
4.40
7.00
2.26
7.82
8.52
7.00
5.24
7.68
8.64
7.85
8.02
1.00
10.40
7.64
7.41
8.25
7.44
5.39
4.70
5.70
7.52
8.40
1.92
7.63
8.60
5.86
6.66
7.04
8.30
8.96
7.85
7.38
4.66
9.24
9.28
10.59
5.00
7.82
5.64
7.80
6.40
7.68
5.48
6.51
7.22
9.00
7.00
7.77
3.70
9.22
6.04
6.31
7.56
7.68
6.40
7.44
6.84
4.58
8.70
5.46
8.55
6.06
5.06
3.11
5.15
8.77
5.00
5.71
7.52
6.47
5.27
2.75
4.32
6.82
6.10
4.41
7.72
5.84
3.85
7.89
6.74
3.80
6.08
7.75
8.22
6.00
5.01
8.00
4.10
3.84
9.28
8.52
3.30
9.30
7.96
3.61
4.28
7.15
2.70
7.37
7.96
6.90
3.61
3.66
7.68
3.95
5.64
6.36
7.60
4.00
6.41
8.30
4.62
5.40
7.19
5.19
4.41
5.55
7.82
5.01
3.92
5.70
7.14
3.54
4.54
9.40
6.17
4.03
3.77
10.85
3.42
6.57
7.03
8.30
5.47
4.64
6.96
2.24
4.68
4.79
3.77
7.08
8.52
7.28
5.78
6.80
6.30
7.40
4.27
5.48
4.05
8.31
8.51
7.35
5.05
7.23
5.64
5.96
4.03
7.28
5.68
7.03
1.78
4.96
8.72
3.66
7.40
3.22
3.14
6.63
5.23
6.18
8.60
7.70
8.62
2.70
5.30
4.48
8.84
4.36
6.83
4.09
5.92
5.54
8.15
2.48
6.92
1.72
4.91
8.23
3.86
7.60
4.66
4.10
6.34
7.77
7.77
5.27
5.26
7.89
4.10
9.00
5.00
8.00
6.66
8.33
7.10
5.82
9.46
8.70
5.39
6.23
4.92
7.70
7.74
8.15
4.82
7.15
3.00
5.52
4.78
5.74
4.85
7.37
5.82
4.31
7.09
6.60
5.72
7.00
9.06
2.74
4.50
5.85
10.47
6.81
9.00
7.64
3.77
7.49
9.74
7.72
7.22
9.10
3.11
2.00
8.70
5.30
6.74
6.30
8.30
6.42
6.42
6.70
2.82
8.00
7.70
8.52
9.82
7.10
3.56
5.33
4.42
6.16
7.30
5.17
4.00
8.52
6.49
5.43
7.33
4.92
7.21
7.03
7.60
2.96
4.01
6.47
8.30
5.00
4.64
7.57
4.08
5.53
5.06
8.52
6.62
4.40
8.23
4.60
10.70
2.80
6.07
7.15
6.10
7.52
5.25
7.64
6.30
3.93
8.17
5.52
7.09
5.55
5.60
3.37
5.89
6.21
8.00
8.96
7.22
5.85
3.99
2.77
8.30
7.49
2.47
8.22
8.72
6.30
6.43
8.33
6.35
6.37
6.92
6.89
5.64
7.19
4.47
6.72
6.04
10.30
6.00
4.00
9.24
3.10
4.70
7.72
9.59
3.61
4.48
6.70
5.19
5.20
4.40
6.22
5.66
5.96
2.68
5.80
5.89
5.74
7.76
6.60
6.46
7.03
8.46
7.30
6.82
5.53
4.60
7.92
5.51
4.76
7.65
9.70
5.54
4.00
6.96
7.35
7.92
4.55
8.00
4.77
8.30
5.00
7.05
7.17
7.19
9.00
3.90
4.26
8.15
7.19
6.68
6.66
5.21
3.72
4.19
2.59
5.37
6.51
4.91
7.42
7.70
4.62
8.89
5.04
3.82
3.23
8.64
4.85
5.82
6.36
7.05
7.30
4.82
5.40
7.42
5.96
4.94
4.68
5.73
7.66
7.14
7.49
7.40
6.60
6.54
5.47
5.51
8.22
6.00
6.00
7.66
3.40
8.62
6.36
7.62
9.15
8.07
6.05
7.55
5.92
7.57
8.05
4.06
7.21
8.48
6.40
4.82
5.80
8.70
7.74
7.10
5.26
3.00
3.49
7.36
3.60
5.40
8.44
5.30
6.14
3.73
6.70
5.56
7.15
3.22
7.44
8.70
2.22
5.81
7.30
5.64
3.42
4.23
4.20
5.48
9.25
7.52
6.77
4.44
7.40
5.65
7.15
8.15
3.98
4.88
7.53
7.26
4.88
7.05
9.40
7.71
5.00
2.03
6.47
7.89
4.66
8.52
4.68
8.59
5.48
4.72
6.10
7.00
5.59
8.22
4.96
3.00
7.07
3.15
9.40
5.66
7.62
6.22
9.30
5.30
8.60
5.99
7.17
8.15
4.28
11.74
6.90
5.66
7.82
4.66
5.27
6.68
8.40
4.32
6.67
7.66
4.26
4.29
7.60
4.68
11.52
3.84
4.53
2.18
9.15
4.00
5.36
8.06
5.49
11.10
5.47
8.10
8.22
9.30
4.53
4.74
6.44
8.40
12.10
2.22
7.72
5.80
6.70
6.10
5.94
6.05
6.03
8.30
7.15
8.10
5.82
5.23
8.70
6.30
6.52
7.15
10.30
7.19
4.30
3.97
8.17
8.04
8.22
4.70
4.21
9.00
5.11
8.70
5.70
4.83
5.13
7.70
10.82
6.98
7.04
6.40
4.41
4.24
8.60
6.51
4.10
8.70
5.15
6.70
8.77
8.41
6.08
4.98
9.92
6.00
9.08
8.18
9.74
6.52
8.15
4.23
8.48
5.70
6.57
4.85
4.59
4.52
6.47
3.83
3.19
6.22
5.92
4.31
6.34
7.08
2.31
9.06
3.37
2.92
6.43
6.00
9.62
8.30
5.43
8.00
7.42
7.28
4.80
5.51
6.66
5.82
4.00
10.60
8.04
5.74
3.48
4.15
5.34
5.54
5.40
6.20
3.69
4.74
7.10
9.52
7.46
5.15
3.83
5.64
6.50
4.74
6.70
3.27
8.22
6.21
9.07
4.45
7.28
4.74
4.55
7.17
4.79
3.62
5.85
5.43
6.49
5.14
7.25
4.85
6.70
2.81
5.82
7.74
10.05
8.80
5.67
4.30
7.59
5.68
7.14
7.92
8.42
8.35
5.38
7.39
7.60
5.67
7.40
7.70
8.90
6.06
6.40
6.66
8.82
9.00
6.32
7.77
9.26
5.81
6.40
7.02
4.59
7.76
4.91
9.00
4.12
7.38
8.21
6.95
7.51
10.53
3.72
2.64
9.05
5.72
8.89
2.66
9.30
8.05
4.38
4.94
5.90
6.10
6.36
3.77
6.70
7.72
8.00
8.70
7.62
5.84
7.80
7.43
5.98
7.32
5.18
2.12
4.48
8.29
8.96
8.59
7.85
7.29
3.00
6.74
8.01
2.00
3.60
3.45
5.78
7.38
5.14
2.88
7.89
7.15
5.28
7.52
5.30
6.11
7.14
7.04
8.70
4.04
7.82
4.74
7.31
7.61
4.07
3.00
5.37
5.32
4.91
7.33
6.74
5.96
4.41
4.92
9.70
5.33
6.11
7.29
6.87
6.35
6.64
7.47
6.08
7.49
6.82
5.85
8.52
5.89
3.96
3.28
7.05
6.01
7.28
6.70
1.72
5.00
5.23
3.82
7.39
5.22
5.92
4.40
4.30
6.70
8.70
8.22
2.00
4.80
11.52
8.70
4.00
4.38
8.19
2.89
5.37
7.55
8.82
7.23
7.40
5.59
8.01
4.05
4.24
3.18
5.50
2.68
5.10
7.22
5.97
6.70
10.22
7.00
5.29
8.72
4.69
3.77
6.38
9.40
5.22
5.15
4.68
9.47
5.29
7.37
8.20
6.23
8.21
7.72
7.84
4.30
5.22
8.96
8.40
6.41
4.51
9.15
4.42
5.74
6.28
8.82
5.07
5.22
3.63
3.72
7.00
4.87
3.67
5.68
4.19
7.82
4.41
7.19
3.40
5.64
6.19
4.09
4.42
8.12
4.30
6.05
6.03
4.00
4.67
5.34
7.15
8.34
6.89
8.43
8.02
4.87
6.33
7.10
8.00
6.33
5.60
8.32
7.77
7.23
8.60
6.20
3.64
6.21
4.10
4.23
8.09
7.72
1.82
6.79
4.01
3.90
3.54
7.16
6.58
3.79
2.51
5.70
5.66
6.01
5.62
7.52
10.08
4.85
6.70
3.00
5.15
7.46
5.47
5.20
6.09
6.40
6.66
5.95
4.33
8.54
5.25
7.86
7.55
6.25
7.42
3.70
9.10
6.28
4.31
4.60
7.41
4.70
7.14
3.41
4.34
4.27
5.03
6.40
8.00
8.26
9.85
7.00
6.59
4.20
9.32
5.17
5.36
9.05
7.31
2.92
6.36
5.74
7.14
5.42
6.54
8.41
4.51
8.66
6.52
3.40
5.66
4.59
2.96
6.74
7.72
9.52
6.82
3.02
5.72
4.02
6.37
6.00
7.88
4.60
6.77
4.46
6.12
4.65
7.40
5.00
6.92
5.80
7.89
5.77
8.77
8.40
7.42
8.21
6.13
2.92
8.05
5.96
6.19
6.14
6.78
6.80
7.49
6.80
3.25
5.48
6.43
8.10
5.21
5.75
6.40
5.35
9.52
6.66
8.04
6.40
7.06
5.70
4.46
9.85
4.60
6.35
11.22
4.63
5.48
7.55
7.15
8.49
6.28
5.55
6.01
6.48
4.72
5.82
5.85
6.40
4.01
8.31
4.94
9.62
5.23
3.21
6.46
6.80
8.32
8.11
8.70
7.46
6.38
7.42
7.92
5.92
10.35
5.77
5.68
6.62
6.67
4.54
2.90
5.36
8.39
8.40
4.97
9.30
5.59
6.64
4.66
7.85
9.77
4.89
2.75
5.02
8.02
9.34
5.30
5.82
6.66
0.49
8.49
5.10
7.41
4.94
7.96
8.00
6.08
6.40
8.32
8.74
9.39
4.30
6.90
6.04
8.40
8.74
5.70
5.51
5.01
8.57
5.35
9.04
8.22
4.33
5.03
7.30
6.70
4.29
4.11
8.52
5.37
4.21
6.33
4.70
3.86
8.77
7.94
7.56
4.16
8.11
3.40
3.22
7.82
9.04
5.36
6.44
3.97
7.12
4.52
6.82
8.00
6.92
8.80
6.15
5.40
6.14
5.60
7.57
4.06
6.10
7.44
5.72
6.23
3.87
5.67
6.08
9.60
8.31
4.10
7.25
6.30
4.19
5.03
8.08
8.21
4.30
2.00
6.08
6.66
8.59
4.60
4.77
9.15
6.50
6.05
6.89
5.17
7.39
4.54
8.00
5.57
4.15
8.70
6.52
4.20
6.04
7.19
3.11
5.12
4.68
7.26
7.75
7.33
5.70
8.00
7.52
5.24
8.05
7.52
8.30
7.20
4.01
7.52
10.00
7.55
8.10
4.01
8.91
6.21
9.84
5.31
6.60
6.59
5.59
5.56
7.20
7.39
1.70
4.14
6.59
5.51
7.94
6.92
4.53
7.52
7.39
7.70
8.20
4.82
9.22
6.92
7.47
6.63
7.33
5.68
7.37
6.92
5.27
9.40
7.40
7.74
4.30
6.46
5.64
2.16
7.30
6.44
6.86
6.23
8.59
7.22
8.15
3.89
7.00
7.24
11.00
4.57
3.70
4.00
8.05
6.66
7.02
4.54
7.84
6.55
8.82
6.82
6.34
8.85
5.40
7.38
5.62
6.75
6.70
6.06
3.00
3.45
9.15
6.96
4.74
6.10
4.00
3.90
6.21
4.99
4.47
4.43
3.05
9.00
4.52
6.19
9.70
7.08
8.30
9.90
7.76
3.51
3.30
6.96
5.20
3.52
6.52
4.70
6.60
6.24
3.52
4.19
6.94
6.67
4.92
7.70
3.43
7.46
6.80
7.82
10.70
6.55
5.49
6.68
4.52
6.60
8.82
6.41
7.23
13.77
5.24
9.54
8.48
7.04
3.55
4.70
8.52
2.10
8.36
4.22
8.64
7.11
4.31
7.92
7.70
5.30
5.39
4.27
6.94
6.31
4.76
5.38
8.59
7.69
9.28
6.52
7.98
8.70
5.17
6.33
2.62
2.04
6.59
5.52
8.52
11.35
3.38
1.99
6.27
4.19
7.68
8.22
7.36
3.10
6.54
5.25
5.89
3.85
6.58
4.85
3.70
6.00
4.60
5.88
6.52
3.30
8.14
9.33
10.23
7.02
7.00
7.17
5.14
6.68
2.27
6.03
7.46
5.21
8.27
4.88
6.30
8.77
6.10
4.56
6.59
10.80
2.96
5.77
6.01
6.77
5.00
7.10
3.35
4.88
6.35
3.30
5.82
5.00
5.53
6.63
7.33
5.08
4.15
3.55
8.44
3.49
6.53
8.00
15.00
5.47
4.70
5.80
6.80
5.22
4.41
7.01
8.62
7.15
8.96
3.65
6.42
7.85
5.64
4.42
6.63
2.85
5.23
11.22
4.73
7.95
7.12
7.86
8.29
10.22
4.66
8.15
7.16
5.60
4.74
5.65
8.70
7.47
6.32
6.40
6.24
5.27
9.55
5.21
6.38
7.11
9.85
6.75
9.82
6.99
6.85
5.17
5.62
8.00
7.66
7.02
6.70
9.74
4.02
7.10
2.97
5.20
4.89
4.96
3.76
5.92
8.11
2.82
7.19
7.82
3.66
7.43
8.82
7.62
4.94
3.70
5.70
5.92
2.64
4.03
7.35
6.81
7.82
9.08
6.69
9.40
5.96
7.64
6.72
3.70
7.74
6.74
5.04
5.39
4.82
6.82
4.66
4.96
7.89
15.22
6.21
4.68
2.89
5.55
5.70
2.03
8.70
4.78
6.48
2.89
6.33
7.07
5.31
5.40
3.19
6.48
5.40
8.77
7.30
6.99
9.43
3.33
6.00
6.10
6.43
7.89
7.35
8.52
6.28
5.16
8.28
7.10
5.23
6.82
5.64
7.72
4.25
3.05
5.12
7.10
7.89
3.52
4.49
9.30
5.60
5.64
5.00
6.52
5.49
7.55
8.92
5.34
7.70
7.43
6.94
2.88
4.08
9.55
7.04
6.83
4.56
3.90
2.31
4.56
9.04
5.92
4.70
10.00
4.60
8.00
9.68
3.30
4.06
7.74
7.00
4.40
5.85
3.85
7.04
4.70
7.43
6.82
9.30
8.85
8.21
6.40
6.30
7.68
5.55
3.35
5.98
7.10
8.70
1.40
6.66
5.26
5.74
4.70
5.78
6.16
6.49
6.31
6.30
7.57
8.03
9.84
8.19
5.96
7.16
6.54
5.36
4.17
9.89
8.49
4.57
7.22
5.35
5.76
4.77
4.92
7.10
6.03
5.35
7.85
2.89
8.15
9.85
6.04
9.08
9.59
7.46
3.83
4.80
5.74
4.09
5.15
7.30
6.96
6.20
8.78
6.24
6.30
7.19
7.96
5.10
8.52
4.52
7.80
6.36
8.60
0.96
2.52
8.00
4.82
4.38
5.19
5.24
5.60
8.70
8.23
6.91
9.40
6.44
9.08
6.91
6.82
3.30
8.77
4.68
7.92
5.24
4.68
7.85
5.79
10.10
9.00
3.03
8.25
7.96
4.39
3.48
3.00
4.44
3.77
5.96
7.43
5.70
5.46
5.90
7.35
5.66
6.60
11.30
7.70
5.51
4.62
5.02
4.62
9.93
5.32
7.72
7.88
8.70
5.15
5.35
5.04
8.80
5.59
7.31
5.88
6.11
7.77
4.00
6.98
6.98
5.00
4.12
2.31
7.08
5.26
5.99
6.59
5.30
5.87
6.37
3.35
5.82
10.15
4.89
4.87
7.62
7.64
8.20
9.54
8.26
6.52
8.47
3.72
8.66
8.38
7.82
6.92
7.09
6.55
2.62
11.92
6.89
5.05
7.48
7.18
8.20
3.29
8.66
7.00
3.04
6.45
8.02
4.92
6.00
2.19
7.49
5.00
7.32
9.69
8.00
5.78
5.70
4.48
4.64
6.32
7.77
4.24
6.36
8.42
4.10
5.46
8.36
10.52
4.48
7.08
8.66
6.15
7.18
7.51
6.47
2.86
7.00
5.34
9.51
8.15
2.00
5.28
4.97
3.15
7.00
4.59
6.62
6.38
7.13
6.03
8.04
6.05
6.70
7.39
7.55
7.82
8.06
8.10
10.48
6.89
7.92
9.49
10.01
6.29
2.35
5.54
8.10
4.00
8.46
7.77
7.34
5.05
6.39
3.98
6.96
7.15
4.71
8.30
5.22
8.57
7.74
8.11
6.93
6.09
6.30
6.07
6.72
4.39
6.18
7.37
9.95
4.72
6.66
7.03
6.73
8.70
7.96
5.67
6.74
7.92
7.54
7.92
8.70
2.82
7.52
3.90
2.60
5.85
3.84
4.95
8.20
5.72
7.67
4.95
2.89
6.05
8.70
8.22
6.46
6.80
8.52
6.92
5.17
6.68
9.48
7.44
6.00
5.92
6.88
9.40
8.55
7.20
8.22
5.05
3.60
6.60
8.08
6.92
5.33
7.70
5.30
4.60
5.97
6.35
4.77
8.52
7.24
8.96
4.96
4.69
6.28
6.56
8.49
3.00
7.08
6.11
5.96
6.82
4.66
5.01
8.10
4.81
2.39
5.15
3.46
4.52
7.92
6.41
8.17
6.18
8.64
2.37
7.46
7.00
8.00
5.44
3.37
6.46
3.88
7.47
6.13
5.76
5.48
7.00
7.30
7.66
5.32
7.44
4.18
6.95
5.15
6.80
9.26
8.30
9.25
7.89
6.29
6.19
4.76
9.00
6.80
5.25
8.32
4.55
4.85
3.95
6.41
5.39
7.37
3.98
8.30
4.84
6.40
5.48
7.70
5.44
8.52
4.44
6.28
3.97
3.99
7.00
3.22
8.10
6.68
6.42
4.14
6.51
4.45
4.80
9.70
6.03
6.19
3.96
6.64
6.33
8.18
7.80
8.89
7.29
8.37
7.10
5.63
7.92
5.15
7.76
7.46
9.18
6.17
6.30
5.70
1.24
9.74
7.25
9.51
3.30
4.03
7.24
6.69
7.17
3.30
6.42
6.55
8.40
7.70
5.00
3.04
5.52
5.80
8.41
9.42
4.40
7.00
6.33
7.07
8.06
10.37
7.01
4.29
8.00
7.13
5.40
8.06
9.15
5.92
8.00
4.70
7.92
5.49
5.93
5.10
8.52
7.42
3.68
7.70
5.08
9.05
9.10
4.35
8.82
7.23
6.89
5.57
5.14
4.82
7.39
7.72
6.07
8.52
7.24
8.82
9.21
6.22
5.87
9.27
4.44
4.89
6.28
7.59
8.53
5.47
7.01
3.30
3.00
5.97
4.35
7.60
8.07
3.01
6.26
4.72
7.85
8.77
7.82
7.15
5.01
6.78
6.22
4.86
5.43
3.43
4.24
6.12
7.70
5.54
3.29
6.43
7.30
6.30
4.37
3.52
8.22
8.89
7.70
5.19
5.60
9.72
7.12
5.80
8.60
10.02
4.01
4.74
5.72
5.52
4.72
7.77
6.22
9.10
8.70
6.40
8.35
6.48
7.22
4.68
7.44
9.55
7.48
6.59
8.00
8.37
3.15
5.85
9.42
5.30
4.50
5.23
3.33
4.16
4.82
7.20
9.22
6.98
10.10
8.00
4.35
7.31
5.89
7.11
6.74
4.89
6.35
7.35
2.44
9.59
3.98
7.46
3.98
7.33
7.02
7.24
9.00
7.55
4.24
7.01
8.05
7.06
3.49
5.10
7.24
6.85
5.07
4.62
5.74
6.82
5.14
6.04
4.40
2.62
9.77
6.89
8.00
7.32
8.00
3.00
5.68
2.92
2.52
5.92
7.95
5.43
6.92
7.18
5.70
9.74
6.00
6.45
8.52
4.00
5.32
7.42
7.60
4.70
8.72
7.08
7.74
3.07
8.51
5.82
7.92
4.44
6.13
6.42
6.30
7.05
3.40
7.74
6.54
8.02
7.24
4.80
5.80
5.10
7.35
8.31
7.68
5.34
8.57
5.52
10.30
5.70
5.46
8.05
3.62
6.95
5.62
7.40
5.17
5.68
7.68
5.85
7.00
9.21
6.52
7.89
7.59
8.09
3.24
7.66
8.05
6.68
9.32
6.53
8.00
6.54
8.10
6.49
4.22
5.62
7.47
6.62
8.00
8.10
9.06
5.90
7.25
6.51
4.37
10.44
6.00
3.75
7.00
7.21
9.40
3.70
5.40
6.74
7.96
8.22
6.66
6.89
4.67
11.30
7.15
6.11
6.94
5.26
5.82
7.82
4.94
6.62
4.06
8.22
6.13
5.52
7.28
5.10
7.88
5.75
5.59
8.46
9.21
7.44
3.90
5.34
5.80
7.66
5.93
12.39
4.66
7.98
8.00
4.19
6.57
5.51
7.23
6.44
9.49
5.12
6.82
6.52
7.19
5.68
6.45
3.86
4.92
5.35
4.74
7.13
6.81
5.36
7.62
8.21
6.80
9.14
7.00
7.26
6.02
6.15
8.52
7.22
2.91
7.05
6.36
6.09
6.33
6.66
6.56
4.15
6.52
7.46
6.62
6.46
4.58
10.07
6.40
3.28
9.00
7.15
5.35
7.62
7.68
9.22
8.83
9.21
7.54
3.87
8.18
5.52
5.83
7.35
4.72
7.85
9.00
7.19
6.55
3.19
8.89
5.38
5.12
4.89
8.20
8.19
3.59
7.33
5.31
9.74
5.20
4.96
3.61
7.30
6.52
7.74
7.92
7.45
9.18
8.15
7.30
8.22
7.39
7.68
4.61
8.20
7.37
5.00
7.00
8.27
4.70
8.22
8.21
6.30
7.22
6.10
6.92
4.48
5.78
4.72
6.21
8.89
8.64
6.74
7.72
4.21
6.72
7.85
4.55
11.82
2.36
8.52
3.33
4.60
6.22
8.72
3.60
8.13
8.70
6.62
4.83
6.97
8.09
7.10
10.30
4.59
6.92
7.13
9.68
12.72
5.07
6.85
10.00
2.37
5.02
3.10
8.22
5.30
6.76
6.72
1.72
3.52
5.68
6.34
6.69
4.96
7.45
6.39
5.84
7.67
6.92
7.26
7.60
5.44
5.10
6.46
6.88
6.44
9.17
8.89
3.87
4.19
8.52
7.59
1.11
6.66
9.10
5.36
7.52
8.24
6.26
7.46
7.17
7.19
3.40
5.70
5.60
6.21
6.92
6.70
8.22
6.05
4.55
9.48
4.33
5.49
3.84
7.00
6.12
6.06
4.77
4.41
2.98
7.40
6.82
3.30
5.22
4.00
3.99
7.96
7.05
5.15
5.10
4.48
5.46
5.10
4.44
6.04
2.85
5.78
4.82
5.77
5.10
4.22
8.43
6.10
4.05
7.70
4.88
7.05
7.92
7.35
5.46
6.80
7.85
4.45
7.10
9.46
4.07
3.60
8.00
3.69
7.55
4.46
6.92
5.60
5.02
3.46
4.85
5.77
6.59
8.66
4.06
7.04
7.92
8.15
5.66
7.78
7.94
8.40
7.85
8.00
7.00
6.97
2.82
4.49
6.49
7.24
4.59
7.13
6.68
4.80
3.10
5.70
5.62
6.26
4.10
8.40
3.80
4.74
9.77
6.32
4.92
8.37
3.68
6.66
7.80
7.55
4.23
7.03
5.92
6.33
5.89
7.46
3.41
5.09
8.52
6.07
7.96
8.42
7.94
6.11
6.15
6.17
4.43
6.96
5.85
5.20
7.80
9.68
6.59
8.82
5.85
3.42
4.54
7.54
4.17
8.00
6.87
8.04
4.66
5.00
5.07
3.09
6.04
8.11
8.49
7.43
6.12
8.34
6.41
8.80
6.89
7.06
7.05
8.00
6.10
2.70
4.32
8.07
11.02
4.33
10.35
7.34
5.64
6.93
7.77
4.00
7.51
7.56
3.00
4.59
4.35
6.59
4.00
9.05
3.30
4.30
4.27
4.17
8.05
4.72
6.48
5.89
7.84
7.85
5.42
6.15
8.40
3.00
5.19
7.51
7.42
8.30
6.60
6.77
6.22
2.14
4.15
6.20
4.42
4.92
7.28
4.74
7.19
4.82
4.85
7.40
5.85
7.52
7.70
6.36
5.10
6.25
8.22
7.30
6.54
8.15
11.26
6.47
4.54
4.33
5.04
6.30
5.42
3.15
4.66
5.33
5.04
9.49
5.30
2.00
2.85
7.29
8.62
6.62
4.96
7.54
7.06
4.80
3.77
7.48
7.70
4.54
4.22
7.00
6.57
7.17
7.85
8.07
6.85
3.82
8.05
5.80
2.28
6.24
6.48
8.51
7.10
7.54
8.40
6.74
9.22
5.46
7.42
8.40
3.53
4.10
6.08
6.02
6.59
6.47
7.91
6.17
6.27
9.52
9.14
5.08
7.63
7.80
7.59
7.22
4.39
6.49
6.09
6.96
4.48
7.42
6.47
8.15
6.51
6.57
8.61
6.55
7.68
4.49
3.99
2.99
4.24
3.55
6.56
7.42
8.05
3.30
8.10
10.78
5.90
6.67
3.89
8.70
8.59
5.08
6.09
7.34
9.70
6.15
5.30
9.22
11.32
8.82
7.24
6.70
7.74
6.40
8.24
5.28
4.59
9.30
5.67
5.52
7.80
5.62
4.03
8.31
12.00
4.63
5.66
7.17
5.02
6.00
7.49
4.70
3.29
6.79
3.70
5.82
8.68
6.11
6.74
8.79
4.56
4.66
7.85
4.48
8.82
6.70
5.22
4.74
6.43
7.66
1.59
5.47
4.64
6.70
6.29
2.67
5.70
6.49
8.64
6.46
6.20
4.36
8.74
9.85
4.97
5.22
7.05
3.44
4.70
4.17
8.05
9.26
8.15
6.54
5.20
4.32
1.26
8.85
4.03
2.49
1.49
7.70
4.46
6.74
6.50
7.37
4.30
6.92
3.69
9.36
6.21
5.27
5.89
9.64
4.36
4.77
8.89
5.70
3.82
8.30
3.40
7.54
7.96
7.59
6.40
6.66
5.52
8.48
5.30
7.57
4.89
4.30
7.77
4.89
5.92
6.60
5.55
5.48
7.04
5.09
4.42
6.17
5.85
6.52
3.84
8.02
5.41
7.30
8.04
8.10
7.15
4.12
6.72
7.55
2.21
6.26
3.91
5.10
8.48
7.41
6.37
5.92
7.00
4.12
7.10
7.89
7.77
4.47
4.62
9.05
3.88
5.52
8.57
1.49
4.92
6.92
4.63
4.46
7.05
6.60
7.82
7.30
7.77
4.49
6.72
8.34
8.92
6.17
2.00
6.45
6.22
4.52
5.31
6.09
5.64
5.15
6.80
5.41
6.85
8.30
4.92
6.40
8.21
11.92
11.70
4.72
1.43
7.64
7.19
8.40
4.24
8.11
3.25
3.15
8.18
2.46
4.22
3.31
5.82
5.20
8.95
5.15
8.00
5.74
7.73
6.53
4.53
6.15
1.49
5.07
4.64
6.12
7.05
8.00
5.74
3.40
6.07
6.33
6.68
3.67
6.15
5.54
5.97
4.89
9.00
5.82
9.09
5.49
7.40
5.48
5.47
7.10
4.62
9.15
6.07
4.33
5.77
9.47
7.64
7.75
5.80
7.10
8.00
6.04
5.04
7.77
2.57
7.55
13.96
6.15
6.41
5.72
6.54
6.60
5.23
6.70
5.70
5.28
5.84
8.64
6.10
4.86
3.32
5.13
8.49
7.52
7.05
4.24
5.09
6.78
4.43
7.26
9.09
5.72
4.51
6.87
3.99
6.33
7.19
9.43
5.09
7.11
5.00
8.52
8.18
5.48
5.62
4.58
6.74
6.40
4.19
6.73
7.07
4.72
3.30
5.99
4.70
6.66
7.22
4.07
7.41
6.29
8.82
5.33
7.60
4.40
3.37
2.69
3.96
4.81
5.75
6.73
5.15
7.48
4.28
7.51
2.60
2.70
8.49
2.47
8.36
8.70
5.52
7.89
6.99
6.18
4.70
7.38
3.74
6.57
7.18
2.70
6.68
7.20
6.92
5.12
6.32
5.54
9.08
10.82
6.52
3.85
3.25
4.01
4.29
4.70
6.85
6.96
8.39
7.74
8.21
7.60
3.53
8.74
6.70
6.95
4.68
5.30
4.56
3.73
6.02
9.15
8.74
5.80
5.80
6.64
3.18
6.55
11.72
7.70
8.52
7.30
7.39
3.69
4.77
7.96
5.87
5.30
7.44
6.13
4.83
7.92
9.51
5.75
4.73
5.94
4.52
4.51
6.51
6.16
9.39
5.75
4.62
3.23
6.00
7.32
4.60
8.37
4.82
9.54
7.35
7.53
6.19
4.44
4.43
3.97
4.65
7.24
6.64
8.11
4.85
6.70
7.64
6.30
7.72
6.48
5.22
7.96
5.41
10.30
5.70
5.12
4.57
6.10
6.40
9.07
7.76
4.82
7.73
7.52
7.85
7.24
5.51
8.00
3.41
8.00
2.30
4.08
6.35
9.00
3.40
6.64
7.85
6.12
8.00
6.73
8.39
7.48
7.09
6.27
6.40
5.71
3.06
3.48
7.17
8.15
7.46
6.38
4.52
7.52
7.85
4.85
9.52
8.04
4.30
7.21
7.40
7.31
1.31
5.16
9.00
5.47
4.82
8.44
6.11
5.02
7.76
8.10
6.30
6.27
5.77
6.30
5.11
5.89
5.86
6.62
8.10
5.30
7.89
5.29
9.07
6.49
5.52
8.82
7.55
5.07
6.56
8.30
6.34
7.68
6.54
5.10
7.81
4.14
10.30
9.57
5.22
3.87
8.41
5.11
4.63
6.40
10.74
8.05
5.59
5.32
8.15
8.25
5.70
7.68
4.96
8.89
9.43
7.96
8.36
5.72
5.22
6.43
8.28
6.70
8.62
5.89
6.89
6.46
6.36
9.70
4.74
8.64
5.74
9.52
6.92
8.22
7.28
9.15
5.85
3.90
7.82
5.92
8.47
7.72
7.70
3.72
4.48
3.62
8.92
8.40
2.68
8.14
6.20
6.29
6.95
3.54
9.35
6.30
4.17
6.31
4.93
4.00
7.41
4.65
3.15
7.91
7.54
3.57
6.92
6.74
9.04
5.85
10.40
10.72
5.97
6.44
6.28
8.31
6.52
7.00
7.29
5.65
7.89
5.28
6.05
6.52
3.32
6.19
9.70
7.82
6.27
4.92
7.47
6.74
8.59
7.00
3.80
8.24
4.28
7.66
6.40
5.84
5.11
7.09
5.52
8.00
6.40
3.74
5.40
8.07
5.93
6.70
7.80
8.57
6.37
7.92
5.07
6.92
8.22
9.19
7.85
7.08
5.30
9.21
9.29
6.80
6.00
4.60
6.89
6.92
7.00
7.96
8.87
8.11
4.77
7.70
6.10
2.89
6.67
6.04
8.77
3.52
12.33
7.34
1.62
7.41
8.82
4.60
5.74
7.59
6.02
3.95
3.30
7.57
2.08
7.85
5.35
5.62
7.05
6.43
6.02
8.30
7.46
5.15
6.08
6.47
8.82
7.27
2.62
4.09
6.67
6.43
3.74
7.59
5.52
4.82
3.66
7.91
7.70
7.51
5.34
6.77
7.12
6.47
7.57
6.37
8.97
4.66
7.64
5.80
8.30
8.00
5.62
4.03
7.78
6.50
7.24
4.63
6.45
6.10
8.72
8.70
6.68
8.01
5.15
8.00
2.19
4.65
8.08
8.47
6.15
7.72
9.80
5.80
2.38
4.00
9.60
8.22
4.79
5.75
7.38
6.64
7.43
6.68
8.52
4.87
4.28
8.09
6.60
7.66
7.51
7.47
6.97
6.55
6.01
5.20
4.70
3.34
2.22
8.52
8.30
8.14
7.85
6.26
6.39
5.60
7.28
4.19
7.05
6.30
6.00
8.72
4.14
4.34
10.00
3.69
8.30
7.00
4.59
7.85
5.74
8.30
10.00
4.43
6.95
5.74
6.60
6.20
8.05
6.64
5.92
6.40
3.20
6.30
6.01
6.30
6.23
4.45
6.14
8.44
8.55
1.98
4.92
4.96
3.81
6.97
8.15
6.47
5.25
3.96
5.64
4.23
8.05
6.30
6.82
7.57
8.57
6.64
8.08
7.59
5.26
6.70
6.37
7.57
6.32
7.13
4.53
5.57
2.70
3.14
2.82
5.74
5.76
4.02
8.30
1.82
5.48
5.30
6.40
5.41
8.18
6.38
3.46
7.96
7.33
6.66
6.72
5.96
3.61
7.60
5.40
9.19
8.59
8.33
7.61
2.64
7.47
4.18
10.15
6.20
5.53
4.96
10.00
4.81
4.96
2.48
5.66
6.40
7.77
5.67
4.94
10.00
5.22
4.85
8.48
3.82
4.52
7.60
6.68
4.24
4.89
6.10
5.77
3.18
5.37
4.97
7.55
7.35
7.96
10.12
8.10
7.34
7.80
6.54
7.01
3.85
9.00
7.59
3.00
3.67
7.22
7.30
7.27
5.20
7.45
7.11
5.04
4.62
5.19
3.48
5.38
6.08
4.65
5.26
6.89
6.46
7.66
3.28
5.54
4.23
7.74
8.14
6.43
7.51
5.70
7.40
4.92
6.60
8.40
8.10
7.12
8.89
5.14
5.35
2.70
8.30
7.82
7.08
4.59
8.30
6.38
6.16
8.82
8.80
7.77
8.10
5.66
4.80
6.54
7.19
5.01
5.95
6.00
2.92
8.62
6.40
4.72
7.52
7.77
8.70
4.54
6.33
6.02
4.59
3.23
4.04
7.03
6.41
3.94
8.55
2.68
6.61
8.15
6.10
4.31
7.59
7.91
3.71
3.55
7.25
6.60
6.09
7.78
4.79
4.95
8.85
5.55
7.42
6.19
5.16
6.70
4.42
6.28
6.84
6.11
5.85
6.21
8.00
2.39
3.70
6.41
3.55
4.07
8.42
2.19
5.92
7.61
3.30
8.22
8.51
5.51
8.33
3.77
6.82
6.36
6.96
3.67
5.95
8.00
3.59
9.10
7.55
4.92
5.67
6.46
2.34
5.48
8.52
7.24
7.64
4.59
7.48
4.87
6.15
8.25
9.17
4.55
3.22
5.54
3.54
7.62
6.70
4.96
7.44
7.82
5.00
7.77
7.72
2.52
5.22
8.96
3.92
5.57
5.62
7.30
9.52
3.39
3.85
8.54
4.03
4.40
7.55
5.10
3.35
8.05
6.38
10.35
5.92
8.57
7.42
3.62
7.11
6.15
8.27
6.81
5.72
7.70
5.66
4.36
2.41
3.30
9.00
7.80
6.70
4.65
7.82
6.04
6.41
6.19
6.52
6.90
8.30
3.56
4.49
6.70
4.48
10.15
7.26
6.74
9.92
7.85
8.40
6.66
5.89
6.31
6.30
4.48
5.21
5.76
8.52
8.62
5.47
6.96
8.69
7.52
2.27
3.80
6.40
5.70
5.00
5.89
6.49
6.72
9.68
6.30
8.70
9.69
5.80
2.66
4.03
10.00
6.70
7.82
4.93
5.71
7.55
5.92
6.30
4.68
2.16
8.10
5.74
8.44
3.71
7.44
7.00
5.27
4.26
7.24
9.82
4.94
5.05
6.54
8.01
6.51
8.40
6.70
3.99
4.33
7.39
6.62
4.58
7.74
4.31
4.67
6.48
5.24
7.95
5.66
7.54
4.24
4.92
8.70
6.98
5.68
4.50
4.90
5.30
6.74
7.52
9.21
3.85
7.89
6.00
7.83
7.77
10.96
4.51
4.38
5.69
7.04
8.55
6.78
3.00
6.48
4.74
2.17
5.20
7.45
8.28
6.48
9.30
5.89
7.92
5.51
6.96
4.81
4.80
6.74
6.21
7.66
7.00
9.15
4.30
5.67
5.84
7.60
7.92
8.22
5.48
7.60
6.00
4.52
3.00
5.53
6.11
5.00
8.52
8.85
6.66
3.92
8.25
7.30
8.95
4.13
6.40
4.89
2.69
3.52
4.76
5.68
9.00
8.72
4.29
9.01
6.01
7.89
6.92
4.05
4.94
5.11
5.52
5.02
6.89
7.36
5.50
4.39
8.41
3.00
3.40
6.54
2.34
6.74
6.55
5.59
6.85
6.37
6.40
7.05
7.05
2.82
5.59
2.92
8.70
6.24
6.72
5.47
7.14
6.31
5.52
4.52
5.10
4.19
5.14
4.80
6.82
6.72
3.46
6.11
6.66
7.19
7.96
2.92
2.15
4.30
8.64
5.55
5.62
8.34
4.09
4.96
5.17
4.00
5.14
8.14
6.00
3.33
7.10
2.92
6.26
8.41
5.20
5.77
6.52
6.12
7.82
3.31
6.73
5.99
5.00
7.46
3.94
6.07
5.05
3.00
5.00
4.63
8.10
4.20
8.17
7.55
9.10
8.70
4.07
6.92
10.37
10.00
6.22
4.43
4.92
2.80
6.04
10.48
7.85
6.28
7.70
4.64
7.04
10.68
4.22
5.29
6.60
7.72
7.58
6.49
5.11
5.08
7.54
2.30
5.80
5.25
7.12
6.18
5.16
9.10
6.73
3.57
5.38
9.64
5.96
4.39
5.14
6.35
7.00
4.99
10.59
8.70
8.10
7.23
2.18
5.40
6.91
3.90
4.09
7.48
6.68
4.93
4.15
5.38
4.82
8.08
6.10
4.01
3.31
4.42
4.23
5.70
5.25
6.49
8.30
9.00
6.57
5.00
6.09
4.44
6.52
11.20
3.46
5.55
5.41
5.43
4.12
7.41
5.06
5.20
6.92
7.59
5.77
4.41
10.00
7.70
4.52
5.07
7.14
5.82
4.37
6.33
6.54
7.29
5.90
4.97
5.96
3.16
6.57
6.00
7.60
5.21
8.37
7.66
5.49
5.70
7.00
4.92
7.24
7.12
3.55
8.00
5.76
6.59
6.60
6.42
7.00
7.48
5.60
4.54
9.15
7.11
2.29
6.52
6.70
6.54
6.62
5.55
7.30
7.42
6.85
6.11
5.49
7.03
8.10
6.28
5.53
7.30
10.00
6.54
8.18
6.52
6.15
5.74
5.77
5.04
7.70
7.00
4.77
4.80
7.00
6.89
3.72
3.85
6.47
6.30
5.16
5.46
4.96
7.09
7.49
3.70
3.60
8.10
6.91
4.15
8.74
6.30
4.70
8.21
8.22
4.77
4.80
6.05
5.47
3.18
9.07
7.70
8.70
6.90
5.77
4.62
5.57
7.07
5.42
8.52
7.36
5.42
3.00
3.00
6.32
5.71
7.25
5.60
6.17
4.46
6.40
3.70
5.09
6.26
6.23
6.40
8.43
4.03
6.57
5.48
6.60
8.85
5.49
2.00
7.89
6.30
5.24
8.40
5.59
5.12
7.40
7.49
7.72
8.70
5.49
4.32
6.87
6.82
6.22
2.17
7.02
6.89
5.47
5.07
6.00
5.96
6.52
7.44
4.88
5.66
5.30
9.68
3.26
7.03
8.82
6.14
5.09
8.70
7.89
3.35
7.60
3.13
3.57
8.80
4.51
8.96
8.38
7.34
4.60
5.52
8.15
8.70
6.96
3.68
4.97
6.17
6.74
7.80
7.70
7.87
7.89
10.49
6.24
6.17
5.34
7.15
4.35
3.92
7.89
7.29
8.55
8.12
6.60
4.59
3.60
6.89
5.70
6.54
5.85
6.24
6.85
6.96
2.17
5.89
4.29
8.64
5.64
8.22
5.30
3.55
7.37
5.00
4.87
6.92
4.77
4.70
4.95
10.22
7.12
5.60
8.26
8.48
7.12
5.48
6.29
4.80
5.22
5.44
6.66
5.73
4.59
8.11
5.35
8.67
3.30
7.38
5.15
4.19
5.04
9.37
7.28
7.26
10.74
4.52
10.32
6.80
4.52
2.85
7.83
8.96
3.33
1.79
4.85
2.80
7.05
4.82
8.52
6.54
6.18
6.96
6.14
5.42
5.66
7.96
5.97
9.70
5.32
3.74
8.52
6.01
7.05
6.69
6.77
5.30
3.92
6.19
5.62
7.89
4.82
8.70
7.17
5.66
6.81
5.41
5.20
5.64
6.28
5.49
7.03
5.06
7.74
9.10
7.30
6.22
3.06
6.87
7.27
3.23
9.29
9.09
5.48
5.85
4.00
5.92
4.38
6.79
7.17
2.85
7.65
4.77
5.35
3.28
8.05
8.80
3.28
4.99
8.00
7.30
7.51
5.86
3.59
4.66
4.18
6.77
10.02
7.12
5.18
11.00
6.00
5.70
7.40
7.66
4.92
4.12
3.55
7.52
5.66
6.37
3.57
6.84
5.22
5.90
8.05
9.46
4.39
8.92
8.38
4.64
5.64
7.36
7.43
6.34
8.19
7.04
5.03
6.51
6.57
5.19
6.18
3.52
8.35
6.70
0.45
7.68
4.79
4.92
7.72
4.68
8.33
2.00
5.31
7.66
7.22
6.72
3.20
4.68
6.32
7.92
2.70
5.40
7.33
4.54
4.59
7.71
6.28
8.67
4.37
5.83
7.00
7.82
6.66
7.40
5.30
7.46
5.10
1.52
4.81
8.12
5.49
9.57
7.19
9.63
7.44
6.25
6.05
3.74
7.82
5.19
5.66
5.43
6.70
8.66
3.52
6.52
6.96
6.95
6.36
7.36
9.52
6.47
6.15
7.85
4.33
6.57
7.25
10.51
7.40
6.61
4.67
8.10
6.96
6.00
5.49
2.78
6.44
8.30
4.00
7.64
7.66
1.68
4.64
6.59
7.89
8.72
9.00
4.82
5.72
6.05
8.29
4.74
10.82
4.51
6.15
5.46
6.76
6.48
6.07
6.22
6.10
4.84
7.15
8.52
7.90
2.29
9.32
5.02
6.03
5.85
7.74
5.65
6.11
4.47
2.57
8.22
8.52
5.89
5.28
13.00
7.54
5.68
3.65
3.42
6.62
7.96
7.44
7.14
7.89
3.28
6.80
7.35
4.22
5.52
6.82
5.61
5.80
4.56
8.28
7.47
9.61
8.22
5.74
5.57
4.71
7.77
4.16
5.39
7.52
7.74
5.68
5.24
6.05
5.40
2.22
8.52
6.77
4.46
4.19
6.74
7.21
10.00
6.98
7.62
7.72
5.77
4.50
6.19
7.96
4.98
3.51
7.17
6.55
8.30
8.30
7.16
7.64
5.33
7.33
7.57
3.91
5.30
5.23
8.85
5.09
4.85
3.17
4.07
5.41
6.40
7.80
4.68
8.40
8.10
5.55
5.77
5.03
3.76
6.74
3.96
5.42
8.40
6.17
6.06
5.55
8.17
5.15
7.80
10.42
8.05
3.47
5.64
6.89
5.83
3.55
5.58
3.39
5.12
4.94
3.30
6.08
8.22
9.62
7.00
4.09
6.82
5.89
2.21
7.70
5.48
7.92
7.70
7.60
9.03
7.22
8.28
4.58
5.64
8.39
7.47
7.30
6.77
4.54
8.30
3.62
4.74
8.31
8.27
5.72
3.90
8.68
4.78
4.28
7.37
6.14
6.00
5.37
5.96
9.30
4.46
6.54
9.16
5.41
3.06
11.42
9.40
7.89
4.15
6.82
6.15
2.60
6.70
7.15
5.30
4.46
9.22
3.64
6.22
8.22
7.74
5.76
8.52
4.75
6.10
6.52
7.29
7.63
6.21
9.00
5.82
7.41
6.92
6.74
7.21
10.40
6.25
5.25
7.42
6.04
5.96
6.38
7.39
7.72
3.58
6.82
7.72
4.96
6.69
6.41
5.04
4.86
2.82
4.48
7.85
6.05
8.15
9.85
7.57
6.70
5.70
3.69
8.15
7.17
5.42
6.30
6.67
6.13
3.79
8.40
7.42
5.09
6.34
6.94
4.05
9.22
6.72
6.55
4.64
2.49
6.09
6.72
7.80
7.55
7.97
9.70
8.21
2.46
9.52
6.90
7.74
5.87
4.89
5.26
5.92
7.47
8.00
8.22
7.96
5.23
4.38
6.90
5.50
6.70
6.72
6.66
8.96
8.60
6.70
3.33
4.71
4.78
8.52
12.16
5.44
7.80
7.46
5.21
7.42
7.70
4.74
4.13
5.42
5.40
5.09
3.00
4.80
6.83
7.20
3.55
3.90
4.03
8.30
7.46
6.30
6.80
4.05
4.24
5.68
4.69
5.50
4.41
6.35
3.70
5.40
8.52
3.36
6.43
7.26
8.05
3.10
4.00
6.37
5.38
5.74
7.43
3.46
3.69
5.34
7.85
5.57
7.43
4.03
8.00
8.30
2.96
6.11
5.49
5.40
3.72
8.62
9.52
5.31
6.66
7.07
3.00
8.10
3.90
7.96
9.14
8.52
8.85
8.72
4.10
5.72
3.46
3.60
5.80
3.50
7.61
6.26
7.68
6.11
5.49
5.32
6.82
8.42
6.40
7.00
7.14
3.20
7.44
7.17
5.16
3.67
7.25
8.18
11.30
7.32
5.14
8.30
9.03
3.73
6.62
7.51
7.15
8.05
7.84
7.10
3.52
5.80
8.40
4.32
4.89
4.87
3.24
7.23
6.03
6.46
5.86
4.10
5.81
4.92
6.15
5.85
6.64
7.48
9.05
7.35
2.49
4.54
6.55
5.85
5.07
8.10
6.74
4.80
7.10
5.30
3.60
5.21
5.14
2.80
3.15
6.10
6.78
6.52
5.92
5.74
6.64
2.30
11.31
7.92
6.64
4.20
7.68
3.82
6.15
8.40
3.58
5.32
8.30
8.00
6.83
6.62
6.05
7.57
4.00
4.96
7.34
5.06
6.66
7.66
3.54
5.39
8.17
5.50
8.32
7.40
6.00
6.85
7.14
7.96
5.12
7.70
7.17
5.00
9.00
5.32
1.40
4.74
7.92
5.49
6.36
8.40
3.00
9.10
3.72
11.30
6.73
6.28
7.52
5.39
7.49
6.00
5.00
4.73
4.85
8.85
7.89
6.70
7.62
6.05
7.04
6.60
10.92
8.05
7.57
4.85
4.72
5.27
6.52
6.89
8.55
7.24
5.29
8.17
6.39
9.10
6.85
6.71
6.64
6.15
4.11
5.86
7.86
4.74
7.85
6.00
6.28
6.30
4.32
6.86
6.76
3.66
8.37
5.94
6.09
7.42
6.09
7.40
5.72
4.69
9.94
3.68
5.70
7.51
5.68
5.95
9.00
6.39
7.15
6.74
5.40
6.82
10.00
1.74
6.62
7.43
5.62
6.70
4.66
2.15
3.84
5.92
5.00
4.92
4.57
6.96
5.88
6.34
3.65
11.20
1.77
8.40
7.92
6.72
3.94
12.00
4.10
3.82
5.96
7.30
7.82
9.38
8.30
4.04
6.80
8.77
7.40
9.11
8.43
8.52
5.40
7.82
7.60
7.12
2.30
6.39
5.66
4.57
5.15
7.13
6.70
7.02
4.23
3.87
5.80
6.00
8.70
4.25
5.28
4.00
6.28
6.02
6.12
7.21
9.10
4.76
5.38
7.26
6.38
5.35
6.26
5.74
4.54
8.20
7.96
9.22
4.77
8.61
4.96
4.16
5.64
7.21
5.42
6.52
7.04
5.77
8.28
3.96
3.38
5.09
7.47
5.24
6.51
6.25
4.30
9.15
4.21
5.37
6.95
8.30
5.83
8.52
6.19
5.97
9.26
7.76
7.09
6.46
4.85
7.34
6.66
7.64
5.14
7.96
2.60
7.96
8.15
6.60
8.05
6.66
7.60
5.21
7.44
7.96
8.51
5.18
6.76
6.39
3.15
3.98
5.00
5.28
6.82
4.42
10.00
4.44
8.52
3.30
7.36
5.68
7.32
8.89
7.21
8.92
8.15
6.68
4.62
7.44
3.48
8.54
7.68
5.92
8.00
7.92
7.70
7.30
7.14
7.89
6.66
3.11
7.96
6.09
7.66
5.10
5.85
6.70
6.32
2.70
7.84
6.26
7.62
9.43
6.26
5.44
6.14
6.48
7.55
6.52
7.92
9.04
5.70
5.80
5.40
5.52
7.66
3.04
3.21
8.22
5.36
4.42
6.10
5.03
5.55
6.28
7.22
7.10
4.66
7.22
6.66
4.37
8.09
4.47
10.64
5.40
7.64
6.91
5.34
8.15
4.52
5.10
7.57
4.54
5.15
5.32
6.10
7.96
6.74
6.30
6.30
5.40
7.34
5.85
8.19
3.90
7.46
2.05
3.15
6.05
5.85
9.57
6.60
3.90
7.64
4.71
7.15
7.57
5.22
5.92
4.00
4.64
4.80
8.30
7.89
5.51
3.34
9.82
4.96
2.62
7.40
9.70
6.52
7.84
2.41
7.34
3.48
8.52
7.10
6.95
6.32
7.04
6.25
8.05
6.40
5.51
4.42
4.69
6.41
8.40
6.90
4.62
7.34
5.62
7.86
8.00
5.46
5.81
4.44
4.12
5.65
4.92
6.17
6.43
6.60
5.74
8.26
5.18
2.59
4.07
5.91
8.70
4.61
7.15
7.15
8.66
4.44
3.00
9.89
6.06
4.58
7.24
6.41
4.55
7.96
7.30
7.00
5.92
7.80
4.36
8.49
6.10
5.33
5.00
4.61
6.25
3.30
7.57
5.44
4.70
4.46
2.64
9.96
7.10
7.56
8.68
8.70
5.39
6.40
5.57
7.12
7.99
6.30
8.19
4.96
8.21
2.82
5.30
9.44
9.00
9.27
4.54
7.04
8.52
3.96
6.03
5.89
7.43
4.39
5.87
4.82
6.96
9.46
6.35
6.33
3.53
7.92
5.94
5.77
7.30
6.70
6.37
4.74
4.42
7.40
8.88
7.11
4.84
9.00
8.40
3.15
5.15
6.17
8.23
4.55
9.01
4.02
4.97
8.30
5.62
5.71
5.92
6.70
4.28
1.40
3.61
6.47
6.60
4.70
8.01
8.37
7.77
9.00
8.10
5.50
7.79
7.72
4.85
6.92
5.70
3.70
6.04
6.24
7.26
6.85
6.10
6.62
7.80
6.69
7.66
5.35
7.15
4.64
8.30
7.23
7.92
5.05
8.15
8.68
6.30
7.11
4.65
7.77
7.72
4.30
7.47
6.22
5.08
6.46
5.37
7.82
3.94
4.97
4.80
6.43
5.92
4.77
4.41
7.05
9.15
7.59
3.11
7.89
4.82
4.28
6.46
3.64
8.33
10.32
6.00
8.22
4.85
5.40
4.77
8.03
8.15
7.82
6.97
5.07
4.08
5.03
8.03
4.30
8.40
6.06
5.54
8.30
4.99
5.88
4.74
3.09
7.64
7.85
6.60
6.52
8.41
4.38
4.19
3.30
5.95
8.22
6.76
4.35
6.21
4.15
5.32
7.17
4.13
5.41
5.74
9.11
4.54
5.70
4.53
8.30
6.24
5.62
9.70
4.35
7.48
6.46
9.70
4.85
8.89
8.72
5.93
7.96
5.01
5.96
5.46
6.47
7.23
2.12
4.55
6.89
3.60
5.52
4.54
8.13
5.38
9.22
4.17
9.07
4.00
5.42
9.05
6.55
8.60
3.94
5.10
2.53
8.70
8.40
7.03
3.40
3.00
3.70
6.15
6.80
7.82
2.66
7.22
3.89
6.48
6.29
8.70
7.57
4.68
8.17
6.34
7.26
7.60
6.85
7.12
9.12
4.96
7.17
6.19
3.61
8.30
9.30
5.24
3.85
8.82
7.74
4.77
3.00
4.21
7.57
7.95
5.02
6.12
4.60
8.59
2.84
4.92
8.60
8.35
3.44
5.96
8.30
3.51
7.07
7.49
4.10
6.15
7.57
5.92
9.22
6.96
8.35
5.00
7.77
6.99
5.96
5.05
8.60
5.10
3.00
7.85
8.64
9.70
6.77
9.00
3.10
9.09
4.77
8.00
2.82
3.96
4.82
7.35
5.22
7.66
6.98
6.70
4.66
9.21
3.00
7.28
4.61
3.19
5.89
4.97
8.46
5.52
7.15
4.92
3.55
5.80
7.57
6.52
6.02
1.80
6.88
7.74
4.70
8.32
8.08
7.68
4.46
5.46
5.89
4.37
7.22
5.49
5.99
4.74
8.00
8.72
7.54
6.20
6.88
4.85
4.31
8.30
7.56
4.51
8.28
5.59
5.35
7.49
5.36
7.77
3.99
7.28
7.70
7.21
5.99
1.94
5.62
8.22
8.59
5.00
6.30
8.92
4.74
6.70
5.25
6.82
5.68
5.66
5.94
6.31
6.71
6.60
5.00
7.37
4.60
7.64
4.44
2.85
5.92
4.22
4.75
6.47
7.77
3.85
3.58
6.30
6.82
7.89
6.07
6.80
5.80
9.03
5.33
11.70
5.50
9.74
10.29
8.21
3.73
5.37
4.10
8.89
3.43
7.65
7.46
6.56
5.80
3.72
6.57
8.70
8.82
8.06
4.71
5.60
5.23
8.10
7.31
6.55
3.22
8.22
5.74
8.14
7.87
7.32
9.80
5.66
4.82
2.92
4.72
6.28
7.70
8.22
10.32
7.89
4.43
8.10
8.25
8.52
8.40
8.10
4.65
3.12
10.00
5.54
6.74
9.41
8.34
4.89
7.19
2.25
8.15
4.99
8.30
5.68
4.10
5.02
7.42
5.30
7.17
4.36
6.64
8.05
2.60
5.10
7.96
7.00
5.12
4.92
5.89
7.14
3.00
8.40
6.48
5.12
9.00
4.21
7.85
4.15
5.20
5.52
8.40
4.49
4.52
4.07
4.62
7.59
5.68
4.23
5.85
5.82
3.85
8.55
8.52
6.52
9.95
5.15
5.05
6.57
5.60
7.59
7.32
7.22
6.12
4.12
3.59
7.12
5.00
9.36
5.21
6.28
6.70
5.28
8.60
6.70
5.94
6.27
4.23
4.45
7.18
4.89
6.38
8.70
6.13
5.52
7.12
8.30
7.77
6.77
7.37
6.70
5.70
3.70
5.82
6.82
4.68
8.15
3.60
5.39
6.00
6.28
6.12
10.89
7.89
6.70
5.55
7.42
9.22
9.40
5.59
6.85
3.16
9.05
2.10
6.57
5.91
6.00
8.70
5.33
8.89
4.72
5.82
6.77
3.30
6.82
2.28
5.85
4.59
5.91
6.96
4.34
7.00
9.01
3.61
7.52
7.38
6.05
3.67
4.15
8.31
9.77
6.22
6.92
5.54
4.11
6.53
7.16
5.17
7.64
5.90
3.36
4.27
5.32
3.60
2.15
6.80
3.51
7.89
4.81
6.74
5.59
8.41
3.32
8.48
4.03
4.06
7.31
6.92
7.00
3.30
6.70
5.60
8.00
4.58
6.55
3.68
6.74
6.85
9.74
7.96
4.00
6.61
4.31
6.12
4.80
4.55
6.00
7.48
7.96
7.70
8.82
9.22
7.00
6.40
4.46
9.50
6.92
7.22
3.06
6.80
7.06
8.10
8.22
7.46
7.41
8.07
8.18
4.11
8.00
8.00
7.17
2.70
6.28
7.18
8.22
7.55
10.55
6.70
8.22
9.70
7.27
5.25
4.95
6.63
7.30
4.29
6.85
3.42
7.68
6.66
7.33
4.22
3.07
8.52
5.62
5.38
8.10
4.94
9.00
4.77
4.73
6.71
11.05
5.06
7.55
8.30
3.60
4.75
6.82
8.30
6.72
6.49
6.47
5.41
7.52
11.05
4.70
5.59
5.74
3.70
3.08
9.70
8.92
7.03
8.74
5.85
6.62
6.15
6.00
3.33
6.70
6.12
6.80
4.60
7.07
4.89
4.10
5.11
5.62
4.09
3.06
8.89
8.40
7.15
6.74
5.82
5.82
7.66
7.47
7.21
6.01
7.12
4.21
7.10
5.72
5.34
2.30
2.94
4.05
5.24
4.40
5.00
6.70
4.75
4.96
5.37
2.82
5.77
8.32
5.70
4.28
4.92
6.68
9.05
3.34
8.32
5.89
2.77
8.37
9.28
5.70
5.15
3.43
3.26
6.80
7.82
7.41
2.46
8.62
2.29
8.85
7.82
6.17
9.22
5.15
3.70
6.59
9.39
9.61
3.66
7.20
7.21
5.70
9.66
4.91
5.66
4.84
4.77
7.30
7.00
7.74
6.71
3.07
7.26
3.35
7.06
5.66
7.40
3.70
7.49
4.93
5.82
3.59
4.27
4.96
6.51
7.11
9.30
8.30
6.73
11.70
8.34
4.35
6.49
5.50
3.93
7.05
7.05
3.74
6.76
6.21
4.74
6.19
5.96
8.40
4.00
7.18
8.13
8.70
7.41
3.74
8.52
7.89
4.21
8.17
4.00
7.82
5.56
2.44
8.14
6.26
8.92
5.54
4.46
7.15
3.13
10.42
11.30
7.91
7.46
5.28
8.30
6.69
2.00
4.62
8.15
5.00
7.34
3.89
5.12
6.14
7.44
5.03
5.09
5.82
7.12
6.41
5.49
6.85
4.84
6.82
6.82
7.74
6.16
3.93
6.85
4.30
4.51
6.08
9.00
2.96
6.44
10.52
2.77
2.70
7.60
9.05
9.09
7.55
4.79
8.00
9.15
7.34
10.62
7.85
8.20
6.63
5.00
4.36
7.43
7.40
7.29
7.09
5.35
9.68
6.38
7.11
8.70
6.57
7.39
5.68
5.06
4.28
6.92
3.10
3.05
4.72
11.30
7.24
7.55
7.92
6.13
5.90
3.18
9.00
6.75
9.43
8.96
8.82
7.70
5.52
4.66
6.10
5.20
8.06
8.30
6.00
4.69
5.68
7.80
6.10
4.77
8.05
6.47
5.48
4.43
5.86
9.82
7.89
6.40
9.15
4.93
6.49
7.60
6.30
3.10
6.80
7.40
4.41
7.66
8.00
7.82
5.10
8.11
8.34
5.24
5.96
7.74
4.57
7.16
4.05
6.70
4.00
6.01
7.59
8.22
5.96
7.49
7.92
6.25
8.85
6.74
7.07
5.60
7.07
8.55
6.57
5.85
6.96
5.99
6.34
8.51
11.07
3.36
4.54
7.72
9.89
8.96
8.05
7.35
8.15
1.98
2.47
8.00
8.82
5.30
4.70
5.54
8.00
5.49
5.69
7.68
9.10
5.10
7.39
9.52
5.52
5.27
2.20
3.64
6.78
6.29
10.36
8.37
6.88
6.60
4.00
6.49
7.23
6.55
6.24
5.40
6.92
5.98
6.00
6.28
10.30
5.22
2.49
7.40
2.47
5.82
9.00
8.28
4.77
6.52
7.52
8.10
7.40
5.42
9.01
3.70
6.96
8.30
4.54
4.23
7.57
9.05
4.47
6.23
6.89
9.57
4.70
4.85
5.60
9.70
6.04
10.22
5.25
7.28
6.79
4.87
8.96
7.68
5.94
3.11
6.22
3.10
6.00
5.80
2.64
6.09
7.92
6.33
6.15
5.05
4.50
7.16
8.74
4.33
7.68
6.96
6.15
8.52
7.46
7.05
9.04
7.92
5.00
5.70
5.97
5.35
7.96
8.40
4.61
9.30
8.77
8.85
7.48
4.85
6.52
8.64
5.04
8.33
10.82
6.51
7.15
4.12
8.72
5.37
6.51
5.04
5.19
6.00
6.97
6.70
3.96
5.94
9.22
7.77
8.05
6.74
6.97
5.80
6.85
5.74
8.30
7.85
5.80
10.70
7.72
9.46
9.15
6.55
9.77
8.20
5.55
7.37
7.01
4.96
6.74
5.46
6.07
6.00
7.30
6.85
6.06
8.30
6.85
7.70
4.52
8.20
3.84
2.48
4.89
6.40
9.20
5.60
6.14
5.60
7.84
9.00
5.80
7.06
6.59
1.58
7.34
6.00
7.70
2.70
7.26
4.97
5.04
6.92
4.95
8.52
7.18
6.77
5.07
8.80
3.90
7.82
7.59
3.31
8.62
3.16
4.85
1.74
6.42
6.31
2.30
7.33
5.43
7.34
5.88
6.89
6.30
6.95
4.00
5.92
8.19
7.27
6.85
9.12
6.72
4.43
4.10
5.64
7.03
7.60
6.70
7.64
4.77
8.11
1.70
7.80
8.15
4.07
6.96
6.00
8.15
6.74
8.19
9.10
3.00
8.66
6.64
4.30
4.49
4.40
9.62
7.92
8.14
5.47
9.15
7.85
9.30
8.54
3.68
9.00
3.00
1.44
6.38
8.30
5.10
7.15
5.78
8.57
4.77
3.35
5.89
5.18
4.28
4.44
5.94
7.30
7.51
2.80
3.26
6.59
6.09
5.68
5.72
5.01
5.40
7.00
3.64
7.30
6.70
5.70
5.00
4.74
7.59
5.32
7.40
7.69
6.35
7.40
6.62
5.15
10.30
5.92
6.10
5.00
5.96
5.10
6.00
5.77
8.96
3.30
3.05
6.70
5.92
3.66
2.72
3.33
6.99
3.15
4.10
6.60
8.80
6.42
7.62
7.43
2.80
7.07
4.71
6.60
8.02
8.30
6.59
3.39
7.10
4.27
4.00
5.89
4.91
8.40
4.85
7.85
7.19
4.35
2.23
7.68
3.72
5.85
5.60
6.48
7.74
6.30
9.57
7.82
6.66
6.74
8.52
7.52
5.03
6.36
6.87
6.62
5.18
9.80
4.86
3.30
5.44
5.82
5.39
7.10
5.05
8.30
8.22
3.80
6.72
7.34
8.30
5.13
6.52
6.94
8.80
6.00
6.46
10.00
9.49
7.60
7.50
7.22
9.03
5.79
7.32
4.07
5.54
8.72
5.92
5.27
6.89
5.57
8.36
7.47
7.74
8.52
7.00
7.49
5.80
8.74
5.82
7.00
4.05
8.80
8.89
8.80
6.37
6.10
7.74
4.32
6.15
8.49
7.69
4.15
4.08
4.90
5.41
5.24
8.70
3.94
6.48
3.51
6.57
8.40
8.22
5.96
3.04
6.78
1.62
7.60
5.88
7.80
8.96
4.31
3.74
4.71
5.26
3.87
8.10
7.89
8.62
6.42
9.40
3.93
8.62
6.14
7.96
10.00
8.19
7.07
6.74
6.92
5.47
2.62
6.78
7.60
3.80
4.47
6.52
3.89
6.84
5.28
8.00
4.52
5.14
5.51
7.10
4.64
2.26
4.15
9.92
3.22
6.70
9.49
9.60
8.82
6.66
5.06
6.21
6.68
3.87
7.70
4.79
7.74
4.70
5.57
5.82
5.10
5.80
7.70
7.17
5.44
7.92
8.70
7.05
4.39
7.17
7.72
5.70
7.36
6.78
6.44
6.54
5.74
6.49
8.77
5.52
4.87
7.60
6.63
6.98
7.96
5.74
8.78
4.59
8.30
6.10
5.80
8.70
8.00
6.80
7.35
8.41
4.52
4.76
3.46
4.82
4.46
9.28
8.80
10.70
5.74
6.13
4.43
7.48
4.49
6.30
7.70
7.02
7.13
7.80
4.57
3.41
10.72
8.70
5.80
8.29
3.59
7.66
7.17
5.60
5.51
3.04
7.57
7.30
7.13
5.49
5.51
6.27
6.56
7.45
8.30
8.92
3.90
6.00
7.95
7.96
6.72
9.19
7.39
3.77
2.30
6.84
6.13
3.25
8.04
2.92
5.47
6.30
7.17
5.16
8.08
3.60
5.74
6.35
6.55
5.44
7.19
7.54
6.12
7.12
9.05
5.88
6.00
5.86
8.36
6.29
4.67
11.30
8.20
5.84
8.62
3.00
5.66
7.29
3.43
6.96
7.93
8.52
5.62
4.47
6.84
5.01
5.70
8.89
8.40
9.15
4.82
8.15
10.18
7.00
4.35
7.85
4.25
5.36
7.57
7.10
5.96
6.70
7.24
5.82
7.16
5.98
7.70
5.34
3.05
4.44
7.50
7.80
7.66
8.08
6.52
7.59
3.81
6.40
4.72
8.05
5.93
5.14
8.00
8.30
3.53
5.56
6.72
6.08
4.96
9.08
4.30
6.02
6.40
4.74
2.44
5.37
7.13
4.80
4.30
6.41
6.15
7.25
6.15
6.15
7.59
6.00
4.43
7.89
5.96
7.78
4.74
8.30
3.87
7.77
4.82
4.52
9.64
6.75
7.40
4.30
6.59
7.00
8.70
4.40
3.24
3.42
7.21
4.11
6.44
7.44
7.48
3.84
5.70
6.00
7.82
4.82
8.00
3.80
9.40
4.55
3.54
4.21
7.52
10.60
7.08
4.66
7.58
5.92
4.84
8.72
9.42
7.82
4.64
8.00
9.19
6.70
6.05
5.30
6.30
7.22
6.58
4.70
5.51
4.36
4.93
2.47
6.82
8.70
5.39
4.86
3.32
4.85
8.24
2.30
9.22
5.87
4.48
2.96
3.63
7.22
2.00
8.14
6.71
3.89
7.21
5.12
3.43
12.00
4.74
6.68
6.52
4.03
8.00
6.40
5.26
8.70
2.46
6.59
4.77
5.30
6.99
7.51
7.64
5.74
6.11
6.27
6.51
8.40
5.80
3.08
9.52
3.62
6.89
5.14
2.91
1.85
6.40
6.91
5.19
6.28
9.49
6.20
8.52
5.66
8.00
5.11
6.85
6.55
10.17
6.80
5.74
8.57
7.37
2.68
7.90
5.66
4.26
8.39
7.21
3.30
8.22
8.15
6.65
6.08
5.19
5.28
7.63
5.25
6.54
5.39
7.44
4.15
8.66
4.26
5.66
4.80
8.96
1.80
7.57
4.82
5.25
5.85
5.82
8.64
7.24
6.46
6.54
8.87
3.44
4.75
4.10
9.40
4.52
8.49
6.00
3.55
7.68
6.05
6.96
7.57
7.00
6.22
4.03
4.39
6.00
7.97
1.88
8.10
6.82
4.20
3.95
6.81
4.60
8.40
8.89
8.06
10.00
8.60
5.74
8.68
8.35
6.92
8.43
4.40
6.78
3.00
8.30
8.28
6.28
6.22
7.73
7.15
4.24
5.60
7.66
6.00
6.05
4.14
4.01
6.36
9.37
6.19
7.72
6.60
5.30
5.30
7.22
5.20
5.49
7.22
4.30
9.40
8.64
4.34
3.04
5.33
7.19
7.85
7.91
4.15
5.44
6.54
7.16
7.89
5.38
7.52
3.00
5.85
6.78
8.00
5.89
6.80
7.57
5.00
7.80
6.52
4.70
8.30
5.54
5.00
3.77
6.84
6.22
8.70
4.70
9.34
2.97
5.05
7.18
3.70
6.22
4.12
9.00
9.30
8.04
7.55
4.41
7.82
4.84
7.15
6.89
5.74
8.05
4.64
3.57
6.54
7.10
3.92
7.01
3.30
8.22
6.49
7.40
7.81
8.22
4.44
5.14
9.55
7.47
3.30
3.64
8.25
7.92
6.10
7.52
3.58
6.62
6.70
9.15
4.71
4.96
5.70
4.74
10.80
5.52
8.30
7.89
2.87
4.33
6.52
7.57
4.72
5.27
7.09
7.64
6.52
7.40
3.00
5.39
3.76
6.66
5.00
5.34
7.31
8.06
5.70
8.52
7.68
3.92
5.22
9.37
11.00
8.70
5.96
7.52
6.39
7.96
6.80
5.52
9.00
8.35
4.94
6.68
7.48
8.05
3.55
4.35
2.52
4.10
5.28
3.00
9.41
6.74
4.98
6.72
9.00
8.19
5.83
3.92
5.74
6.40
5.30
6.39
5.38
7.00
7.70
6.95
3.77
4.72
6.72
9.70
8.52
5.92
6.41
7.64
7.47
4.36
7.15
8.28
6.60
5.30
5.00
5.74
8.11
7.52
5.44
7.52
7.00
6.00
1.88
4.00
8.80
7.31
3.30
3.11
7.22
7.25
4.07
4.92
1.30
4.00
8.47
6.20
6.11
3.92
3.10
3.55
5.05
5.74
6.88
4.92
6.33
7.00
3.40
6.28
4.77
3.66
4.73
7.52
10.82
3.71
7.04
6.15
10.52
9.70
10.06
8.52
8.70
6.69
4.58
4.10
5.03
5.22
6.48
3.27
4.00
4.30
6.12
10.05
8.52
4.97
7.19
9.70
8.38
7.92
5.15
6.96
8.82
7.89
7.10
3.54
4.26
6.35
4.08
8.00
7.32
6.61
8.70
4.60
6.19
7.70
4.32
6.41
6.29
8.72
5.42
7.17
2.24
7.64
7.19
8.70
5.32
10.44
4.70
8.22
8.07
5.49
7.96
4.96
5.70
6.92
6.40
6.19
5.30
6.57
7.80
7.40
5.00
8.40
8.66
5.85
8.28
6.23
5.75
7.01
2.35
6.03
8.29
9.00
5.18
6.72
4.73
3.61
5.10
7.36
7.16
4.68
7.32
5.10
5.77
7.34
6.96
8.00
5.85
7.70
7.81
1.57
7.72
7.68
8.57
8.74
9.15
7.24
8.52
5.42
11.59
6.80
5.14
6.32
10.20
8.70
3.13
5.27
8.77
3.34
9.54
6.33
9.40
9.77
6.50
5.23
8.05
7.13
5.14
6.21
4.59
3.48
6.78
8.00
6.06
6.60
8.64
7.40
5.85
5.24
4.74
7.30
5.18
3.80
6.21
5.12
7.68
6.43
6.27
8.70
3.80
4.55
5.52
7.19
4.39
6.42
5.96
6.91
2.30
6.78
3.82
5.62
8.44
8.46
6.09
7.19
6.84
6.40
8.52
4.29
4.30
6.63
7.40
7.40
6.30
8.37
8.19
5.26
7.11
8.10
6.85
4.54
7.32
8.15
6.48
6.92
8.70
3.28
5.34
6.17
3.07
3.61
8.10
8.80
5.23
5.91
4.99
10.24
3.24
4.85
7.89
4.98
6.36
7.30
7.77
5.33
5.06
4.36
8.30
6.85
5.89
5.52
4.33
10.40
6.89
6.28
5.68
6.17
11.22
3.05
6.44
2.75
7.60
7.49
6.04
5.34
4.22
8.02
9.00
2.05
8.77
4.00
7.70
4.99
6.40
8.70
6.96
4.70
9.34
6.84
7.94
7.15
4.24
3.65
4.84
7.28
5.74
3.72
6.24
4.70
4.49
8.40
8.16
2.80
5.36
9.57
6.04
5.12
4.76
7.85
7.51
7.07
7.54
10.10
6.52
5.10
7.68
4.84
4.64
6.62
7.12
7.54
5.22
8.85
5.80
3.65
7.11
7.57
8.21
3.30
7.75
3.22
4.85
8.31
7.68
8.15
6.63
6.64
7.82
7.21
3.80
5.28
5.52
5.46
3.64
2.70
4.19
5.70
5.96
6.13
7.54
7.33
6.82
7.28
7.80
7.96
6.85
9.00
5.08
2.60
7.87
4.82
9.46
4.92
9.00
7.77
3.51
5.34
6.89
9.10
4.76
6.51
7.43
6.70
8.41
7.43
7.38
5.77
5.03
4.68
6.85
8.52
4.79
3.49
7.70
4.71
7.30
5.49
9.72
9.00
7.44
5.24
7.64
6.37
2.89
8.30
4.58
4.54
8.57
5.00
6.82
6.30
3.78
5.85
6.36
5.21
9.04
6.46
5.55
7.96
3.70
9.80
7.00
9.89
6.01
5.67
7.07
4.48
2.40
7.06
4.46
6.85
5.05
6.84
4.83
4.13
7.00
4.24
4.44
8.30
6.31
5.17
6.19
8.77
5.00
5.55
4.30
6.77
6.89
6.06
6.86
6.49
5.81
3.59
5.24
3.31
8.59
5.36
8.46
7.72
7.20
6.48
5.22
9.00
6.15
7.38
12.00
5.41
5.71
5.85
6.84
7.28
5.96
6.49
9.44
3.52
3.16
4.51
6.40
5.24
3.51
4.66
11.59
6.05
8.15
7.39
7.33
8.27
8.00
6.96
5.96
4.23
6.15
6.40
9.00
7.80
8.70
6.68
7.48
5.00
5.42
8.10
8.22
5.03
4.15
6.07
4.64
8.87
6.95
6.48
7.09
3.05
3.68
4.55
7.52
3.03
5.48
8.55
2.22
6.00
5.68
6.77
5.61
8.52
9.30
5.49
3.52
4.66
8.37
8.00
5.74
7.00
7.60
8.52
4.59
4.77
7.89
5.69
2.30
5.27
8.37
9.24
2.52
5.00
3.40
7.18
6.64
7.11
2.96
7.46
5.25
8.40
7.60
7.01
5.77
4.40
7.70
5.92
9.24
8.85
8.70
8.05
8.24
2.57
8.74
2.47
3.62
8.20
7.50
6.86
5.13
8.57
6.70
7.89
8.00
4.30
5.43
6.28
5.15
3.54
7.10
5.14
5.11
6.57
5.77
7.74
3.99
4.10
7.21
4.85
2.74
7.55
6.66
6.30
4.05
3.77
6.15
3.92
6.20
5.89
6.15
7.85
6.77
7.62
9.44
8.15
5.04
7.99
8.46
4.05
6.23
7.40
6.47
6.72
3.00
7.39
5.49
8.17
8.55
13.00
4.72
7.40
8.16
6.66
4.62
7.11
8.51
7.58
8.03
5.00
6.48
7.73
5.02
9.85
7.24
5.79
8.89
8.22
4.06
3.03
2.52
6.70
5.91
7.02
5.64
4.28
9.05
4.49
6.77
4.30
6.68
6.35
6.61
7.15
7.89
4.01
4.35
8.68
5.94
6.72
4.43
8.34
6.56
5.68
6.00
7.40
6.79
6.44
5.85
5.15
6.41
7.84
9.22
9.64
6.85
4.34
7.40
8.70
5.37
4.47
6.80
5.15
6.92
8.10
6.17
3.76
6.83
6.38
6.72
6.20
8.52
5.29
5.68
3.11
7.26
7.04
5.05
6.25
7.20
4.46
5.92
6.22
7.62
5.81
3.51
8.89
6.06
7.55
6.19
9.31
7.41
5.06
4.77
6.76
9.03
8.00
7.26
2.93
3.90
2.20
5.35
7.10
5.85
9.00
7.89
6.32
7.03
8.60
3.76
8.09
7.17
8.05
5.34
7.57
7.19
4.55
6.13
9.15
7.46
5.70
5.37
7.49
7.53
4.81
5.40
4.02
2.82
5.75
5.70
3.70
7.49
7.77
8.00
8.00
8.30
7.34
7.72
6.51
7.27
9.92
6.21
1.95
7.66
7.95
7.30
8.30
7.43
8.74
4.32
3.37
3.69
4.30
5.12
6.24
5.91
2.70
7.38
4.69
9.54
4.70
8.27
8.30
4.82
5.78
5.28
4.54
6.52
5.62
5.76
4.55
6.77
8.40
6.54
8.70
8.07
3.81
7.77
7.06
7.03
9.70
7.21
8.20
7.23
9.40
10.96
7.43
6.21
8.66
5.95
6.53
7.31
6.76
7.46
6.88
6.10
7.36
4.89
4.98
7.92
5.24
3.53
5.77
3.84
4.39
3.30
6.80
5.44
7.96
8.05
5.35
6.35
9.22
4.46
5.22
4.77
8.19
9.52
4.16
3.41
4.11
4.21
3.69
2.96
7.10
8.89
4.77
7.52
5.76
5.62
5.39
4.96
6.40
5.89
6.70
6.10
6.70
7.85
5.10
5.05
8.05
6.00
5.26
7.54
7.30
9.00
5.04
5.23
4.85
5.74
4.96
8.60
5.21
6.57
9.10
3.02
7.40
8.15
3.78
7.46
7.00
4.68
6.15
5.92
4.99
7.24
2.91
8.15
4.92
6.60
4.10
2.38
6.02
3.43
2.96
6.24
4.99
5.60
6.15
5.71
5.43
1.30
7.15
7.95
7.00
8.72
6.44
3.00
4.91
7.15
6.66
2.97
6.26
9.37
8.03
7.62
5.66
3.24
4.96
8.74
3.25
7.37
7.87
3.89
6.17
4.04
4.70
6.66
6.22
5.92
7.44
8.10
5.48
6.52
5.89
8.18
1.84
5.32
5.07
8.66
6.63
7.82
4.82
4.62
9.77
7.22
4.72
7.70
5.09
3.60
9.92
7.19
6.48
8.30
4.82
7.13
4.09
8.05
5.22
7.87
8.93
6.57
7.46
2.00
8.06
2.30
8.00
6.00
4.81
4.80
7.85
6.20
4.97
6.76
9.08
3.48
2.84
11.22
7.20
6.59
7.06
7.52
7.18
7.00
5.22
3.24
5.21
5.64
5.30
5.03
5.64
3.10
5.41
4.51
8.25
7.96
10.46
8.25
7.09
5.43
5.39
9.41
3.98
7.80
5.80
4.18
8.00
5.77
3.74
3.55
8.59
5.30
7.85
8.19
6.52
6.39
3.19
8.52
6.78
6.17
4.70
6.66
7.22
5.96
2.48
4.08
3.70
7.47
4.00
6.06
6.21
7.82
5.00
8.15
5.74
9.64
5.60
5.19
6.00
8.51
9.30
6.68
4.22
4.90
5.91
4.94
4.15
4.77
7.05
6.70
7.25
3.00
8.17
3.90
8.70
4.39
5.30
5.35
6.10
5.22
8.37
8.52
7.30
3.80
7.66
8.48
6.22
8.40
4.36
6.25
8.32
7.70
10.00
5.02
4.96
5.36
7.29
6.85
4.34
8.72
6.92
5.32
4.94
3.69
6.15
4.96
7.03
9.92
6.10
5.21
6.29
6.77
3.98
6.27
7.37
3.55
6.96
5.80
6.43
6.88
6.22
5.15
7.49
9.15
6.51
6.40
8.40
3.22
6.40
6.96
6.30
1.96
5.40
5.72
7.74
4.64
3.00
4.70
7.72
7.60
8.06
3.30
4.22
8.00
5.85
13.82
7.52
5.36
7.96
7.52
4.15
7.92
4.85
8.36
9.22
6.03
7.74
3.30
11.00
5.66
6.39
5.66
5.70
5.31
8.38
6.16
7.76
7.37
6.15
10.25
4.84
8.15
7.08
8.49
6.40
7.00
9.70
7.92
2.86
4.17
5.46
8.52
7.11
3.32
6.11
7.62
8.59
6.77
7.40
6.21
6.06
3.07
7.57
5.84
6.08
7.89
5.11
4.92
4.83
7.70
4.47
4.82
6.10
5.82
3.47
5.71
6.57
9.30
6.77
3.10
8.10
8.60
6.64
7.11
6.15
7.27
8.55
3.30
4.15
5.09
7.30
9.20
9.05
2.44
7.70
7.29
7.45
5.48
6.43
3.61
6.70
9.28
9.35
3.30
5.71
6.00
8.40
5.66
6.15
9.49
8.62
2.92
4.82
8.30
6.60
4.48
5.75
9.00
9.15
7.70
4.49
6.89
6.89
4.59
5.91
6.59
7.06
8.12
4.30
5.44
5.08
9.35
4.89
8.70
9.52
10.00
4.72
5.85
2.30
8.85
7.89
7.10
5.02
6.34
6.68
4.59
8.68
6.54
6.14
6.44
7.54
7.00
7.51
4.43
7.80
7.25
3.95
6.49
8.01
7.00
6.13
8.40
7.82
5.62
6.68
7.80
3.21
4.32
6.47
5.28
3.76
6.47
6.05
2.72
4.37
7.05
7.80
5.29
6.11
4.92
7.56
4.40
2.77
7.59
8.19
4.23
5.60
7.89
7.40
4.96
6.17
5.17
4.92
7.23
8.96
5.72
6.15
4.63
7.24
8.85
7.10
6.15
6.62
8.32
9.03
8.29
6.60
6.16
3.22
7.31
5.75
4.00
7.74
4.82
7.00
3.77
5.66
3.22
3.77
7.14
6.64
3.80
5.96
7.77
3.70
3.64
6.52
4.22
7.38
6.95
8.22
5.42
8.77
5.82
5.54
7.85
5.62
8.52
5.05
6.00
3.96
5.92
6.08
4.57
3.35
5.00
7.72
7.82
8.15
6.01
7.92
5.22
4.87
7.28
3.51
8.30
8.46
3.32
4.41
6.07
4.43
6.37
6.66
6.27
3.16
6.41
6.84
7.89
4.79
4.43
6.29
3.73
4.00
6.60
3.68
8.32
3.22
4.14
8.15
3.81
6.80
3.57
5.14
4.66
5.18
5.48
4.09
8.23
8.11
1.70
5.64
4.96
2.89
6.31
5.75
4.28
8.00
5.68
5.54
8.21
7.92
5.80
9.00
3.70
6.38
4.40
6.79
7.40
7.18
4.62
6.70
7.40
6.22
7.40
7.36
6.66
8.05
5.11
8.10
8.94
5.35
8.10
8.28
6.92
6.08
8.09
6.92
4.58
9.08
10.26
11.89
7.00
5.22
6.73
9.20
4.23
4.15
8.70
9.15
2.81
7.60
6.72
7.20
3.54
5.21
6.88
3.55
7.05
5.40
5.18
4.68
7.06
9.96
7.72
6.06
6.00
3.10
8.10
7.48
7.54
7.43
8.77
7.47
10.15
6.60
6.22
6.52
3.42
5.47
4.62
6.96
6.30
6.52
6.29
5.02
2.96
3.64
8.14
7.37
6.92
6.52
5.98
3.84
8.52
8.52
5.96
7.92
8.80
6.41
3.95
9.22
6.70
4.30
8.22
9.00
7.32
5.62
7.72
8.11
6.66
5.00
4.70
5.10
3.40
4.91
3.13
6.85
1.66
5.96
6.74
3.66
4.54
6.80
6.69
2.26
6.00
5.47
7.70
6.40
9.27
6.24
5.77
6.36
8.51
3.44
4.18
9.64
4.62
5.82
2.81
5.33
10.00
5.17
5.89
7.52
4.30
5.38
7.12
5.89
6.92
9.49
4.20
6.00
9.66
6.98
7.22
4.54
6.92
3.86
5.77
5.69
4.70
5.05
6.24
5.68
4.82
6.21
4.89
7.96
9.00
7.68
8.34
8.52
10.52
4.43
4.55
8.38
7.00
6.26
8.70
4.33
4.31
5.82
3.88
6.47
5.42
7.27
4.62
5.02
6.32
6.59
8.11
3.49
5.23
6.81
6.89
3.05
7.89
7.49
6.15
7.62
6.54
9.00
4.44
10.00
6.42
5.25
4.46
6.36
6.05
9.15
6.64
8.09
7.46
6.34
7.06
6.89
8.05
6.00
4.52
5.02
3.39
7.07
3.28
9.62
8.20
2.70
7.77
7.55
4.67
5.74
7.74
5.86
4.67
5.20
6.81
5.70
6.52
3.34
5.41
5.05
5.40
8.08
5.91
4.35
4.44
9.10
5.90
7.72
4.26
7.41
5.92
3.00
6.66
5.44
6.48
7.82
5.33
8.63
5.96
4.38
4.92
7.33
8.64
7.27
5.65
3.32
7.85
6.31
5.25
3.70
2.70
4.46
7.85
4.49
6.84
5.80
8.15
4.05
2.77
7.37
7.15
9.52
7.96
6.92
4.17
7.99
6.05
7.00
6.96
2.30
8.13
7.02
6.44
5.74
5.49
10.00
7.43
4.35
7.59
4.43
7.25
7.06
5.10
4.30
9.05
6.90
8.40
9.40
4.11
3.82
5.00
4.18
3.57
4.37
6.31
6.51
8.19
7.80
4.35
5.36
6.47
5.33
12.39
3.65
8.10
9.00
6.94
6.83
5.41
9.21
9.54
4.30
7.30
5.20
7.51
4.17
7.82
6.23
8.93
6.92
7.40
2.76
7.00
6.62
6.30
4.55
8.30
5.68
8.14
8.22
5.10
1.96
9.10
7.59
8.59
8.49
6.52
4.30
8.52
5.00
7.59
7.17
5.13
5.71
6.70
8.20
7.22
3.14
4.82
5.30
7.26
9.30
5.63
6.85
4.69
6.00
5.76
7.39
8.24
2.30
6.50
8.42
6.46
7.32
8.92
8.10
4.30
3.15
9.57
6.52
7.64
7.77
4.18
2.38
8.10
9.52
5.37
3.50
7.53
4.77
6.92
7.68
5.66
6.44
8.40
3.62
5.32
4.43
8.70
8.19
5.76
5.09
4.60
4.66
3.85
8.09
8.05
10.22
4.43
9.68
7.52
3.22
7.00
7.74
7.68
7.46
5.76
8.85
7.61
2.23
3.71
7.09
7.89
7.28
4.11
8.15
5.50
6.32
7.48
3.90
8.77
9.10
8.57
4.91
8.52
4.39
8.70
2.70
7.39
7.06
6.46
7.19
2.90
6.63
4.89
7.47
7.89
5.02
7.99
5.89
6.68
4.60
7.60
8.07
3.96
8.30
4.64
4.10
3.92
7.44
4.62
3.86
6.80
2.85
6.82
4.62
6.49
5.70
4.28
7.54
6.31
7.11
7.74
2.89
6.00
4.12
7.52
8.30
5.49
6.92
2.44
3.01
7.77
7.22
6.29
3.40
6.82
4.40
4.42
1.88
7.72
7.16
8.15
8.05
9.88
6.74
5.00
4.82
3.40
8.54
6.52
3.55
8.60
3.59
3.89
5.72
5.90
4.65
2.40
8.89
4.52
9.74
3.85
5.05
6.51
6.37
6.00
8.10
3.12
6.41
5.17
5.30
7.74
6.62
7.37
7.19
5.52
4.52
8.44
7.54
8.85
4.92
7.44
5.96
8.40
7.00
8.30
5.85
3.30
2.82
3.49
4.72
7.37
4.82
7.33
6.91
8.40
5.60
9.00
3.32
6.98
4.70
8.01
5.25
7.38
7.66
3.53
3.43
4.68
3.09
7.70
8.05
7.16
1.82
8.40
6.96
2.77
9.00
4.10
9.00
6.92
5.80
5.70
5.15
4.73
8.48
4.63
4.18
6.59
6.68
6.60
4.31
7.87
5.74
6.10
4.99
2.22
8.10
6.06
4.57
8.30
5.70
4.40
8.22
5.26
8.46
7.15
6.72
6.92
4.25
6.10
2.98
4.55
5.70
3.81
5.40
8.17
6.42
6.59
7.30
7.14
5.21
9.00
9.46
4.76
7.80
4.38
4.11
8.10
3.59
6.70
5.38
8.61
4.40
3.73
4.05
2.93
7.10
7.66
5.30
7.64
9.22
8.22
7.00
7.54
7.11
5.72
6.42
7.37
7.00
8.05
4.47
4.70
5.30
5.13
4.69
9.32
8.70
8.59
8.45
6.30
1.00
11.26
8.07
8.05
8.05
7.24
4.37
8.41
4.00
7.40
8.10
6.35
5.85
6.42
5.66
6.44
9.24
5.03
3.46
3.15
8.29
7.80
5.04
7.70
8.52
6.15
5.92
6.10
3.49
6.92
8.54
6.89
5.30
5.90
7.16
8.20
8.77
5.96
5.83
7.85
7.13
6.73
2.82
8.52
7.96
6.08
5.96
5.64
4.49
9.52
3.39
9.18
4.32
7.82
9.30
8.30
7.46
8.72
9.33
8.22
7.70
4.87
4.70
7.48
7.89
12.30
5.37
6.40
7.38
6.67
10.40
9.34
4.59
5.51
7.36
3.82
6.62
4.57
7.07
6.60
6.89
7.15
6.45
9.74
4.57
4.77
8.77
4.46
8.49
4.55
7.90
5.37
4.30
4.01
6.72
8.19
5.92
10.72
5.00
6.70
5.93
8.21
2.77
6.05
3.57
8.54
5.92
4.00
3.94
6.82
4.57
5.92
5.77
8.88
6.70
7.80
6.00
6.80
11.30
6.46
8.89
4.03
9.96
7.77
8.30
8.30
9.17
6.17
5.04
1.90
