3.2780001163482666
4.322999954223633
3.0280001163482666
9.619000434875488
4.866000175476074
6.204999923706055
4.974999904632568
9.496999740600586
4.550000190734863
5.953000068664551
4.113999843597412
3.765000104904175
3.63100004196167
3.2769999504089355
4.170000076293945
5.716000080108643
6.136000156402588
4.947999954223633
3.0739998817443848
6.65500020980835
5.900000095367432
7.000999927520752
6.375999927520752
5.567999839782715
2.6649999618530273
2.9089999198913574
4.110000133514404
4.309999942779541
6.302999973297119
5.861999988555908
8.541000366210938
6.986999988555908
5.9670000076293945
5.789999961853027
6.089000225067139
7.3979997634887695
9.128000259399414
4.796000003814697
7.216000080108643
5.965000152587891
5.7769999504089355
6.49399995803833
8.116999626159668
6.486000061035156
6.948999881744385
4.730999946594238
6.0320000648498535
7.191999912261963
7.5920000076293945
7.025000095367432
5.2769999504089355
