5.664999961853027
9.0649995803833
8.496000289916992
6.14300012588501
6.125
5.008999824523926
6.883999824523926
2.257999897003174
5.21999979019165
5.74399995803833
6.366000175476074
5.677999973297119
6.421000003814697
8.145000457763672
5.603000164031982
5.771999835968018
6.660999774932861
4.090000152587891
5.960999965667725
6.026000022888184
9.593000411987305
8.11400032043457
4.681000232696533
8.720000267028809
5.053999900817871
3.936000108718872
6.466000080108643
6.296999931335449
6.813000202178955
5.938000202178955
6.298999786376953
6.986999988555908
5.598999977111816
4.0289998054504395
4.8420000076293945
5.48199987411499
