4.855999946594238
5.664999961853027
6.14300012588501
6.74399995803833
6.679999828338623
6.824999809265137
7.257999897003174
7.96999979019165
7.408999919891357
7.933000087738037
8.069999694824219
8.227999687194824
6.2729997634887695
10.39900016784668
4.679999828338623
7.480000019073486
7.616000175476074
7.288000106811523
5.335000038146973
10.449999809265137
5.795000076293945
5.486000061035156
10.78600025177002
7.073999881744385
5.6519999504089355
4.5980000495910645
6.84499979019165
7.881999969482422
6.349999904632568
6.145999908447266
5.394999980926514
6.125
8.180000305175781
8.654999732971191
7.7789998054504395
5.199999809265137
9.262999534606934
6.564000129699707
6.76800012588501
6.24399995803833
9.262999534606934
7.302999973297119
4.809000015258789
9.17300033569336
5.1529998779296875
9.574999809265137
6.418000221252441
6.813000202178955
6.533999919891357
6.236000061035156
8.61400032043457
5.63700008392334
7.7210001945495605
6.8379998207092285
8.03499984741211
6.877999782562256
7.715000152587891
5.677000045776367
4.333000183105469
2.24399995803833
4.38700008392334
6.241000175476074
8.947999954223633
9.072999954223633
7.605999946594238
6.922999858856201
7.479000091552734
6.073999881744385
6.676000118255615
7.88100004196167
8.145000457763672
7.488999843597412
6.479000091552734
5.564000129699707
