5.677999973297119
4.181000232696533
3.072000026702881
10.222000122070312
4.427999973297119
4.999000072479248
4.64900016784668
5.664999961853027
8.496000289916992
8.5
6.14300012588501
7.956999778747559
6.870999813079834
7.645999908447266
4.748000144958496
5.315999984741211
4.947000026702881
7.585999965667725
11.145999908447266
5.795000076293945
5.486000061035156
8.284000396728516
8.364999771118164
6.052000045776367
7.125
6.145999908447266
7.60699987411499
2.257999897003174
5.061999797821045
7.61899995803833
3.2780001163482666
5.21999979019165
7.123000144958496
7.171000003814697
6.204999923706055
6.099999904632568
2.6649999618530273
4.866000175476074
4.681000232696533
4.4679999351501465
5.175000190734863
5.921000003814697
6.421000003814697
8.145000457763672
7.861000061035156
5.603000164031982
7.936999797821045
8.414999961853027
7.500999927520752
5.771999835968018
6.660999774932861
6.6579999923706055
5.168000221252441
4.090000152587891
5.960999965667725
9.420000076293945
6.026000022888184
6.078999996185303
6.302999973297119
5.861999988555908
8.513999938964844
7.168000221252441
6.986999988555908
6.833000183105469
7.11299991607666
6.8429999351501465
6.089000225067139
4.019000053405762
7.3979997634887695
5.584000110626221
3.6710000038146973
7.646999835968018
6.251999855041504
6.020999908447266
6.775000095367432
6.617000102996826
6.486000061035156
5.349999904632568
5.288000106811523
6.435999870300293
6.873000144958496
8.020999908447266
8.029999732971191
5.015999794006348
3.5969998836517334
5.025000095367432
6.146999835968018
8.428999900817871
4.0370001792907715
4.436999797821045
7.006999969482422
7.951000213623047
6.880000114440918
7.771999835968018
6.4629998207092285
5.809000015258789
7.489999771118164
5.820000171661377
6.955999851226807
5.867000102996826
6.103000164031982
8.361000061035156
7.811999797821045
7.98199987411499
7.559000015258789
7.256999969482422
3.4619998931884766
5.02400016784668
5.978000164031982
8.706999778747559
6.131999969482422
6.97599983215332
7.0289998054504395
6.250999927520752
5.88100004196167
4.785999774932861
7.6620001792907715
6.129000186920166
8.729999542236328
4.5289998054504395
7.854000091552734
5.410999774932861
6.590000152587891
7.0960001945495605
7.060999870300293
3.9010000228881836
5.736000061035156
7.739999771118164
4.6539998054504395
3.7060000896453857
3.680000066757202
8.939000129699707
7.623000144958496
5.7210001945495605
2.936000108718872
7.196000099182129
8.006999969482422
7.631999969482422
7.377999782562256
4.590000152587891
7.448999881744385
2.8340001106262207
2.7820000648498535
4.550000190734863
6.961999893188477
6.451000213623047
4.0879998207092285
5.5269999504089355
5.622000217437744
6.830999851226807
5.919000148773193
6.375
3.3420000076293945
6.751999855041504
4.394999980926514
4.980000019073486
3.193000078201294
8.088000297546387
3.990999937057495
5.801000118255615
7.833000183105469
5.388000011444092
7.590000152587891
6.098999977111816
7.61299991607666
7.25600004196167
5.579999923706055
7.340000152587891
7.505000114440918
4.7129998207092285
6.940999984741211
6.078999996185303
6.53000020980835
6.377999782562256
4.960999965667725
3.806999921798706
5.480999946594238
5.934999942779541
7.796000003814697
7.27400016784668
8.336999893188477
3.2909998893737793
4.6539998054504395
4.353000164031982
3.325000047683716
4.877999782562256
5.13100004196167
5.769000053405762
5.7769999504089355
9.685999870300293
7.51800012588501
6.561999797821045
8.564000129699707
5.3420000076293945
7.334000110626221
