4.181000232696533
3.072000026702881
4.8379998207092285
4.025000095367432
10.222000122070312
9.593000411987305
5.664999961853027
6.690999984741211
9.0649995803833
8.496000289916992
7.26200008392334
7.34499979019165
11.145999908447266
6.125
5.008999824523926
8.284000396728516
6.051000118255615
8.364999771118164
6.052000045776367
7.611999988555908
6.145999908447266
6.883999824523926
7.60699987411499
2.257999897003174
4.742000102996826
5.061999797821045
7.61899995803833
5.315000057220459
8.11400032043457
5.21999979019165
5.74399995803833
7.171000003814697
6.366000175476074
6.204999923706055
2.6649999618530273
4.866000175476074
5.175000190734863
9.704999923706055
6.421000003814697
6.696000099182129
5.863999843597412
9.859000205993652
8.145000457763672
4.304999828338623
7.260000228881836
6.479000091552734
5.603000164031982
6.064000129699707
5.066999912261963
8.414999961853027
6.660999774932861
5.644000053405762
4.090000152587891
5.960999965667725
6.026000022888184
7.459000110626221
8.791999816894531
6.986999988555908
9.619000434875488
6.8429999351501465
5.789999961853027
6.089000225067139
8.026000022888184
9.128000259399414
6.223999977111816
3.6710000038146973
7.646999835968018
8.116999626159668
6.617000102996826
6.486000061035156
5.815999984741211
5.349999904632568
5.288000106811523
6.435999870300293
6.873000144958496
6.892000198364258
7.02400016784668
7.546999931335449
8.020999908447266
6.114999771118164
8.029999732971191
6.146999835968018
8.428999900817871
4.0370001792907715
7.63700008392334
6.247000217437744
7.006999969482422
6.880000114440918
7.771999835968018
6.4629998207092285
5.809000015258789
7.489999771118164
5.820000171661377
7.203999996185303
6.955999851226807
5.867000102996826
6.414000034332275
6.543000221252441
7.559000015258789
7.256999969482422
3.4619998931884766
6.8429999351501465
6.520999908447266
3.7160000801086426
6.218999862670898
4.771999835968018
6.63100004196167
5.7270002365112305
8.039999961853027
8.666000366210938
8.706999778747559
7.000999927520752
7.5279998779296875
5.679999828338623
4.785999774932861
5.922999858856201
6.129000186920166
4.124000072479248
8.729999542236328
4.017000198364258
6.257999897003174
4.5289998054504395
7.499000072479248
7.191999912261963
7.854000091552734
5.410999774932861
6.590000152587891
7.0960001945495605
3.9010000228881836
5.736000061035156
7.025000095367432
7.739999771118164
3.7060000896453857
7.193999767303467
8.939000129699707
7.158999919891357
7.623000144958496
5.7210001945495605
2.936000108718872
2.8440001010894775
7.196000099182129
7.2729997634887695
7.631999969482422
7.377999782562256
5.13700008392334
2.7100000381469727
4.590000152587891
4.550000190734863
6.507999897003174
6.961999893188477
6.492000102996826
6.451000213623047
4.0879998207092285
7.810999870300293
5.622000217437744
3.3420000076293945
6.751999855041504
4.980000019073486
8.088000297546387
5.204999923706055
3.990999937057495
5.801000118255615
4.38700008392334
7.590000152587891
7.88100004196167
11.98900032043457
5.650000095367432
6.098999977111816
6.293000221252441
5.579999923706055
7.089000225067139
7.789000034332275
7.505000114440918
4.7129998207092285
7.218999862670898
7.396999835968018
4.650000095367432
4.333000183105469
7.593999862670898
5.2170000076293945
4.265999794006348
7.820000171661377
5.11899995803833
8.317000389099121
4.4029998779296875
4.938000202178955
6.296000003814697
7.005000114440918
4.960999965667725
3.806999921798706
5.480999946594238
6.26800012588501
6.27400016784668
5.934999942779541
8.626999855041504
7.796000003814697
7.215000152587891
7.27400016784668
8.336999893188477
8.715999603271484
7.35699987411499
6.140999794006348
6.216000080108643
4.353000164031982
3.325000047683716
2.5759999752044678
4.28000020980835
4.784999847412109
5.058000087738037
5.385000228881836
5.104000091552734
4.567999839782715
4.181000232696533
4.800000190734863
8.432999610900879
7.929999828338623
2.450000047683716
3.7829999923706055
4.877999782562256
5.13100004196167
5.249000072479248
7.51800012588501
6.566999912261963
6.447000026702881
8.92199993133545
8.618000030517578
6.433000087738037
4.275000095367432
7.120999813079834
6.9770002365112305
7.935999870300293
10.354000091552734
10.829000473022461
7.224999904632568
6.7779998779296875
8.564000129699707
4.945000171661377
8.760000228881836
8.151000022888184
4.550000190734863
5.269999980926514
8.352999687194824
8.680000305175781
9.041999816894531
7.086999893188477
7.131999969482422
7.383999824523926
6.9070000648498535
7.888000011444092
6.354000091552734
5.658999919891357
8.003000259399414
7.40500020980835
3.190000057220459
6.186999797821045
6.607999801635742
3.256999969482422
4.10099983215332
6.614999771118164
6.302000045776367
5.74399995803833
6.446000099182129
6.541999816894531
4.948999881744385
6.664999961853027
7.40500020980835
7.054999828338623
7.9770002365112305
7.334000110626221
9.678999900817871
8.49899959564209
5.189000129699707
4.890999794006348
5.074999809265137
5.36299991607666
4.650000095367432
5.913000106811523
8.678000450134277
5.604000091552734
5.209000110626221
4.656000137329102
8.220999717712402
9.600000381469727
6.520999908447266
