6.004000186920166
4.61299991607666
3.5880000591278076
9.652000427246094
3.9089999198913574
5.659999847412109
3.808000087738037
5.415999889373779
8.236000061035156
8.059000015258789
5.894999980926514
7.5269999504089355
5.668000221252441
8.086000442504883
3.6589999198913574
5.614999771118164
3.9719998836517334
6.747000217437744
10.96399974822998
6.210000038146973
4.9029998779296875
8.190999984741211
7.75
5.672999858856201
7.156000137329102
7.78000020980835
7.321000099182129
2.11899995803833
6.071000099182129
7.251999855041504
3.6059999465942383
6.263999938964844
6.870999813079834
7.208000183105469
6.2870001792907715
6.306000232696533
2.260999917984009
4.681000232696533
4.538000106811523
4.339000225067139
4.9079999923706055
6.3520002365112305
6.635000228881836
9.192000389099121
8.470000267028809
5.229000091552734
7.418000221252441
7.900000095367432
7.552999973297119
7.341000080108643
7.38100004196167
7.511000156402588
5.699999809265137
4.623000144958496
6.758999824523926
9.067999839782715
6.672999858856201
6.189000129699707
5.568999767303467
5.329999923706055
7.9629998207092285
7.9730000495910645
7.081999778747559
5.659999847412109
6.710000038146973
6.5879998207092285
6.343999862670898
3.9690001010894775
6.888000011444092
4.453000068664551
2.7119998931884766
7.989999771118164
5.478000164031982
5.699999809265137
6.513999938964844
6.224999904632568
7.138999938964844
6.01200008392334
5.046000003814697
5.665999889373779
6.6529998779296875
7.6570000648498535
8.237000465393066
5.705999851226807
3.8369998931884766
5.684000015258789
5.808000087738037
7.999000072479248
4.446000099182129
4.732999801635742
7.25
7.533999919891357
7.479000091552734
7.65500020980835
6.079999923706055
6.109000205993652
7.046999931335449
6.568999767303467
7.0320000648498535
6.301000118255615
7.254000186920166
8.395999908447266
8.145999908447266
7.824999809265137
6.635000228881836
7.203999996185303
3.7360000610351562
4.921999931335449
5.473999977111816
8.720999717712402
6.124000072479248
7.083000183105469
5.961999893188477
6.007999897003174
5.423999786376953
4.843999862670898
7.629000186920166
6.265999794006348
8.300000190734863
3.615000009536743
7.9770002365112305
5.224999904632568
6.413000106811523
7.446000099182129
7.11899995803833
4.466000080108643
6.486999988555908
7.041999816894531
4.625
3.6080000400543213
3.944999933242798
9.083000183105469
7.8979997634887695
4.09499979019165
2.5840001106262207
6.451000213623047
7.525000095367432
7.672999858856201
7.321000099182129
3.575000047683716
7.642000198364258
3.2219998836517334
2.569000005722046
5.741000175476074
7.267000198364258
7.375
4.252999782562256
5.458000183105469
6.2270002365112305
6.370999813079834
6.539000034332275
4.914999961853027
3.194000005722046
6.401000022888184
5.406000137329102
5.103000164031982
2.4800000190734863
7.88700008392334
3.9700000286102295
4.61899995803833
7.728000164031982
5.455999851226807
8.020999908447266
5.127999782562256
6.113999843597412
6.831999778747559
5.541999816894531
7.025000095367432
7.455999851226807
4.090000152587891
6.316999912261963
6.0970001220703125
6.696000099182129
6.723999977111816
4.556000232696533
3.3440001010894775
6.0289998054504395
6.5
7.881999969482422
7.489999771118164
8.541000366210938
3.191999912261963
4.609000205993652
4.21999979019165
3.0169999599456787
4.681000232696533
5.749000072479248
5.730000019073486
6.065000057220459
9.888999938964844
7.46999979019165
6.294000148773193
8.282999992370605
2.7009999752044678
6.822000026702881
