4.935999870300293
5.177999973297119
6.145999908447266
6.270999908447266
6.15500020980835
6.539000034332275
7.566999912261963
7.5320000648498535
7.784999847412109
8.291000366210938
8.5649995803833
8.880999565124512
6.448999881744385
10.053999900817871
3.694999933242798
6.458000183105469
7.505000114440918
7.604000091552734
4.979000091552734
10.086000442504883
6.1529998779296875
4.815000057220459
10.708999633789062
7.706999778747559
5.86299991607666
4.8429999351501465
7.445000171661377
7.78000020980835
6.105999946594238
6.9710001945495605
3.243000030517578
5.873000144958496
7.73799991607666
8.303000450134277
6.999000072479248
5.321000099182129
8.50100040435791
4.651000022888184
6.869999885559082
4.770999908447266
9.204000473022461
7.966000080108643
5.65500020980835
8.744000434875488
5.25600004196167
9.454999923706055
6.36899995803833
6.495999813079834
6.267000198364258
6.546999931335449
7.784999847412109
5.9730000495910645
7.789000034332275
6.757999897003174
7.644999980926514
6.166999816894531
7.63100004196167
5.616000175476074
4.498000144958496
1.937000036239624
4.453000068664551
5.696000099182129
8.881999969482422
8.736000061035156
7.449999809265137
7.966000080108643
7.341000080108643
5.586999893188477
6.932000160217285
7.839000225067139
8.045999526977539
7.836999893188477
7.26200008392334
6.129000186920166
