3.5190000534057617
4.798999786376953
3.1689999103546143
9.02299976348877
4.681000232696533
5.935999870300293
5.177999973297119
9.779000282287598
4.0279998779296875
5.645999908447266
4.5229997634887695
3.490999937057495
3.5510001182556152
2.618000030517578
3.86299991607666
5.202000141143799
5.8979997634887695
6.168000221252441
2.3389999866485596
6.9770002365112305
5.51200008392334
6.7230000495910645
6.46999979019165
5.78000020980835
2.260999917984009
2.868000030517578
4.0920000076293945
4.906000137329102
5.568999767303467
5.329999923706055
8.170000076293945
7.081999778747559
5.953000068664551
6.5279998779296875
6.343999862670898
6.888000011444092
9.187000274658203
5.534999847412109
6.789999961853027
6.682000160217285
5.820000171661377
6.815999984741211
7.984000205993652
7.138999938964844
5.888000011444092
4.704999923706055
7.02400016784668
6.927999973297119
8.434000015258789
7.066999912261963
4.90500020980835
