4.0229997634887695
3.2339999675750732
4.734000205993652
4.204999923706055
9.781000137329102
9.461999893188477
5.177999973297119
5.960000038146973
8.963000297546387
8.668999671936035
6.357999801635742
6.808000087738037
10.723999977111816
6.056000232696533
4.501999855041504
8.331999778747559
5.571000099182129
7.9770002365112305
5.313000202178955
7.353000164031982
6.9710001945495605
6.35099983215332
6.656000137329102
2.3610000610351562
6.327000141143799
5.775000095367432
6.711999893188477
4.8429999351501465
6.482999801635742
6.138999938964844
5.041999816894531
6.434999942779541
6.215000152587891
6.015999794006348
2.071000099182129
4.4029998779296875
4.816999912261963
9.135000228881836
6.3420000076293945
5.913000106811523
6.039000034332275
8.967000007629395
8.045999526977539
2.8420000076293945
6.978000164031982
7.26200008392334
4.979000091552734
6.857999801635742
4.8480000495910645
7.84499979019165
7.421000003814697
4.789000034332275
5.060999870300293
5.610000133514404
6.020999908447266
6.480999946594238
8.949000358581543
6.598999977111816
9.633999824523926
6.959000110626221
6.821000099182129
6.177000045776367
7.25600004196167
9.029999732971191
5.298999786376953
3.1019999980926514
7.698999881744385
8.229999542236328
6.651000022888184
6.574999809265137
6.001999855041504
6.324999809265137
4.965000152587891
6.610000133514404
6.290999889373779
7.105000019073486
6.468999862670898
7.000999927520752
6.941999912261963
6.145999908447266
8.880000114440918
5.556000232696533
8.319999694824219
5.10699987411499
7.434000015258789
5.504000186920166
6.932000160217285
7.593999862670898
7.420000076293945
6.0
5.311999797821045
7.165999889373779
6.02400016784668
6.664999961853027
6.703999996185303
5.63700008392334
6.243000030517578
5.156000137329102
6.670000076293945
6.519999980926514
3.630000114440918
6.585000038146973
6.556000232696533
3.8959999084472656
6.215000152587891
4.863999843597412
6.868000030517578
5.366000175476074
8.619000434875488
7.84499979019165
8.732000350952148
6.502999782562256
5.561999797821045
6.242000102996826
5.054999828338623
4.936999797821045
5.51800012588501
5.044000148773193
8.395000457763672
4.484000205993652
5.916999816894531
4.679999828338623
7.377999782562256
7.922999858856201
7.880000114440918
4.973999977111816
6.188000202178955
7.296999931335449
4.5879998207092285
5.4629998207092285
6.923999786376953
7.203000068664551
4.2230000495910645
7.5879998207092285
7.998000144958496
7.465000152587891
7.497000217437744
3.8450000286102295
2.7049999237060547
3.640000104904175
6.999000072479248
7.388000011444092
7.836999893188477
7.375
3.872999906539917
2.690000057220459
4.216000080108643
4.492000102996826
6.385000228881836
6.4730000495910645
5.416999816894531
7.306000232696533
3.927999973297119
8.050000190734863
4.807000160217285
2.7730000019073486
5.7769999504089355
5.574999809265137
8.805999755859375
5.15500020980835
3.2899999618530273
4.7820000648498535
4.7779998779296875
8.397000312805176
7.335000038146973
11.369000434875488
6.1539998054504395
6.495999813079834
6.077000141143799
6.3470001220703125
6.9720001220703125
6.848999977111816
7.190000057220459
4.459000110626221
7.60699987411499
7.458000183105469
4.4770002365112305
4.557000160217285
7.650000095367432
6.048999786376953
4.76200008392334
7.789000034332275
4.974999904632568
8.112000465393066
3.3429999351501465
5.341000080108643
6.673999786376953
6.688000202178955
4.751999855041504
3.5339999198913574
5.435999870300293
5.474999904632568
5.991000175476074
6.60699987411499
7.85099983215332
6.473999977111816
7.1620001792907715
6.48799991607666
8.057000160217285
8.317999839782715
6.683000087738037
5.669000148773193
6.35099983215332
4.314000129699707
4.117000102996826
2.8389999866485596
3.444999933242798
5.525000095367432
5.51800012588501
5.572000026702881
3.056999921798706
3.9049999713897705
5.026000022888184
4.486999988555908
7.314000129699707
8.180999755859375
2.6559998989105225
2.371999979019165
5.138999938964844
4.881999969482422
4.4770002365112305
6.875999927520752
5.478000164031982
6.0970001220703125
8.876999855041504
6.993000030517578
6.755000114440918
4.26200008392334
6.63100004196167
7.195000171661377
6.379000186920166
10.812000274658203
11.031999588012695
6.4120001792907715
6.478000164031982
7.855999946594238
5.005000114440918
8.279999732971191
7.900000095367432
4.331999778747559
4.366000175476074
8.491999626159668
7.239999771118164
7.835000038146973
6.923999786376953
6.935999870300293
7.264999866485596
6.583000183105469
7.633999824523926
4.86899995803833
5.355000019073486
7.927000045776367
7.540999889373779
4.465000152587891
6.173999786376953
6.8460001945495605
3.4690001010894775
4.933000087738037
5.239999771118164
6.2769999504089355
5.598999977111816
5.498000144958496
6.431000232696533
3.9549999237060547
6.01200008392334
7.7129998207092285
6.947999954223633
8.098999977111816
6.370999813079834
8.439000129699707
8.312000274658203
4.276000022888184
4.802000045776367
5.9670000076293945
5.925000190734863
6.434000015258789
6.316999912261963
8.472000122070312
5.565999984741211
4.689000129699707
5.0970001220703125
8.447999954223633
9.583999633789062
6.177000045776367
