5.415999889373779
8.984999656677246
8.236000061035156
5.894999980926514
6.383999824523926
5.164999961853027
6.940000057220459
2.11899995803833
6.263999938964844
4.986000061035156
6.546000003814697
6.004000186920166
6.635000228881836
9.192000389099121
5.229000091552734
7.341000080108643
7.38100004196167
4.623000144958496
6.758999824523926
6.672999858856201
9.902000427246094
7.000999927520752
4.538000106811523
9.123000144958496
4.4039998054504395
5.13700008392334
6.923999786376953
6.211999893188477
6.474999904632568
5.701000213623047
5.645999908447266
5.210000038146973
4.942999839782715
3.552999973297119
3.937000036239624
6.27400016784668
