4.61299991607666
3.5880000591278076
5.072999954223633
3.734999895095825
9.652000427246094
9.902000427246094
5.415999889373779
6.051000118255615
8.984999656677246
8.236000061035156
6.7870001792907715
7.302999973297119
10.96399974822998
6.383999824523926
5.164999961853027
8.190999984741211
6.321000099182129
7.75
5.672999858856201
7.0269999504089355
7.78000020980835
6.940000057220459
7.321000099182129
2.11899995803833
6.2769999504089355
6.071000099182129
7.251999855041504
5.048999786376953
7.000999927520752
6.263999938964844
4.986000061035156
7.208000183105469
6.546000003814697
6.2870001792907715
2.260999917984009
4.681000232696533
4.9079999923706055
8.6850004196167
6.635000228881836
6.603000164031982
5.5279998779296875
9.119000434875488
9.192000389099121
4.120999813079834
7.044000148773193
6.129000186920166
5.229000091552734
6.664000034332275
4.9730000495910645
7.900000095367432
7.38100004196167
5.859000205993652
4.623000144958496
6.758999824523926
6.672999858856201
6.552999973297119
8.559000015258789
7.081999778747559
9.02299976348877
6.5879998207092285
6.5279998779296875
6.343999862670898
8.14799976348877
9.187000274658203
6.77400016784668
2.7119998931884766
7.989999771118164
7.984000205993652
6.224999904632568
7.138999938964844
6.171000003814697
6.01200008392334
5.046000003814697
5.665999889373779
6.6529998779296875
6.980000019073486
6.446000099182129
7.360000133514404
7.6570000648498535
6.318999767303467
8.237000465393066
5.808000087738037
7.999000072479248
4.446000099182129
7.645999908447266
6.4120001792907715
7.25
7.479000091552734
7.65500020980835
6.079999923706055
6.109000205993652
7.046999931335449
6.568999767303467
7.179999828338623
7.0320000648498535
6.301000118255615
5.533999919891357
6.546000003814697
6.635000228881836
7.203999996185303
3.7360000610351562
7.336999893188477
7.2870001792907715
3.5280001163482666
6.113999843597412
4.9019999504089355
6.564000129699707
5.304999828338623
7.533999919891357
8.366999626159668
8.720999717712402
6.7230000495910645
6.7210001945495605
6.683000087738037
4.843999862670898
5.515999794006348
7.629000186920166
6.265999794006348
4.216000080108643
8.300000190734863
4.839000225067139
5.874000072479248
3.615000009536743
6.6579999923706055
6.927999973297119
7.9770002365112305
5.224999904632568
6.413000106811523
7.446000099182129
4.466000080108643
6.486999988555908
7.066999912261963
7.041999816894531
3.6080000400543213
7.563000202178955
9.083000183105469
7.435999870300293
7.8979997634887695
4.09499979019165
2.5840001106262207
2.680000066757202
6.451000213623047
7.619999885559082
7.672999858856201
7.321000099182129
3.6549999713897705
3.621000051498413
3.575000047683716
5.741000175476074
6.158999919891357
7.267000198364258
6.171999931335449
7.375
4.252999782562256
7.618000030517578
6.2270002365112305
3.194000005722046
6.401000022888184
5.103000164031982
7.88700008392334
4.931000232696533
3.9700000286102295
4.61899995803833
3.7880001068115234
8.020999908447266
7.859000205993652
10.961000442504883
6.488999843597412
5.127999782562256
6.684999942779541
5.541999816894531
6.936999797821045
7.138999938964844
7.455999851226807
4.090000152587891
7.3480000495910645
7.889999866485596
5.304999828338623
4.046999931335449
7.925000190734863
5.539999961853027
4.164999961853027
7.757999897003174
5.107999801635742
8.208999633789062
4.566999912261963
5.577000141143799
6.066999912261963
7.355000019073486
4.556000232696533
3.3440001010894775
6.0289998054504395
5.671999931335449
6.474999904632568
6.5
7.735000133514404
7.881999969482422
7.123000144958496
7.489999771118164
8.541000366210938
8.170000076293945
7.078999996185303
5.368000030517578
6.761000156402588
4.21999979019165
3.0169999599456787
2.5369999408721924
3.8239998817443848
5.124000072479248
5.534999847412109
4.703999996185303
3.4679999351501465
5.5329999923706055
4.715000152587891
5.111000061035156
7.696000099182129
7.960999965667725
2.372999906539917
2.755000114440918
4.681000232696533
5.749000072479248
4.88700008392334
7.46999979019165
6.693999767303467
6.63700008392334
8.510000228881836
8.003000259399414
6.267000198364258
4.410999774932861
7.4679999351501465
6.84499979019165
6.427000045776367
9.454000473022461
10.064000129699707
7.238999843597412
7.175000190734863
8.282999992370605
4.784999847412109
8.76099967956543
8.36299991607666
5.061999797821045
5.234000205993652
8.607999801635742
8.675999641418457
8.906999588012695
7.506999969482422
6.853000164031982
7.428999900817871
6.188000202178955
7.581999778747559
5.190000057220459
5.6620001792907715
7.77400016784668
7.114999771118164
3.3399999141693115
6.3480000495910645
6.296000003814697
3.1579999923706055
4.5320000648498535
5.583000183105469
6.210999965667725
6.269999980926514
6.7220001220703125
3.628000020980835
3.6989998817443848
7.192999839782715
3.121999979019165
6.302000045776367
4.808000087738037
6.5
7.519999980926514
7.27400016784668
8.991000175476074
6.822000026702881
8.72599983215332
8.128999710083008
5.688000202178955
4.849999904632568
6.994999885559082
5.370999813079834
6.841000080108643
6.506999969482422
8.178000450134277
5.63700008392334
3.9509999752044678
5.1570000648498535
5.585000038146973
9.402999877929688
9.093999862670898
6.204999923706055
