5.625999927520752
4.4079999923706055
3.124000072479248
9.510000228881836
3.4100000858306885
5.196000099182129
3.4210000038146973
5.571000099182129
8.805000305175781
8.484999656677246
6.565000057220459
7.980000019073486
7.316999912261963
7.506999969482422
4.328000068664551
5.864999771118164
4.559999942779541
8.071000099182129
10.741000175476074
6.208000183105469
5.520999908447266
8.503999710083008
7.715000152587891
5.510000228881836
7.494999885559082
7.197000026702881
7.017000198364258
2.5169999599456787
5.835999965667725
7.372000217437744
3.7279999256134033
5.879000186920166
7.28000020980835
6.631999969482422
7.052000045776367
5.613999843597412
3.247999906539917
4.889999866485596
4.822999954223633
5.545000076293945
5.3480000495910645
5.125999927520752
6.49399995803833
7.75600004196167
7.938000202178955
5.540999889373779
7.901000022888184
8.059000015258789
7.999000072479248
7.011000156402588
6.6579999923706055
7.400000095367432
5.026000022888184
4.984000205993652
6.169000148773193
9.163999557495117
6.429999828338623
6.014999866485596
5.919000148773193
5.388999938964844
7.677000045776367
7.02400016784668
8.064000129699707
8.027999877929688
7.586999893188477
7.306000232696533
6.135000228881836
4.370999813079834
6.882999897003174
5.269999980926514
3.368000030517578
8.647000312805176
6.22599983215332
7.446000099182129
7.723999977111816
6.933000087738037
6.38100004196167
6.298999786376953
5.177000045776367
6.011000156402588
7.223999977111816
6.960000038146973
8.069000244140625
5.88100004196167
4.1579999923706055
6.824999809265137
5.607999801635742
8.116000175476074
5.336999893188477
5.109000205993652
7.2179999351501465
8.241000175476074
7.039000034332275
7.791999816894531
5.73799991607666
5.474999904632568
7.438000202178955
6.193999767303467
6.409999847412109
5.857999801635742
6.376999855041504
8.850000381469727
8.623000144958496
8.842000007629395
6.914999961853027
6.678999900817871
3.5739998817443848
4.9120001792907715
5.703000068664551
8.071999549865723
4.593999862670898
7.380000114440918
6.03000020980835
5.451000213623047
6.236999988555908
5.238999843597412
8.553000450134277
5.26200008392334
8.520999908447266
3.7060000896453857
8.32800006866455
5.9710001945495605
6.203999996185303
7.482999801635742
6.539999961853027
4.718999862670898
5.533999919891357
7.491000175476074
4.086999893188477
4.0960001945495605
4.6479997634887695
8.166999816894531
7.723999977111816
5.190999984741211
2.2799999713897705
6.526000022888184
7.224999904632568
7.434000015258789
7.989999771118164
3.500999927520752
7.979000091552734
2.9159998893737793
3.2769999504089355
5.4629998207092285
6.534999847412109
7.578000068664551
4.063000202178955
5.117000102996826
6.36299991607666
6.693999767303467
6.933000087738037
4.994999885559082
2.7019999027252197
6.3420000076293945
4.363999843597412
5.736999988555908
3.5409998893737793
6.973999977111816
3.86299991607666
5.855999946594238
7.809999942779541
6.171000003814697
8.142000198364258
6.989999771118164
6.839000225067139
7.298999786376953
6.326000213623047
6.933000087738037
8.013999938964844
4.306000232696533
6.242000102996826
6.353000164031982
6.309999942779541
7.5920000076293945
5.105000019073486
3.75600004196167
5.742000102996826
6.682000160217285
7.860000133514404
6.723999977111816
8.006999969482422
3.6730000972747803
5.328000068664551
4.703999996185303
3.424999952316284
5.159999847412109
5.414999961853027
6.048999786376953
5.843999862670898
10.314000129699707
7.710000038146973
6.698999881744385
8.154999732971191
3.5409998893737793
6.991000175476074
