5.571000099182129
9.710000038146973
8.805000305175781
6.565000057220459
6.265999794006348
5.388000011444092
6.4670000076293945
2.5169999599456787
5.879000186920166
5.96999979019165
6.2170000076293945
5.625999927520752
6.49399995803833
7.75600004196167
5.540999889373779
7.011000156402588
6.6579999923706055
4.984000205993652
6.169000148773193
6.429999828338623
9.21399974822998
7.164000034332275
4.822999954223633
9.607000350952148
4.796000003814697
5.260000228881836
7.860000133514404
5.992000102996826
5.999000072479248
6.271999835968018
6.202000141143799
5.307000160217285
4.519000053405762
4.919000148773193
4.896999835968018
5.633999824523926
