3.4260001182556152
4.5970001220703125
3.311000108718872
9.67300033569336
4.889999866485596
5.822999954223633
5.353000164031982
9.630999565124512
4.309999942779541
5.676000118255615
4.855999946594238
3.505000114440918
3.553999900817871
2.825000047683716
3.8329999446868896
4.436999797821045
6.4670000076293945
6.355000019073486
2.4489998817443848
6.5879998207092285
5.961999893188477
6.684999942779541
7.999000072479248
5.64300012588501
3.247999906539917
3.069999933242798
4.156000137329102
3.8450000286102295
5.919000148773193
5.388999938964844
8.512999534606934
8.064000129699707
5.291999816894531
5.947000026702881
6.135000228881836
6.882999897003174
8.392000198364258
5.510000228881836
5.7820000648498535
6.0289998054504395
5.704999923706055
7.198999881744385
8.484000205993652
6.38100004196167
6.752999782562256
4.321000099182129
6.928999900817871
7.890999794006348
6.684000015258789
6.61899995803833
4.385000228881836
