4.4079999923706055
3.124000072479248
4.890999794006348
4.3429999351501465
9.510000228881836
9.21399974822998
5.571000099182129
6.557000160217285
9.710000038146973
8.805000305175781
6.543000221252441
6.915999889373779
10.741000175476074
6.265999794006348
5.388000011444092
8.503999710083008
5.7210001945495605
7.715000152587891
5.510000228881836
7.052000045776367
7.197000026702881
6.4670000076293945
7.017000198364258
2.5169999599456787
5.894999980926514
5.835999965667725
7.372000217437744
6.620999813079834
7.164000034332275
5.879000186920166
5.96999979019165
6.631999969482422
6.2170000076293945
7.052000045776367
3.247999906539917
4.889999866485596
5.3480000495910645
8.553000450134277
6.49399995803833
6.021999835968018
6.300000190734863
9.062999725341797
7.75600004196167
5.0279998779296875
7.321000099182129
6.122000217437744
5.540999889373779
7.228000164031982
3.134999990463257
8.059000015258789
6.6579999923706055
5.15500020980835
4.984000205993652
6.169000148773193
6.429999828338623
6.973999977111816
7.947999954223633
8.064000129699707
9.67300033569336
7.306000232696533
5.947000026702881
6.135000228881836
8.07800006866455
8.392000198364258
5.901000022888184
3.368000030517578
8.647000312805176
8.484000205993652
6.933000087738037
6.38100004196167
4.919000148773193
6.298999786376953
5.177000045776367
6.011000156402588
7.223999977111816
5.702000141143799
6.035999774932861
8.571000099182129
6.960000038146973
6.034999847412109
8.069000244140625
5.607999801635742
8.116000175476074
5.336999893188477
7.770999908447266
6.2789998054504395
7.2179999351501465
7.039000034332275
7.791999816894531
5.73799991607666
5.474999904632568
7.438000202178955
6.193999767303467
6.642000198364258
6.409999847412109
5.857999801635742
6.98199987411499
5.97599983215332
6.914999961853027
6.678999900817871
3.5739998817443848
6.425000190734863
6.672999858856201
4.210999965667725
5.98199987411499
4.572000026702881
7.4079999923706055
6.239999771118164
9.251999855041504
8.708000183105469
8.071999549865723
6.684999942779541
6.5960001945495605
5.88700008392334
5.238999843597412
6.760000228881836
8.553000450134277
5.26200008392334
4.265999794006348
8.520999908447266
4.49399995803833
5.920000076293945
3.7060000896453857
7.0920000076293945
7.890999794006348
8.32800006866455
5.9710001945495605
6.203999996185303
7.482999801635742
4.718999862670898
5.533999919891357
6.61899995803833
7.491000175476074
4.0960001945495605
7.6539998054504395
8.166999816894531
7.38700008392334
7.723999977111816
5.190999984741211
2.2799999713897705
3.1059999465942383
6.526000022888184
6.854000091552734
7.434000015258789
7.989999771118164
3.884999990463257
2.7920000553131104
3.500999927520752
5.4629998207092285
7.005000114440918
6.534999847412109
6.033999919891357
7.578000068664551
4.063000202178955
7.5370001792907715
6.36299991607666
2.7019999027252197
6.3420000076293945
5.736999988555908
6.973999977111816
5.271999835968018
3.86299991607666
5.855999946594238
5.353000164031982
8.142000198364258
7.940000057220459
11.746999740600586
7.086999893188477
6.989999771118164
7.172999858856201
6.326000213623047
7.077000141143799
6.868000030517578
8.013999938964844
4.306000232696533
7.486999988555908
7.150000095367432
5.00600004196167
4.61299991607666
7.875999927520752
6.139999866485596
4.438000202178955
7.5879998207092285
5.473999977111816
7.583000183105469
4.091000080108643
4.802999973297119
7.289999961853027
6.758999824523926
5.105000019073486
3.75600004196167
5.742000102996826
5.423999786376953
6.4079999923706055
6.682000160217285
7.909999847412109
7.860000133514404
6.867000102996826
6.723999977111816
8.006999969482422
8.038000106811523
7.260000228881836
7.160999774932861
6.706999778747559
4.703999996185303
3.424999952316284
2.8299999237060547
4.008999824523926
5.388999938964844
5.144999980926514
5.434999942779541
4.546000003814697
4.790999889373779
4.488999843597412
4.21999979019165
7.770999908447266
8.168000221252441
3.444000005722046
2.871999979019165
5.159999847412109
5.414999961853027
4.880000114440918
7.710000038146973
5.953000068664551
5.738999843597412
9.112000465393066
8.036999702453613
6.206999778747559
4.826000213623047
7.9710001945495605
7.146999835968018
7.160999774932861
10.588000297546387
10.913999557495117
7.010000228881836
6.942999839782715
8.154999732971191
4.339000225067139
8.446999549865723
7.791999816894531
3.990000009536743
5.890999794006348
7.978000164031982
8.892000198364258
8.96399974822998
6.942999839782715
6.908999919891357
6.853000164031982
7.166999816894531
7.665999889373779
5.98799991607666
5.4019999504089355
7.422999858856201
6.804999828338623
3.4760000705718994
6.25
6.603000164031982
3.193000078201294
4.668000221252441
5.479000091552734
7.423999786376953
6.230999946594238
6.547999858856201
3.6659998893737793
3.6559998989105225
7.558000087738037
3.6510000228881836
6.2129998207092285
4.605000019073486
7.40500020980835
8.729000091552734
7.6620001792907715
7.732999801635742
6.991000175476074
8.800000190734863
8.600000381469727
4.682000160217285
5.560999870300293
6.6020002365112305
5.73199987411499
6.432000160217285
6.26200008392334
8.206999778747559
5.682000160217285
5.239999771118164
5.7210001945495605
5.117000102996826
9.041999816894531
9.685999870300293
5.86299991607666
