4.558000087738037
5.571000099182129
6.565000057220459
6.711999893188477
6.684999942779541
6.671999931335449
7.863999843597412
7.934999942779541
7.376999855041504
8.706000328063965
8.076000213623047
8.82800006866455
6.409999847412109
10.362000465393066
4.546000003814697
7.693999767303467
7.900000095367432
7.90500020980835
3.691999912261963
10.194000244140625
6.208000183105469
5.520999908447266
10.63599967956543
6.690000057220459
5.982999801635742
3.753999948501587
7.486000061035156
7.701000213623047
6.4079999923706055
7.197000026702881
4.535999774932861
6.0
8.489999771118164
8.659000396728516
7.820000171661377
4.144999980926514
9.182999610900879
5.135000228881836
7.197999954223633
5.3429999351501465
10.364999771118164
7.734000205993652
6.0279998779296875
9.541999816894531
3.812999963760376
9.45199966430664
6.501999855041504
6.020999908447266
6.505000114440918
5.9629998207092285
8.199000358581543
6.331999778747559
7.828999996185303
6.89300012588501
7.677000045776367
6.934000015258789
7.664000034332275
6.803999900817871
4.59499979019165
2.3970000743865967
4.511000156402588
6.296999931335449
9.045999526977539
9.204000473022461
7.610000133514404
7.26200008392334
8.060999870300293
6.951000213623047
6.866000175476074
7.948999881744385
7.75600004196167
7.079999923706055
6.122000217437744
7.39300012588501
